#
# There is insufficient memory for the Java Runtime Environment to continue.
# Native memory allocation (malloc) failed to allocate 634416 bytes for Chunk::new
# Possible reasons:
#   The system is out of physical RAM or swap space
#   The process is running with CompressedOops enabled, and the Java Heap may be blocking the growth of the native heap
# Possible solutions:
#   Reduce memory load on the system
#   Increase physical memory or swap space
#   Check if swap backing store is full
#   Decrease Java heap size (-Xmx/-Xms)
#   Decrease number of Java threads
#   Decrease Java thread stack sizes (-Xss)
#   Set larger code cache with -XX:ReservedCodeCacheSize=
#   JVM is running with Unscaled Compressed Oops mode in which the Java heap is
#     placed in the first 4GB address space. The Java Heap base address is the
#     maximum limit for the native heap growth. Please use -XX:HeapBaseMinAddress
#     to set the Java Heap base and to place the Java Heap above 4GB virtual address.
# This output file may be truncated or incomplete.
#
#  Out of Memory Error (arena.cpp:168), pid=9144, tid=8664
#
# JRE version: Java(TM) SE Runtime Environment (21.0.1+12) (build 21.0.1+12-LTS-29)
# Java VM: Java HotSpot(TM) 64-Bit Server VM (21.0.1+12-LTS-29, mixed mode, sharing, tiered, compressed oops, compressed class ptrs, g1 gc, windows-amd64)
# No core dump will be written. Minidumps are not enabled by default on client versions of Windows
#

---------------  S U M M A R Y ------------

Command Line: -ea -Dfile.encoding=UTF-8 -Dstdout.encoding=UTF-8 -Dstderr.encoding=UTF-8 -XX:+ShowCodeDetailsInExceptionMessages org.testng.remote.RemoteTestNG -serport 63556 -protocol json -d C:\Users\Rajpr\eclipse-workspace\Team4_ScrappingHackers\test-output C:\Users\Rajpr\eclipse-workspace\Team4_ScrappingHackers\testng.xml

Host: 11th Gen Intel(R) Core(TM) i5-1135G7 @ 2.40GHz, 8 cores, 7G,  Windows 11 , 64 bit Build 22621 (10.0.22621.3672)
Time: Mon Jul 15 11:20:36 2024 Mountain Daylight Time elapsed time: 84.301547 seconds (0d 0h 1m 24s)

---------------  T H R E A D  ---------------

Current thread (0x000001d53886d690):  JavaThread "C2 CompilerThread0" daemon [_thread_in_native, id=8664, stack(0x000000783a200000,0x000000783a300000) (1024K)]


Current CompileTask:
C2:  84301 4050       4       org.testng.shaded.com.google.gson.stream.JsonWriter::string (171 bytes)

Stack: [0x000000783a200000,0x000000783a300000]
Native frames: (J=compiled Java code, j=interpreted, Vv=VM code, C=native code)
V  [jvm.dll+0x6c9029]
V  [jvm.dll+0x854b81]
V  [jvm.dll+0x856e5e]
V  [jvm.dll+0x857543]
V  [jvm.dll+0x280c06]
V  [jvm.dll+0xc3ead]
V  [jvm.dll+0xc43c3]
V  [jvm.dll+0x3b5732]
V  [jvm.dll+0x382475]
V  [jvm.dll+0x3818ea]
V  [jvm.dll+0x249ad0]
V  [jvm.dll+0x2490b1]
V  [jvm.dll+0x1c9ca1]
V  [jvm.dll+0x2586b9]
V  [jvm.dll+0x256c9a]
V  [jvm.dll+0x3ef1b6]
V  [jvm.dll+0x7fd728]
V  [jvm.dll+0x6c777d]
C  [ucrtbase.dll+0x29333]
C  [KERNEL32.DLL+0x1257d]
C  [ntdll.dll+0x5af28]


---------------  P R O C E S S  ---------------

Threads class SMR info:
_java_thread_list=0x000001d5000d4eb0, length=173, elements={
0x000001d51c158760, 0x000001d538865750, 0x000001d538866470, 0x000001d5388692d0,
0x000001d53886a1c0, 0x000001d53886ac20, 0x000001d538b986a0, 0x000001d53886d690,
0x000001d538ba5fe0, 0x000001d538dda860, 0x000001d538d8d290, 0x000001d57e7ae2c0,
0x000001d57f26fdd0, 0x000001d57f270440, 0x000001d57f4f7000, 0x000001d57f4f7670,
0x000001d57f4f7ce0, 0x000001d57f355190, 0x000001d57f48d760, 0x000001d57f48d0d0,
0x000001d57f48fec0, 0x000001d57f490550, 0x000001d57f48ddf0, 0x000001d57f48eb10,
0x000001d57f48f1a0, 0x000001d57f48f830, 0x000001d500485e40, 0x000001d500483d70,
0x000001d5004871f0, 0x000001d500484a90, 0x000001d5004829c0, 0x000001d500482330,
0x000001d500480f80, 0x000001d500485120, 0x000001d500483050, 0x000001d5004885a0,
0x000001d5004857b0, 0x000001d500486b60, 0x000001d500481610, 0x000001d500481ca0,
0x000001d5004864d0, 0x000001d500487880, 0x000001d5004836e0, 0x000001d500487f10,
0x000001d500484400, 0x000001d5007cc890, 0x000001d5007c9410, 0x000001d5007cae50,
0x000001d5007c79d0, 0x000001d5007cbb70, 0x000001d5007cb4e0, 0x000001d5007cd5b0,
0x000001d5007c9aa0, 0x000001d5007c86f0, 0x000001d5007c8d80, 0x000001d5007ca130,
0x000001d5007c8060, 0x000001d5007ca7c0, 0x000001d5007cc200, 0x000001d5007ccf20,
0x000001d5007cdc40, 0x000001d5007c6cb0, 0x000001d5007ce2d0, 0x000001d5007c7340,
0x000001d50012e2b0, 0x000001d50012f660, 0x000001d50012c1e0, 0x000001d50012efd0,
0x000001d50012a7a0, 0x000001d5001286d0, 0x000001d50012dc20, 0x000001d50012a110,
0x000001d50012c870, 0x000001d50012e940, 0x000001d50012cf00, 0x000001d50012ae30,
0x000001d50012fcf0, 0x000001d500128d60, 0x000001d50012bb50, 0x000001d50012b4c0,
0x000001d5001293f0, 0x000001d500129a80, 0x000001d50012d590, 0x000001d50055d580,
0x000001d50055e930, 0x000001d50055fce0, 0x000001d50055dc10, 0x000001d50055f650,
0x000001d50055cef0, 0x000001d50055efc0, 0x000001d501370fd0, 0x000001d50136ef00,
0x000001d50136fc20, 0x000001d50136f590, 0x000001d501374ae0, 0x000001d5009f90c0,
0x000001d5009f7d10, 0x000001d5009f9750, 0x000001d5009f34e0, 0x000001d5009f83a0,
0x000001d5009f2e50, 0x000001d5009f55b0, 0x000001d5009f5c40, 0x000001d5009f62d0,
0x000001d5009f4890, 0x000001d5009f3b70, 0x000001d5009f6960, 0x000001d501371660,
0x000001d5013730a0, 0x000001d501372a10, 0x000001d501372380, 0x000001d501373dc0,
0x000001d501374450, 0x000001d501375170, 0x000001d50136e1e0, 0x000001d50136e870,
0x000001d5013702b0, 0x000001d5009f6ff0, 0x000001d5009f7680, 0x000001d5009f8a30,
0x000001d5009f27c0, 0x000001d5009f9de0, 0x000001d5009f4f20, 0x000001d5009f4200,
0x000001d50055e2a0, 0x000001d50055c860, 0x000001d501370940, 0x000001d57e023780,
0x000001d57e026570, 0x000001d57e027fb0, 0x000001d57e024b30, 0x000001d57e0230f0,
0x000001d57e025850, 0x000001d57e028640, 0x000001d57e028cd0, 0x000001d57e025ee0,
0x000001d57e026c00, 0x000001d57e029360, 0x000001d57e0299f0, 0x000001d57e027290,
0x000001d57e02a080, 0x000001d57e027920, 0x000001d57e023e10, 0x000001d57e02a710,
0x000001d57e0244a0, 0x000001d57e0251c0, 0x000001d5012336d0, 0x000001d5012308e0,
0x000001d501230f70, 0x000001d501233d60, 0x000001d5012343f0, 0x000001d501232320,
0x000001d50122f530, 0x000001d501231c90, 0x000001d501234a80, 0x000001d501235110,
0x000001d50122e180, 0x000001d501231600, 0x000001d5012329b0, 0x000001d501233040,
0x000001d5012357a0, 0x000001d50122e810, 0x000001d50122eea0, 0x000001d50122fbc0,
0x000001d501230250, 0x000001d500204e90, 0x000001d500205520, 0x000001d5001fec20,
0x000001d500200660, 0x000001d500205bb0, 0x000001d500206240, 0x000001d500203450,
0x000001d5001ff940
}

Java Threads: ( => current thread )
  0x000001d51c158760 JavaThread "main"                              [_thread_blocked, id=18280, stack(0x0000007839400000,0x0000007839500000) (1024K)]
  0x000001d538865750 JavaThread "Reference Handler"          daemon [_thread_blocked, id=17800, stack(0x0000007839c00000,0x0000007839d00000) (1024K)]
  0x000001d538866470 JavaThread "Finalizer"                  daemon [_thread_blocked, id=12896, stack(0x0000007839d00000,0x0000007839e00000) (1024K)]
  0x000001d5388692d0 JavaThread "Signal Dispatcher"          daemon [_thread_blocked, id=20968, stack(0x0000007839e00000,0x0000007839f00000) (1024K)]
  0x000001d53886a1c0 JavaThread "Attach Listener"            daemon [_thread_blocked, id=12008, stack(0x0000007839f00000,0x000000783a000000) (1024K)]
  0x000001d53886ac20 JavaThread "Service Thread"             daemon [_thread_blocked, id=14468, stack(0x000000783a000000,0x000000783a100000) (1024K)]
  0x000001d538b986a0 JavaThread "Monitor Deflation Thread"   daemon [_thread_blocked, id=16572, stack(0x000000783a100000,0x000000783a200000) (1024K)]
=>0x000001d53886d690 JavaThread "C2 CompilerThread0"         daemon [_thread_in_native, id=8664, stack(0x000000783a200000,0x000000783a300000) (1024K)]
  0x000001d538ba5fe0 JavaThread "C1 CompilerThread0"         daemon [_thread_in_native, id=20464, stack(0x000000783a300000,0x000000783a400000) (1024K)]
  0x000001d538dda860 JavaThread "Notification Thread"        daemon [_thread_blocked, id=6012, stack(0x000000783a400000,0x000000783a500000) (1024K)]
  0x000001d538d8d290 JavaThread "Common-Cleaner"             daemon [_thread_blocked, id=21804, stack(0x000000783a500000,0x000000783a600000) (1024K)]
  0x000001d57e7ae2c0 JavaThread "ReaderThread"                      [_thread_in_native, id=21892, stack(0x000000783a800000,0x000000783a900000) (1024K)]
  0x000001d57f26fdd0 JavaThread "Forwarding newSession on session null to remote"        [_thread_blocked, id=20192, stack(0x000000783ae00000,0x000000783af00000) (1024K)]
  0x000001d57f270440 JavaThread "Forwarding newSession on session null to remote"        [_thread_blocked, id=19604, stack(0x000000783af00000,0x000000783b000000) (1024K)]
  0x000001d57f4f7000 JavaThread "Forwarding newSession on session null to remote"        [_thread_blocked, id=2840, stack(0x000000783b000000,0x000000783b100000) (1024K)]
  0x000001d57f4f7670 JavaThread "Forwarding newSession on session null to remote"        [_thread_blocked, id=13872, stack(0x000000783b100000,0x000000783b200000) (1024K)]
  0x000001d57f4f7ce0 JavaThread "Forwarding newSession on session null to remote"        [_thread_blocked, id=15364, stack(0x000000783b200000,0x000000783b300000) (1024K)]
  0x000001d57f355190 JavaThread "TestNG-PoolService-5"              [_thread_in_vm, id=14256, stack(0x000000783b300000,0x000000783b400000) (1024K)]
  0x000001d57f48d760 JavaThread "Forwarding newSession on session null to remote"        [_thread_blocked, id=17468, stack(0x000000783b400000,0x000000783b500000) (1024K)]
  0x000001d57f48d0d0 JavaThread "Forwarding newSession on session null to remote"        [_thread_blocked, id=20260, stack(0x000000783b700000,0x000000783b800000) (1024K)]
  0x000001d57f48fec0 JavaThread "Forwarding newSession on session null to remote"        [_thread_blocked, id=8764, stack(0x000000783b800000,0x000000783b900000) (1024K)]
  0x000001d57f490550 JavaThread "Forwarding newSession on session null to remote"        [_thread_blocked, id=21680, stack(0x000000783b900000,0x000000783ba00000) (1024K)]
  0x000001d57f48ddf0 JavaThread "ForkJoinPool.commonPool-worker-1" daemon [_thread_blocked, id=9468, stack(0x000000783bb00000,0x000000783bc00000) (1024K)]
  0x000001d57f48eb10 JavaThread "HttpClient-8-SelectorManager" daemon [_thread_in_native, id=22048, stack(0x000000783bc00000,0x000000783bd00000) (1024K)]
  0x000001d57f48f1a0 JavaThread "HttpClient-3-SelectorManager" daemon [_thread_in_native, id=21788, stack(0x000000783bd00000,0x000000783be00000) (1024K)]
  0x000001d57f48f830 JavaThread "HttpClient-4-SelectorManager" daemon [_thread_in_native, id=18264, stack(0x000000783be00000,0x000000783bf00000) (1024K)]
  0x000001d500485e40 JavaThread "HttpClient-1-SelectorManager" daemon [_thread_in_native, id=19900, stack(0x000000783bf00000,0x000000783c000000) (1024K)]
  0x000001d500483d70 JavaThread "HttpClient-2-SelectorManager" daemon [_thread_in_native, id=19204, stack(0x000000783c000000,0x000000783c100000) (1024K)]
  0x000001d5004871f0 JavaThread "HttpClient-9-SelectorManager" daemon [_thread_in_native, id=22372, stack(0x000000783c100000,0x000000783c200000) (1024K)]
  0x000001d500484a90 JavaThread "HttpClient-10-SelectorManager" daemon [_thread_in_native, id=12012, stack(0x000000783c200000,0x000000783c300000) (1024K)]
  0x000001d5004829c0 JavaThread "HttpClient-5-SelectorManager" daemon [_thread_in_native, id=10556, stack(0x000000783c300000,0x000000783c400000) (1024K)]
  0x000001d500482330 JavaThread "HttpClient-6-SelectorManager" daemon [_thread_in_native, id=18920, stack(0x000000783c400000,0x000000783c500000) (1024K)]
  0x000001d500480f80 JavaThread "HttpClient-7-SelectorManager" daemon [_thread_in_native, id=17892, stack(0x000000783c500000,0x000000783c600000) (1024K)]
  0x000001d500485120 JavaThread "External Process Output Forwarder - C:\Users\Rajpr\.cache\selenium\geckodriver\win64\0.34.0\geckodriver.exe"        [_thread_in_native, id=4420, stack(0x000000783ba00000,0x000000783bb00000) (1024K)]
  0x000001d500483050 JavaThread "Driver Service Executor"    daemon [_thread_blocked, id=8056, stack(0x000000783c600000,0x000000783c700000) (1024K)]
  0x000001d5004885a0 JavaThread "Driver Service Executor"    daemon [_thread_blocked, id=19996, stack(0x000000783c700000,0x000000783c800000) (1024K)]
  0x000001d5004857b0 JavaThread "External Process Output Forwarder - C:\Users\Rajpr\.cache\selenium\geckodriver\win64\0.34.0\geckodriver.exe"        [_thread_in_native, id=19884, stack(0x000000783c800000,0x000000783c900000) (1024K)]
  0x000001d500486b60 JavaThread "Driver Service Executor"    daemon [_thread_blocked, id=18308, stack(0x000000783c900000,0x000000783ca00000) (1024K)]
  0x000001d500481610 JavaThread "Driver Service Executor"    daemon [_thread_blocked, id=18928, stack(0x000000783ca00000,0x000000783cb00000) (1024K)]
  0x000001d500481ca0 JavaThread "External Process Output Forwarder - C:\Users\Rajpr\.cache\selenium\geckodriver\win64\0.34.0\geckodriver.exe"        [_thread_in_native, id=1132, stack(0x000000783cb00000,0x000000783cc00000) (1024K)]
  0x000001d5004864d0 JavaThread "Driver Service Executor"    daemon [_thread_blocked, id=19112, stack(0x000000783cc00000,0x000000783cd00000) (1024K)]
  0x000001d500487880 JavaThread "Driver Service Executor"    daemon [_thread_blocked, id=19580, stack(0x000000783cd00000,0x000000783ce00000) (1024K)]
  0x000001d5004836e0 JavaThread "External Process Output Forwarder - C:\Users\Rajpr\.cache\selenium\geckodriver\win64\0.34.0\geckodriver.exe"        [_thread_in_native, id=3852, stack(0x000000783ce00000,0x000000783cf00000) (1024K)]
  0x000001d500487f10 JavaThread "Driver Service Executor"    daemon [_thread_blocked, id=20652, stack(0x000000783cf00000,0x000000783d000000) (1024K)]
  0x000001d500484400 JavaThread "Driver Service Executor"    daemon [_thread_blocked, id=12328, stack(0x000000783d000000,0x000000783d100000) (1024K)]
  0x000001d5007cc890 JavaThread "External Process Output Forwarder - C:\Users\Rajpr\.cache\selenium\geckodriver\win64\0.34.0\geckodriver.exe"        [_thread_in_native, id=19092, stack(0x000000783d100000,0x000000783d200000) (1024K)]
  0x000001d5007c9410 JavaThread "Driver Service Executor"    daemon [_thread_blocked, id=11092, stack(0x000000783d200000,0x000000783d300000) (1024K)]
  0x000001d5007cae50 JavaThread "Driver Service Executor"    daemon [_thread_blocked, id=22356, stack(0x000000783d300000,0x000000783d400000) (1024K)]
  0x000001d5007c79d0 JavaThread "External Process Output Forwarder - C:\Users\Rajpr\.cache\selenium\geckodriver\win64\0.34.0\geckodriver.exe"        [_thread_in_native, id=7616, stack(0x000000783d400000,0x000000783d500000) (1024K)]
  0x000001d5007cbb70 JavaThread "Driver Service Executor"    daemon [_thread_blocked, id=20048, stack(0x000000783d500000,0x000000783d600000) (1024K)]
  0x000001d5007cb4e0 JavaThread "Driver Service Executor"    daemon [_thread_blocked, id=21412, stack(0x000000783d600000,0x000000783d700000) (1024K)]
  0x000001d5007cd5b0 JavaThread "External Process Output Forwarder - C:\Users\Rajpr\.cache\selenium\geckodriver\win64\0.34.0\geckodriver.exe"        [_thread_in_native, id=8436, stack(0x000000783d700000,0x000000783d800000) (1024K)]
  0x000001d5007c9aa0 JavaThread "Driver Service Executor"    daemon [_thread_blocked, id=3652, stack(0x000000783d800000,0x000000783d900000) (1024K)]
  0x000001d5007c86f0 JavaThread "Driver Service Executor"    daemon [_thread_blocked, id=2844, stack(0x000000783d900000,0x000000783da00000) (1024K)]
  0x000001d5007c8d80 JavaThread "External Process Output Forwarder - C:\Users\Rajpr\.cache\selenium\geckodriver\win64\0.34.0\geckodriver.exe"        [_thread_in_native, id=21624, stack(0x000000783da00000,0x000000783db00000) (1024K)]
  0x000001d5007ca130 JavaThread "Driver Service Executor"    daemon [_thread_blocked, id=2268, stack(0x000000783db00000,0x000000783dc00000) (1024K)]
  0x000001d5007c8060 JavaThread "Driver Service Executor"    daemon [_thread_blocked, id=19228, stack(0x000000783dc00000,0x000000783dd00000) (1024K)]
  0x000001d5007ca7c0 JavaThread "External Process Output Forwarder - C:\Users\Rajpr\.cache\selenium\geckodriver\win64\0.34.0\geckodriver.exe"        [_thread_in_native, id=13612, stack(0x000000783dd00000,0x000000783de00000) (1024K)]
  0x000001d5007cc200 JavaThread "Driver Service Executor"    daemon [_thread_blocked, id=16412, stack(0x000000783de00000,0x000000783df00000) (1024K)]
  0x000001d5007ccf20 JavaThread "Driver Service Executor"    daemon [_thread_blocked, id=12864, stack(0x000000783df00000,0x000000783e000000) (1024K)]
  0x000001d5007cdc40 JavaThread "External Process Output Forwarder - C:\Users\Rajpr\.cache\selenium\geckodriver\win64\0.34.0\geckodriver.exe"        [_thread_in_native, id=10480, stack(0x000000783e000000,0x000000783e100000) (1024K)]
  0x000001d5007c6cb0 JavaThread "Driver Service Executor"    daemon [_thread_blocked, id=12128, stack(0x000000783e100000,0x000000783e200000) (1024K)]
  0x000001d5007ce2d0 JavaThread "Driver Service Executor"    daemon [_thread_blocked, id=11484, stack(0x000000783e200000,0x000000783e300000) (1024K)]
  0x000001d5007c7340 JavaThread "pool-4-thread-1"                   [_thread_blocked, id=21728, stack(0x000000783e400000,0x000000783e500000) (1024K)]
  0x000001d50012e2b0 JavaThread "pool-1-thread-1"                   [_thread_blocked, id=20296, stack(0x000000783e500000,0x000000783e600000) (1024K)]
  0x000001d50012f660 JavaThread "pool-3-thread-1"                   [_thread_blocked, id=17980, stack(0x000000783e600000,0x000000783e700000) (1024K)]
  0x000001d50012c1e0 JavaThread "pool-10-thread-1"                  [_thread_blocked, id=17440, stack(0x000000783e700000,0x000000783e800000) (1024K)]
  0x000001d50012efd0 JavaThread "pool-2-thread-1"                   [_thread_blocked, id=22376, stack(0x000000783e800000,0x000000783e900000) (1024K)]
  0x000001d50012a7a0 JavaThread "pool-7-thread-1"                   [_thread_blocked, id=20468, stack(0x000000783e900000,0x000000783ea00000) (1024K)]
  0x000001d5001286d0 JavaThread "pool-6-thread-1"                   [_thread_blocked, id=2964, stack(0x000000783ea00000,0x000000783eb00000) (1024K)]
  0x000001d50012dc20 JavaThread "pool-5-thread-1"                   [_thread_blocked, id=11884, stack(0x000000783eb00000,0x000000783ec00000) (1024K)]
  0x000001d50012a110 JavaThread "pool-8-thread-1"                   [_thread_blocked, id=21852, stack(0x000000783ec00000,0x000000783ed00000) (1024K)]
  0x000001d50012c870 JavaThread "pool-9-thread-1"                   [_thread_blocked, id=19232, stack(0x000000783ed00000,0x000000783ee00000) (1024K)]
  0x000001d50012e940 JavaThread "pool-8-thread-2"                   [_thread_blocked, id=4684, stack(0x000000783ee00000,0x000000783ef00000) (1024K)]
  0x000001d50012cf00 JavaThread "pool-6-thread-2"                   [_thread_blocked, id=8584, stack(0x000000783ef00000,0x000000783f000000) (1024K)]
  0x000001d50012ae30 JavaThread "pool-5-thread-2"                   [_thread_blocked, id=18404, stack(0x000000783f000000,0x000000783f100000) (1024K)]
  0x000001d50012fcf0 JavaThread "pool-2-thread-2"                   [_thread_blocked, id=18024, stack(0x000000783f100000,0x000000783f200000) (1024K)]
  0x000001d500128d60 JavaThread "pool-10-thread-2"                  [_thread_blocked, id=14008, stack(0x000000783f200000,0x000000783f300000) (1024K)]
  0x000001d50012bb50 JavaThread "pool-7-thread-2"                   [_thread_blocked, id=8848, stack(0x000000783f300000,0x000000783f400000) (1024K)]
  0x000001d50012b4c0 JavaThread "pool-1-thread-2"                   [_thread_blocked, id=21108, stack(0x000000783f400000,0x000000783f500000) (1024K)]
  0x000001d5001293f0 JavaThread "pool-3-thread-2"                   [_thread_blocked, id=20888, stack(0x000000783f500000,0x000000783f600000) (1024K)]
  0x000001d500129a80 JavaThread "pool-9-thread-2"                   [_thread_blocked, id=14788, stack(0x000000783f600000,0x000000783f700000) (1024K)]
  0x000001d50012d590 JavaThread "pool-4-thread-2"                   [_thread_blocked, id=12156, stack(0x000000783f700000,0x000000783f800000) (1024K)]
  0x000001d50055d580 JavaThread "ForkJoinPool.commonPool-worker-3" daemon [_thread_blocked, id=12988, stack(0x000000783f900000,0x000000783fa00000) (1024K)]
  0x000001d50055e930 JavaThread "ForkJoinPool.commonPool-worker-4" daemon [_thread_blocked, id=23352, stack(0x000000783fa00000,0x000000783fb00000) (1024K)]
  0x000001d50055fce0 JavaThread "ForkJoinPool.commonPool-worker-2" daemon [_thread_blocked, id=23296, stack(0x000000783fb00000,0x000000783fc00000) (1024K)]
  0x000001d50055dc10 JavaThread "HttpClient-11-SelectorManager" daemon [_thread_in_native, id=1188, stack(0x000000783fc00000,0x000000783fd00000) (1024K)]
  0x000001d50055f650 JavaThread "HttpClient-18-SelectorManager" daemon [_thread_in_native, id=28040, stack(0x000000783fd00000,0x000000783fe00000) (1024K)]
  0x000001d50055cef0 JavaThread "HttpClient-13-SelectorManager" daemon [_thread_in_native, id=28572, stack(0x0000007840000000,0x0000007840100000) (1024K)]
  0x000001d50055efc0 JavaThread "HttpClient-19-SelectorManager" daemon [_thread_in_native, id=28556, stack(0x0000007840100000,0x0000007840200000) (1024K)]
  0x000001d501370fd0 JavaThread "HttpClient-12-SelectorManager" daemon [_thread_in_native, id=28676, stack(0x0000007840200000,0x0000007840300000) (1024K)]
  0x000001d50136ef00 JavaThread "HttpClient-14-SelectorManager" daemon [_thread_in_native, id=28684, stack(0x0000007840400000,0x0000007840500000) (1024K)]
  0x000001d50136fc20 JavaThread "HttpClient-17-SelectorManager" daemon [_thread_in_native, id=28700, stack(0x0000007840800000,0x0000007840900000) (1024K)]
  0x000001d50136f590 JavaThread "HttpClient-15-SelectorManager" daemon [_thread_in_native, id=28704, stack(0x0000007840900000,0x0000007840a00000) (1024K)]
  0x000001d501374ae0 JavaThread "HttpClient-16-SelectorManager" daemon [_thread_in_native, id=28716, stack(0x0000007840c00000,0x0000007840d00000) (1024K)]
  0x000001d5009f90c0 JavaThread "ForkJoinPool.commonPool-worker-5" daemon [_thread_blocked, id=28796, stack(0x0000007841d00000,0x0000007841e00000) (1024K)]
  0x000001d5009f7d10 JavaThread "pool-8-thread-3"                   [_thread_blocked, id=28860, stack(0x000000783fe00000,0x000000783ff00000) (1024K)]
  0x000001d5009f9750 JavaThread "pool-4-thread-3"                   [_thread_blocked, id=28864, stack(0x000000783ff00000,0x0000007840000000) (1024K)]
  0x000001d5009f34e0 JavaThread "pool-5-thread-3"                   [_thread_blocked, id=28868, stack(0x0000007840300000,0x0000007840400000) (1024K)]
  0x000001d5009f83a0 JavaThread "pool-6-thread-3"                   [_thread_blocked, id=28872, stack(0x0000007840500000,0x0000007840600000) (1024K)]
  0x000001d5009f2e50 JavaThread "pool-7-thread-3"                   [_thread_blocked, id=28876, stack(0x0000007840600000,0x0000007840700000) (1024K)]
  0x000001d5009f55b0 JavaThread "pool-1-thread-3"                   [_thread_blocked, id=28884, stack(0x0000007840700000,0x0000007840800000) (1024K)]
  0x000001d5009f5c40 JavaThread "pool-2-thread-3"                   [_thread_blocked, id=28888, stack(0x0000007840a00000,0x0000007840b00000) (1024K)]
  0x000001d5009f62d0 JavaThread "pool-10-thread-3"                  [_thread_blocked, id=28892, stack(0x0000007840b00000,0x0000007840c00000) (1024K)]
  0x000001d5009f4890 JavaThread "pool-9-thread-3"                   [_thread_blocked, id=28896, stack(0x0000007840d00000,0x0000007840e00000) (1024K)]
  0x000001d5009f3b70 JavaThread "HttpClient-20-SelectorManager" daemon [_thread_in_native, id=29240, stack(0x0000007840e00000,0x0000007840f00000) (1024K)]
  0x000001d5009f6960 JavaThread "pool-3-thread-3"                   [_thread_blocked, id=28692, stack(0x0000007839100000,0x0000007839200000) (1024K)]
  0x000001d501371660 JavaThread "HttpClient-21-SelectorManager" daemon [_thread_in_native, id=30100, stack(0x0000007840f00000,0x0000007841000000) (1024K)]
  0x000001d5013730a0 JavaThread "HttpClient-23-SelectorManager" daemon [_thread_in_native, id=30104, stack(0x0000007841000000,0x0000007841100000) (1024K)]
  0x000001d501372a10 JavaThread "HttpClient-22-SelectorManager" daemon [_thread_in_native, id=30116, stack(0x0000007841300000,0x0000007841400000) (1024K)]
  0x000001d501372380 JavaThread "External Process Output Forwarder - C:\Users\Rajpr\.cache\selenium\geckodriver\win64\0.34.0\geckodriver.exe"        [_thread_in_native, id=30140, stack(0x0000007839200000,0x0000007839300000) (1024K)]
  0x000001d501373dc0 JavaThread "Driver Service Executor"    daemon [_thread_blocked, id=30144, stack(0x0000007839300000,0x0000007839400000) (1024K)]
  0x000001d501374450 JavaThread "Driver Service Executor"    daemon [_thread_in_native, id=30148, stack(0x0000007841200000,0x0000007841300000) (1024K)]
  0x000001d501375170 JavaThread "HttpClient-25-SelectorManager" daemon [_thread_in_native, id=30152, stack(0x0000007841800000,0x0000007841900000) (1024K)]
  0x000001d50136e1e0 JavaThread "HttpClient-26-SelectorManager" daemon [_thread_in_native, id=30164, stack(0x0000007841900000,0x0000007841a00000) (1024K)]
  0x000001d50136e870 JavaThread "HttpClient-27-SelectorManager" daemon [_thread_in_native, id=30212, stack(0x0000007841400000,0x0000007841500000) (1024K)]
  0x000001d5013702b0 JavaThread "HttpClient-28-SelectorManager" daemon [_thread_in_native, id=30216, stack(0x0000007841a00000,0x0000007841b00000) (1024K)]
  0x000001d5009f6ff0 JavaThread "External Process Output Forwarder - C:\Users\Rajpr\.cache\selenium\geckodriver\win64\0.34.0\geckodriver.exe"        [_thread_in_native, id=30276, stack(0x0000007841b00000,0x0000007841c00000) (1024K)]
  0x000001d5009f7680 JavaThread "HttpClient-24-SelectorManager" daemon [_thread_in_native, id=30280, stack(0x0000007841c00000,0x0000007841d00000) (1024K)]
  0x000001d5009f8a30 JavaThread "Driver Service Executor"    daemon [_thread_blocked, id=30284, stack(0x0000007841600000,0x0000007841700000) (1024K)]
  0x000001d5009f27c0 JavaThread "Driver Service Executor"    daemon [_thread_in_native, id=30288, stack(0x0000007841e00000,0x0000007841f00000) (1024K)]
  0x000001d5009f9de0 JavaThread "HttpClient-30-SelectorManager" daemon [_thread_in_native, id=30292, stack(0x0000007841f00000,0x0000007842000000) (1024K)]
  0x000001d5009f4f20 JavaThread "External Process Output Forwarder - C:\Users\Rajpr\.cache\selenium\geckodriver\win64\0.34.0\geckodriver.exe"        [_thread_in_native, id=30296, stack(0x0000007842000000,0x0000007842100000) (1024K)]
  0x000001d5009f4200 JavaThread "External Process Output Forwarder - C:\Users\Rajpr\.cache\selenium\geckodriver\win64\0.34.0\geckodriver.exe"        [_thread_in_native, id=30300, stack(0x0000007842100000,0x0000007842200000) (1024K)]
  0x000001d50055e2a0 JavaThread "Driver Service Executor"    daemon [_thread_blocked, id=30304, stack(0x0000007842200000,0x0000007842300000) (1024K)]
  0x000001d50055c860 JavaThread "Driver Service Executor"    daemon [_thread_blocked, id=30308, stack(0x0000007842300000,0x0000007842400000) (1024K)]
  0x000001d501370940 JavaThread "Driver Service Executor"    daemon [_thread_in_native, id=30312, stack(0x0000007842400000,0x0000007842500000) (1024K)]
  0x000001d57e023780 JavaThread "HttpClient-29-SelectorManager" daemon [_thread_in_native, id=30324, stack(0x0000007842500000,0x0000007842600000) (1024K)]
  0x000001d57e026570 JavaThread "Driver Service Executor"    daemon [_thread_in_native, id=30328, stack(0x0000007842600000,0x0000007842700000) (1024K)]
  0x000001d57e027fb0 JavaThread "External Process Output Forwarder - C:\Users\Rajpr\.cache\selenium\geckodriver\win64\0.34.0\geckodriver.exe"        [_thread_in_native, id=30364, stack(0x0000007842700000,0x0000007842800000) (1024K)]
  0x000001d57e024b30 JavaThread "Driver Service Executor"    daemon [_thread_blocked, id=30368, stack(0x0000007842800000,0x0000007842900000) (1024K)]
  0x000001d57e0230f0 JavaThread "Driver Service Executor"    daemon [_thread_in_native, id=30372, stack(0x0000007842900000,0x0000007842a00000) (1024K)]
  0x000001d57e025850 JavaThread "External Process Output Forwarder - C:\Users\Rajpr\.cache\selenium\geckodriver\win64\0.34.0\geckodriver.exe"        [_thread_in_native, id=30384, stack(0x0000007842a00000,0x0000007842b00000) (1024K)]
  0x000001d57e028640 JavaThread "Driver Service Executor"    daemon [_thread_blocked, id=30388, stack(0x0000007842b00000,0x0000007842c00000) (1024K)]
  0x000001d57e028cd0 JavaThread "Driver Service Executor"    daemon [_thread_in_native, id=30392, stack(0x0000007842c00000,0x0000007842d00000) (1024K)]
  0x000001d57e025ee0 JavaThread "External Process Output Forwarder - C:\Users\Rajpr\.cache\selenium\geckodriver\win64\0.34.0\geckodriver.exe"        [_thread_in_native, id=30400, stack(0x0000007842d00000,0x0000007842e00000) (1024K)]
  0x000001d57e026c00 JavaThread "Driver Service Executor"    daemon [_thread_blocked, id=30404, stack(0x0000007842e00000,0x0000007842f00000) (1024K)]
  0x000001d57e029360 JavaThread "Driver Service Executor"    daemon [_thread_in_native, id=30408, stack(0x0000007842f00000,0x0000007843000000) (1024K)]
  0x000001d57e0299f0 JavaThread "External Process Output Forwarder - C:\Users\Rajpr\.cache\selenium\geckodriver\win64\0.34.0\geckodriver.exe"        [_thread_in_native, id=30432, stack(0x0000007843000000,0x0000007843100000) (1024K)]
  0x000001d57e027290 JavaThread "Driver Service Executor"    daemon [_thread_blocked, id=30436, stack(0x0000007843100000,0x0000007843200000) (1024K)]
  0x000001d57e02a080 JavaThread "Driver Service Executor"    daemon [_thread_in_native, id=30440, stack(0x0000007843200000,0x0000007843300000) (1024K)]
  0x000001d57e027920 JavaThread "pool-21-thread-1"                  [_thread_blocked, id=30548, stack(0x0000007843300000,0x0000007843400000) (1024K)]
  0x000001d57e023e10 JavaThread "External Process Output Forwarder - C:\Users\Rajpr\.cache\selenium\geckodriver\win64\0.34.0\geckodriver.exe"        [_thread_in_native, id=30560, stack(0x0000007843400000,0x0000007843500000) (1024K)]
  0x000001d57e02a710 JavaThread "Driver Service Executor"    daemon [_thread_blocked, id=30564, stack(0x0000007843500000,0x0000007843600000) (1024K)]
  0x000001d57e0244a0 JavaThread "Driver Service Executor"    daemon [_thread_in_native, id=30568, stack(0x0000007843600000,0x0000007843700000) (1024K)]
  0x000001d57e0251c0 JavaThread "pool-21-thread-2"                  [_thread_blocked, id=30584, stack(0x0000007843700000,0x0000007843800000) (1024K)]
  0x000001d5012336d0 JavaThread "pool-21-thread-3"                  [_thread_blocked, id=30588, stack(0x0000007843800000,0x0000007843900000) (1024K)]
  0x000001d5012308e0 JavaThread "pool-23-thread-1"                  [_thread_blocked, id=30660, stack(0x0000007843900000,0x0000007843a00000) (1024K)]
  0x000001d501230f70 JavaThread "pool-23-thread-2"                  [_thread_blocked, id=30716, stack(0x0000007843a00000,0x0000007843b00000) (1024K)]
  0x000001d501233d60 JavaThread "pool-23-thread-3"                  [_thread_blocked, id=27456, stack(0x0000007843b00000,0x0000007843c00000) (1024K)]
  0x000001d5012343f0 JavaThread "pool-27-thread-1"                  [_thread_blocked, id=22788, stack(0x0000007843c00000,0x0000007843d00000) (1024K)]
  0x000001d501232320 JavaThread "pool-26-thread-1"                  [_thread_blocked, id=23048, stack(0x0000007843d00000,0x0000007843e00000) (1024K)]
  0x000001d50122f530 JavaThread "pool-27-thread-2"                  [_thread_blocked, id=26780, stack(0x0000007843e00000,0x0000007843f00000) (1024K)]
  0x000001d501231c90 JavaThread "pool-26-thread-2"                  [_thread_blocked, id=8224, stack(0x0000007843f00000,0x0000007844000000) (1024K)]
  0x000001d501234a80 JavaThread "pool-26-thread-3"                  [_thread_blocked, id=29016, stack(0x0000007844000000,0x0000007844100000) (1024K)]
  0x000001d501235110 JavaThread "pool-30-thread-1"                  [_thread_blocked, id=25092, stack(0x0000007844100000,0x0000007844200000) (1024K)]
  0x000001d50122e180 JavaThread "pool-22-thread-1"                  [_thread_blocked, id=25420, stack(0x0000007844200000,0x0000007844300000) (1024K)]
  0x000001d501231600 JavaThread "pool-25-thread-1"                  [_thread_blocked, id=29752, stack(0x0000007844300000,0x0000007844400000) (1024K)]
  0x000001d5012329b0 JavaThread "pool-24-thread-1"                  [_thread_blocked, id=29736, stack(0x0000007844400000,0x0000007844500000) (1024K)]
  0x000001d501233040 JavaThread "pool-25-thread-2"                  [_thread_blocked, id=20764, stack(0x0000007844500000,0x0000007844600000) (1024K)]
  0x000001d5012357a0 JavaThread "pool-25-thread-3"                  [_thread_blocked, id=25076, stack(0x0000007844600000,0x0000007844700000) (1024K)]
  0x000001d50122e810 JavaThread "pool-30-thread-2"                  [_thread_blocked, id=29692, stack(0x0000007844700000,0x0000007844800000) (1024K)]
  0x000001d50122eea0 JavaThread "pool-30-thread-3"                  [_thread_blocked, id=28772, stack(0x0000007844800000,0x0000007844900000) (1024K)]
  0x000001d50122fbc0 JavaThread "pool-22-thread-2"                  [_thread_blocked, id=27472, stack(0x0000007844900000,0x0000007844a00000) (1024K)]
  0x000001d501230250 JavaThread "pool-22-thread-3"                  [_thread_blocked, id=28924, stack(0x0000007844a00000,0x0000007844b00000) (1024K)]
  0x000001d500204e90 JavaThread "pool-29-thread-1"                  [_thread_blocked, id=19268, stack(0x0000007844b00000,0x0000007844c00000) (1024K)]
  0x000001d500205520 JavaThread "pool-29-thread-2"                  [_thread_blocked, id=29012, stack(0x0000007844c00000,0x0000007844d00000) (1024K)]
  0x000001d5001fec20 JavaThread "pool-29-thread-3"                  [_thread_blocked, id=25376, stack(0x0000007844d00000,0x0000007844e00000) (1024K)]
  0x000001d500200660 JavaThread "pool-24-thread-2"                  [_thread_blocked, id=29276, stack(0x0000007844e00000,0x0000007844f00000) (1024K)]
  0x000001d500205bb0 JavaThread "pool-24-thread-3"                  [_thread_blocked, id=18452, stack(0x0000007844f00000,0x0000007845000000) (1024K)]
  0x000001d500206240 JavaThread "pool-28-thread-1"                  [_thread_blocked, id=21968, stack(0x0000007845000000,0x0000007845100000) (1024K)]
  0x000001d500203450 JavaThread "pool-28-thread-2"                  [_thread_blocked, id=25172, stack(0x0000007845100000,0x0000007845200000) (1024K)]
  0x000001d5001ff940 JavaThread "pool-28-thread-3"                  [_thread_blocked, id=12736, stack(0x0000007845200000,0x0000007845300000) (1024K)]
Total: 173

Other Threads:
  0x000001d538846840 VMThread "VM Thread"                           [id=21232, stack(0x0000007839b00000,0x0000007839c00000) (1024K)]
  0x000001d53882f7a0 WatcherThread "VM Periodic Task Thread"        [id=21900, stack(0x0000007839a00000,0x0000007839b00000) (1024K)]
  0x000001d51c1b2870 WorkerThread "GC Thread#0"                     [id=20844, stack(0x0000007839500000,0x0000007839600000) (1024K)]
  0x000001d57eeafcb0 WorkerThread "GC Thread#1"                     [id=3100, stack(0x000000783a900000,0x000000783aa00000) (1024K)]
  0x000001d57f1ea4f0 WorkerThread "GC Thread#2"                     [id=22460, stack(0x000000783aa00000,0x000000783ab00000) (1024K)]
  0x000001d57f1eaca0 WorkerThread "GC Thread#3"                     [id=22216, stack(0x000000783ab00000,0x000000783ac00000) (1024K)]
  0x000001d57f200170 WorkerThread "GC Thread#4"                     [id=8744, stack(0x000000783ac00000,0x000000783ad00000) (1024K)]
  0x000001d57f162c50 WorkerThread "GC Thread#5"                     [id=15936, stack(0x000000783ad00000,0x000000783ae00000) (1024K)]
  0x000001d57f163730 WorkerThread "GC Thread#6"                     [id=3568, stack(0x000000783b500000,0x000000783b600000) (1024K)]
  0x000001d57f163390 WorkerThread "GC Thread#7"                     [id=3224, stack(0x000000783b600000,0x000000783b700000) (1024K)]
  0x000001d51c1c3250 ConcurrentGCThread "G1 Main Marker"            [id=8648, stack(0x0000007839600000,0x0000007839700000) (1024K)]
  0x000001d51c1c5870 WorkerThread "G1 Conc#0"                       [id=13088, stack(0x0000007839700000,0x0000007839800000) (1024K)]
  0x000001d57f164210 WorkerThread "G1 Conc#1"                       [id=15792, stack(0x000000783e300000,0x000000783e400000) (1024K)]
  0x000001d51c1feb00 ConcurrentGCThread "G1 Refine#0"               [id=10132, stack(0x0000007839800000,0x0000007839900000) (1024K)]
  0x000001d5387046e0 ConcurrentGCThread "G1 Service"                [id=18352, stack(0x0000007839900000,0x0000007839a00000) (1024K)]
Total: 15

Threads with active compile tasks:
C2 CompilerThread0    84382 4050       4       org.testng.shaded.com.google.gson.stream.JsonWriter::string (171 bytes)
Total: 1

VM state: not at safepoint (normal execution)

VM Mutex/Monitor currently owned by a thread: None

Heap address: 0x0000000082800000, size: 2008 MB, Compressed Oops mode: 32-bit

CDS archive(s) mapped at: [0x000001d539000000-0x000001d539c90000-0x000001d539c90000), size 13172736, SharedBaseAddress: 0x000001d539000000, ArchiveRelocationMode: 1.
Compressed class space mapped at: 0x000001d53a000000-0x000001d57a000000, reserved size: 1073741824
Narrow klass base: 0x000001d539000000, Narrow klass shift: 0, Narrow klass range: 0x100000000

GC Precious Log:
 CardTable entry size: 512
 Card Set container configuration: InlinePtr #cards 5 size 8 Array Of Cards #cards 12 size 40 Howl #buckets 4 coarsen threshold 1843 Howl Bitmap #cards 512 size 80 coarsen threshold 460 Card regions per heap region 1 cards per card region 2048
 CPUs: 8 total, 8 available
 Memory: 8026M
 Large Page Support: Disabled
 NUMA Support: Disabled
 Compressed Oops: Enabled (32-bit)
 Heap Region Size: 1M
 Heap Min Capacity: 8M
 Heap Initial Capacity: 126M
 Heap Max Capacity: 2008M
 Pre-touch: Disabled
 Parallel Workers: 8
 Concurrent Workers: 2
 Concurrent Refinement Workers: 8
 Periodic GC: Disabled

Heap:
 garbage-first heap   total 65536K, used 43037K [0x0000000082800000, 0x0000000100000000)
  region size 1024K, 29 young (29696K), 3 survivors (3072K)
 Metaspace       used 27372K, committed 28288K, reserved 1114112K
  class space    used 4134K, committed 4544K, reserved 1048576K

Heap Regions: E=young(eden), S=young(survivor), O=old, HS=humongous(starts), HC=humongous(continues), CS=collection set, F=free, TAMS=top-at-mark-start, PB=parsable bottom
|   0|0x0000000082800000, 0x0000000082900000, 0x0000000082900000|100%| O|  |TAMS 0x0000000082800000| PB 0x0000000082800000| Untracked 
|   1|0x0000000082900000, 0x0000000082a00000, 0x0000000082a00000|100%| O|  |TAMS 0x0000000082900000| PB 0x0000000082900000| Untracked 
|   2|0x0000000082a00000, 0x0000000082b00000, 0x0000000082b00000|100%| O|  |TAMS 0x0000000082a00000| PB 0x0000000082a00000| Untracked 
|   3|0x0000000082b00000, 0x0000000082c00000, 0x0000000082c00000|100%| O|  |TAMS 0x0000000082b00000| PB 0x0000000082b00000| Untracked 
|   4|0x0000000082c00000, 0x0000000082d00000, 0x0000000082d00000|100%| O|  |TAMS 0x0000000082c00000| PB 0x0000000082c00000| Untracked 
|   5|0x0000000082d00000, 0x0000000082e00000, 0x0000000082e00000|100%| O|  |TAMS 0x0000000082d00000| PB 0x0000000082d00000| Untracked 
|   6|0x0000000082e00000, 0x0000000082f00000, 0x0000000082f00000|100%| O|  |TAMS 0x0000000082e00000| PB 0x0000000082e00000| Untracked 
|   7|0x0000000082f00000, 0x0000000083000000, 0x0000000083000000|100%| O|  |TAMS 0x0000000082f00000| PB 0x0000000082f00000| Untracked 
|   8|0x0000000083000000, 0x0000000083100000, 0x0000000083100000|100%| O|  |TAMS 0x0000000083000000| PB 0x0000000083000000| Untracked 
|   9|0x0000000083100000, 0x0000000083200000, 0x0000000083200000|100%| O|  |TAMS 0x0000000083100000| PB 0x0000000083100000| Untracked 
|  10|0x0000000083200000, 0x0000000083300000, 0x0000000083300000|100%| O|  |TAMS 0x0000000083200000| PB 0x0000000083200000| Untracked 
|  11|0x0000000083300000, 0x0000000083400000, 0x0000000083400000|100%| O|  |TAMS 0x0000000083300000| PB 0x0000000083300000| Untracked 
|  12|0x0000000083400000, 0x0000000083466e08, 0x0000000083500000| 40%| O|Cm|TAMS 0x0000000083400000| PB 0x0000000083400000| Complete 
|  13|0x0000000083500000, 0x0000000083600000, 0x0000000083600000|100%| O|  |TAMS 0x0000000083500000| PB 0x0000000083500000| Untracked 
|  14|0x0000000083600000, 0x0000000083700000, 0x0000000083700000|100%| O|  |TAMS 0x0000000083600000| PB 0x0000000083600000| Untracked 
|  15|0x0000000083700000, 0x0000000083800000, 0x0000000083800000|100%| O|  |TAMS 0x0000000083700000| PB 0x0000000083700000| Untracked 
|  16|0x0000000083800000, 0x000000008384c678, 0x0000000083900000| 29%| O|  |TAMS 0x0000000083800000| PB 0x0000000083800000| Untracked 
|  17|0x0000000083900000, 0x0000000083900000, 0x0000000083a00000|  0%| F|  |TAMS 0x0000000083900000| PB 0x0000000083900000| Untracked 
|  18|0x0000000083a00000, 0x0000000083a00000, 0x0000000083b00000|  0%| F|  |TAMS 0x0000000083a00000| PB 0x0000000083a00000| Untracked 
|  19|0x0000000083b00000, 0x0000000083b00000, 0x0000000083c00000|  0%| F|  |TAMS 0x0000000083b00000| PB 0x0000000083b00000| Untracked 
|  20|0x0000000083c00000, 0x0000000083c00000, 0x0000000083d00000|  0%| F|  |TAMS 0x0000000083c00000| PB 0x0000000083c00000| Untracked 
|  21|0x0000000083d00000, 0x0000000083d00000, 0x0000000083e00000|  0%| F|  |TAMS 0x0000000083d00000| PB 0x0000000083d00000| Untracked 
|  22|0x0000000083e00000, 0x0000000083e00000, 0x0000000083f00000|  0%| F|  |TAMS 0x0000000083e00000| PB 0x0000000083e00000| Untracked 
|  23|0x0000000083f00000, 0x0000000083f541a0, 0x0000000084000000| 32%| S|CS|TAMS 0x0000000083f00000| PB 0x0000000083f00000| Complete 
|  24|0x0000000084000000, 0x0000000084100000, 0x0000000084100000|100%| S|CS|TAMS 0x0000000084000000| PB 0x0000000084000000| Complete 
|  25|0x0000000084100000, 0x0000000084200000, 0x0000000084200000|100%| S|CS|TAMS 0x0000000084100000| PB 0x0000000084100000| Complete 
|  26|0x0000000084200000, 0x0000000084200000, 0x0000000084300000|  0%| F|  |TAMS 0x0000000084200000| PB 0x0000000084200000| Untracked 
|  27|0x0000000084300000, 0x0000000084300000, 0x0000000084400000|  0%| F|  |TAMS 0x0000000084300000| PB 0x0000000084300000| Untracked 
|  28|0x0000000084400000, 0x0000000084400000, 0x0000000084500000|  0%| F|  |TAMS 0x0000000084400000| PB 0x0000000084400000| Untracked 
|  29|0x0000000084500000, 0x0000000084500000, 0x0000000084600000|  0%| F|  |TAMS 0x0000000084500000| PB 0x0000000084500000| Untracked 
|  30|0x0000000084600000, 0x0000000084600000, 0x0000000084700000|  0%| F|  |TAMS 0x0000000084600000| PB 0x0000000084600000| Untracked 
|  31|0x0000000084700000, 0x0000000084700000, 0x0000000084800000|  0%| F|  |TAMS 0x0000000084700000| PB 0x0000000084700000| Untracked 
|  32|0x0000000084800000, 0x0000000084800000, 0x0000000084900000|  0%| F|  |TAMS 0x0000000084800000| PB 0x0000000084800000| Untracked 
|  33|0x0000000084900000, 0x0000000084900000, 0x0000000084a00000|  0%| F|  |TAMS 0x0000000084900000| PB 0x0000000084900000| Untracked 
|  34|0x0000000084a00000, 0x0000000084a00000, 0x0000000084b00000|  0%| F|  |TAMS 0x0000000084a00000| PB 0x0000000084a00000| Untracked 
|  35|0x0000000084b00000, 0x0000000084b00000, 0x0000000084c00000|  0%| F|  |TAMS 0x0000000084b00000| PB 0x0000000084b00000| Untracked 
|  36|0x0000000084c00000, 0x0000000084c00000, 0x0000000084d00000|  0%| F|  |TAMS 0x0000000084c00000| PB 0x0000000084c00000| Untracked 
|  37|0x0000000084d00000, 0x0000000084d00000, 0x0000000084e00000|  0%| F|  |TAMS 0x0000000084d00000| PB 0x0000000084d00000| Untracked 
|  38|0x0000000084e00000, 0x0000000084efac80, 0x0000000084f00000| 97%| E|  |TAMS 0x0000000084e00000| PB 0x0000000084e00000| Complete 
|  39|0x0000000084f00000, 0x0000000085000000, 0x0000000085000000|100%| E|CS|TAMS 0x0000000084f00000| PB 0x0000000084f00000| Complete 
|  40|0x0000000085000000, 0x0000000085100000, 0x0000000085100000|100%| E|CS|TAMS 0x0000000085000000| PB 0x0000000085000000| Complete 
|  41|0x0000000085100000, 0x0000000085200000, 0x0000000085200000|100%| E|CS|TAMS 0x0000000085100000| PB 0x0000000085100000| Complete 
|  42|0x0000000085200000, 0x0000000085300000, 0x0000000085300000|100%| E|CS|TAMS 0x0000000085200000| PB 0x0000000085200000| Complete 
|  43|0x0000000085300000, 0x0000000085400000, 0x0000000085400000|100%| E|CS|TAMS 0x0000000085300000| PB 0x0000000085300000| Complete 
|  44|0x0000000085400000, 0x0000000085500000, 0x0000000085500000|100%| E|CS|TAMS 0x0000000085400000| PB 0x0000000085400000| Complete 
|  45|0x0000000085500000, 0x0000000085600000, 0x0000000085600000|100%| E|CS|TAMS 0x0000000085500000| PB 0x0000000085500000| Complete 
|  46|0x0000000085600000, 0x0000000085700000, 0x0000000085700000|100%| E|CS|TAMS 0x0000000085600000| PB 0x0000000085600000| Complete 
|  47|0x0000000085700000, 0x0000000085800000, 0x0000000085800000|100%| E|CS|TAMS 0x0000000085700000| PB 0x0000000085700000| Complete 
|  48|0x0000000085800000, 0x0000000085900000, 0x0000000085900000|100%| E|CS|TAMS 0x0000000085800000| PB 0x0000000085800000| Complete 
|  49|0x0000000085900000, 0x0000000085a00000, 0x0000000085a00000|100%| E|  |TAMS 0x0000000085900000| PB 0x0000000085900000| Complete 
|  50|0x0000000085a00000, 0x0000000085b00000, 0x0000000085b00000|100%| E|CS|TAMS 0x0000000085a00000| PB 0x0000000085a00000| Complete 
|  51|0x0000000085b00000, 0x0000000085c00000, 0x0000000085c00000|100%| E|CS|TAMS 0x0000000085b00000| PB 0x0000000085b00000| Complete 
|  52|0x0000000085c00000, 0x0000000085d00000, 0x0000000085d00000|100%| E|CS|TAMS 0x0000000085c00000| PB 0x0000000085c00000| Complete 
|  53|0x0000000085d00000, 0x0000000085e00000, 0x0000000085e00000|100%| E|CS|TAMS 0x0000000085d00000| PB 0x0000000085d00000| Complete 
|  54|0x0000000085e00000, 0x0000000085f00000, 0x0000000085f00000|100%| E|CS|TAMS 0x0000000085e00000| PB 0x0000000085e00000| Complete 
|  55|0x0000000085f00000, 0x0000000086000000, 0x0000000086000000|100%| E|CS|TAMS 0x0000000085f00000| PB 0x0000000085f00000| Complete 
|  56|0x0000000086000000, 0x0000000086100000, 0x0000000086100000|100%| E|CS|TAMS 0x0000000086000000| PB 0x0000000086000000| Complete 
|  57|0x0000000086100000, 0x0000000086200000, 0x0000000086200000|100%| E|CS|TAMS 0x0000000086100000| PB 0x0000000086100000| Complete 
| 115|0x0000000089b00000, 0x0000000089c00000, 0x0000000089c00000|100%| E|CS|TAMS 0x0000000089b00000| PB 0x0000000089b00000| Complete 
| 116|0x0000000089c00000, 0x0000000089d00000, 0x0000000089d00000|100%| E|CS|TAMS 0x0000000089c00000| PB 0x0000000089c00000| Complete 
| 117|0x0000000089d00000, 0x0000000089e00000, 0x0000000089e00000|100%| E|CS|TAMS 0x0000000089d00000| PB 0x0000000089d00000| Complete 
| 118|0x0000000089e00000, 0x0000000089f00000, 0x0000000089f00000|100%| E|CS|TAMS 0x0000000089e00000| PB 0x0000000089e00000| Complete 
| 124|0x000000008a400000, 0x000000008a500000, 0x000000008a500000|100%| E|CS|TAMS 0x000000008a400000| PB 0x000000008a400000| Complete 
| 125|0x000000008a500000, 0x000000008a600000, 0x000000008a600000|100%| E|CS|TAMS 0x000000008a500000| PB 0x000000008a500000| Complete 

Card table byte_map: [0x000001d533cc0000,0x000001d5340b0000] _byte_map_base: 0x000001d5338ac000

Marking Bits: (CMBitMap*) 0x000001d51c1b2e70
 Bits: [0x000001d5340b0000, 0x000001d536010000)

Polling page: 0x000001d51a0a0000

Metaspace:

Usage:
  Non-class:     22.69 MB used.
      Class:      4.04 MB used.
       Both:     26.73 MB used.

Virtual space:
  Non-class space:       64.00 MB reserved,      23.19 MB ( 36%) committed,  1 nodes.
      Class space:        1.00 GB reserved,       4.44 MB ( <1%) committed,  1 nodes.
             Both:        1.06 GB reserved,      27.62 MB (  3%) committed. 

Chunk freelists:
   Non-Class:  8.67 MB
       Class:  11.61 MB
        Both:  20.28 MB

MaxMetaspaceSize: unlimited
CompressedClassSpaceSize: 1.00 GB
Initial GC threshold: 21.00 MB
Current GC threshold: 35.12 MB
CDS: on
 - commit_granule_bytes: 65536.
 - commit_granule_words: 8192.
 - virtual_space_node_default_size: 8388608.
 - enlarge_chunks_in_place: 1.
 - use_allocation_guard: 0.


Internal statistics:

num_allocs_failed_limit: 3.
num_arena_births: 1236.
num_arena_deaths: 0.
num_vsnodes_births: 2.
num_vsnodes_deaths: 0.
num_space_committed: 442.
num_space_uncommitted: 0.
num_chunks_returned_to_freelist: 3.
num_chunks_taken_from_freelist: 2397.
num_chunk_merges: 0.
num_chunk_splits: 1399.
num_chunks_enlarged: 579.
num_inconsistent_stats: 0.

CodeHeap 'non-profiled nmethods': size=120000Kb used=1870Kb max_used=1870Kb free=118129Kb
 bounds [0x000001d52c060000, 0x000001d52c2d0000, 0x000001d533590000]
CodeHeap 'profiled nmethods': size=120000Kb used=7988Kb max_used=7988Kb free=112011Kb
 bounds [0x000001d524590000, 0x000001d524d60000, 0x000001d52bac0000]
CodeHeap 'non-nmethods': size=5760Kb used=1735Kb max_used=1787Kb free=4024Kb
 bounds [0x000001d52bac0000, 0x000001d52bd30000, 0x000001d52c060000]
 total_blobs=4699 nmethods=4082 adapters=521
 compilation: enabled
              stopped_count=0, restarted_count=0
 full_count=0

Compilation events (20 events):
Event: 84.256 Thread 0x000001d538ba5fe0 4055       3       java.lang.invoke.LambdaForm$MH/0x000001d53a009800::invoke (36 bytes)
Event: 84.256 Thread 0x000001d538ba5fe0 nmethod 4055 0x000001d524d4b910 code [0x000001d524d4bb20, 0x000001d524d4c4c8]
Event: 84.261 Thread 0x000001d538ba5fe0 4057       1       java.lang.StackTraceElement::getClassName (5 bytes)
Event: 84.261 Thread 0x000001d538ba5fe0 nmethod 4057 0x000001d52c233410 code [0x000001d52c2335a0, 0x000001d52c233668]
Event: 84.264 Thread 0x000001d538ba5fe0 4058       3       sun.nio.ch.Util$BufferCache::offerFirst (73 bytes)
Event: 84.265 Thread 0x000001d538ba5fe0 nmethod 4058 0x000001d524d4c710 code [0x000001d524d4c8c0, 0x000001d524d4cc30]
Event: 84.265 Thread 0x000001d538ba5fe0 4059       3       io.qameta.allure.internal.shadowed.jackson.core.json.UTF8JsonGenerator::writeFieldName (202 bytes)
Event: 84.267 Thread 0x000001d538ba5fe0 nmethod 4059 0x000001d524d4cd90 code [0x000001d524d4d020, 0x000001d524d4da40]
Event: 84.267 Thread 0x000001d538ba5fe0 4061       3       java.lang.StackTraceElement::equals (120 bytes)
Event: 84.268 Thread 0x000001d538ba5fe0 nmethod 4061 0x000001d524d4de90 code [0x000001d524d4e100, 0x000001d524d4edc0]
Event: 84.268 Thread 0x000001d538ba5fe0 4060       3       io.qameta.allure.internal.shadowed.jackson.core.json.JsonWriteContext::clearAndGetParent (10 bytes)
Event: 84.268 Thread 0x000001d538ba5fe0 nmethod 4060 0x000001d524d4f090 code [0x000001d524d4f220, 0x000001d524d4f358]
Event: 84.276 Thread 0x000001d538ba5fe0 4062       3       sun.nio.ch.IOStatus::okayToRetry (22 bytes)
Event: 84.276 Thread 0x000001d538ba5fe0 nmethod 4062 0x000001d524d4f410 code [0x000001d524d4f5a0, 0x000001d524d4f738]
Event: 84.278 Thread 0x000001d538ba5fe0 4063       3       sun.security.jca.Providers::getThreadProviderList (18 bytes)
Event: 84.279 Thread 0x000001d538ba5fe0 nmethod 4063 0x000001d524d4f810 code [0x000001d524d4f9e0, 0x000001d524d4fd70]
Event: 84.279 Thread 0x000001d538ba5fe0 4064       3       sun.security.jca.Providers::getSystemProviderList (4 bytes)
Event: 84.279 Thread 0x000001d538ba5fe0 nmethod 4064 0x000001d524d4fe90 code [0x000001d524d50020, 0x000001d524d50118]
Event: 84.283 Thread 0x000001d538ba5fe0 4065   !   3       sun.nio.cs.StreamDecoder::read (78 bytes)
Event: 84.284 Thread 0x000001d538ba5fe0 nmethod 4065 0x000001d524d50190 code [0x000001d524d50420, 0x000001d524d512a0]

GC Heap History (10 events):
Event: 1.066 GC heap before
{Heap before GC invocations=0 (full 0):
 garbage-first heap   total 129024K, used 22528K [0x0000000082800000, 0x0000000100000000)
  region size 1024K, 23 young (23552K), 0 survivors (0K)
 Metaspace       used 5910K, committed 6080K, reserved 1114112K
  class space    used 578K, committed 640K, reserved 1048576K
}
Event: 1.078 GC heap after
{Heap after GC invocations=1 (full 0):
 garbage-first heap   total 129024K, used 11078K [0x0000000082800000, 0x0000000100000000)
  region size 1024K, 3 young (3072K), 3 survivors (3072K)
 Metaspace       used 5910K, committed 6080K, reserved 1114112K
  class space    used 578K, committed 640K, reserved 1048576K
}
Event: 1.865 GC heap before
{Heap before GC invocations=1 (full 0):
 garbage-first heap   total 129024K, used 33606K [0x0000000082800000, 0x0000000100000000)
  region size 1024K, 25 young (25600K), 3 survivors (3072K)
 Metaspace       used 11444K, committed 11776K, reserved 1114112K
  class space    used 1272K, committed 1408K, reserved 1048576K
}
Event: 1.871 GC heap after
{Heap after GC invocations=2 (full 0):
 garbage-first heap   total 129024K, used 12924K [0x0000000082800000, 0x0000000100000000)
  region size 1024K, 2 young (2048K), 2 survivors (2048K)
 Metaspace       used 11444K, committed 11776K, reserved 1114112K
  class space    used 1272K, committed 1408K, reserved 1048576K
}
Event: 4.483 GC heap before
{Heap before GC invocations=2 (full 0):
 garbage-first heap   total 129024K, used 54908K [0x0000000082800000, 0x0000000100000000)
  region size 1024K, 44 young (45056K), 2 survivors (2048K)
 Metaspace       used 20639K, committed 21248K, reserved 1114112K
  class space    used 2828K, committed 3072K, reserved 1048576K
}
Event: 4.488 GC heap after
{Heap after GC invocations=3 (full 0):
 garbage-first heap   total 129024K, used 16397K [0x0000000082800000, 0x0000000100000000)
  region size 1024K, 6 young (6144K), 6 survivors (6144K)
 Metaspace       used 20639K, committed 21248K, reserved 1114112K
  class space    used 2828K, committed 3072K, reserved 1048576K
}
Event: 4.574 GC heap before
{Heap before GC invocations=3 (full 0):
 garbage-first heap   total 129024K, used 22541K [0x0000000082800000, 0x0000000100000000)
  region size 1024K, 13 young (13312K), 6 survivors (6144K)
 Metaspace       used 20939K, committed 21504K, reserved 1114112K
  class space    used 2881K, committed 3136K, reserved 1048576K
}
Event: 4.577 GC heap after
{Heap after GC invocations=4 (full 0):
 garbage-first heap   total 129024K, used 16385K [0x0000000082800000, 0x0000000100000000)
  region size 1024K, 4 young (4096K), 4 survivors (4096K)
 Metaspace       used 20939K, committed 21504K, reserved 1114112K
  class space    used 2881K, committed 3136K, reserved 1048576K
}
Event: 33.871 GC heap before
{Heap before GC invocations=5 (full 0):
 garbage-first heap   total 65536K, used 50177K [0x0000000082800000, 0x0000000100000000)
  region size 1024K, 38 young (38912K), 4 survivors (4096K)
 Metaspace       used 25432K, committed 26304K, reserved 1114112K
  class space    used 3912K, committed 4288K, reserved 1048576K
}
Event: 33.900 GC heap after
{Heap after GC invocations=6 (full 0):
 garbage-first heap   total 65536K, used 18461K [0x0000000082800000, 0x0000000100000000)
  region size 1024K, 3 young (3072K), 3 survivors (3072K)
 Metaspace       used 25432K, committed 26304K, reserved 1114112K
  class space    used 3912K, committed 4288K, reserved 1048576K
}

Dll operation events (11 events):
Event: 0.008 Loaded shared library C:\Program Files\Java\jdk-21\bin\java.dll
Event: 0.040 Loaded shared library C:\Program Files\Java\jdk-21\bin\jsvml.dll
Event: 0.174 Loaded shared library C:\Program Files\Java\jdk-21\bin\net.dll
Event: 0.176 Loaded shared library C:\Program Files\Java\jdk-21\bin\nio.dll
Event: 0.182 Loaded shared library C:\Program Files\Java\jdk-21\bin\zip.dll
Event: 0.383 Loaded shared library C:\Program Files\Java\jdk-21\bin\jimage.dll
Event: 0.570 Loaded shared library C:\Program Files\Java\jdk-21\bin\verify.dll
Event: 0.643 Loaded shared library C:\Program Files\Java\jdk-21\bin\extnet.dll
Event: 2.011 Loaded shared library C:\Program Files\Java\jdk-21\bin\management.dll
Event: 2.023 Loaded shared library C:\Program Files\Java\jdk-21\bin\management_ext.dll
Event: 4.076 Loaded shared library C:\Program Files\Java\jdk-21\bin\sunmscapi.dll

Deoptimization events (20 events):
Event: 68.011 Thread 0x000001d57f48fec0 DEOPT UNPACKING pc=0x000001d52bb17da2 sp=0x000000783b8fdde8 mode 2
Event: 68.011 Thread 0x000001d57f490550 DEOPT UNPACKING pc=0x000001d52bb17da2 sp=0x000000783b9fdf38 mode 2
Event: 68.066 Thread 0x000001d57f270440 DEOPT PACKING pc=0x000001d524b09939 sp=0x000000783affddc0
Event: 68.067 Thread 0x000001d57f270440 DEOPT UNPACKING pc=0x000001d52bb188e2 sp=0x000000783affd2b8 mode 3
Event: 68.276 Thread 0x000001d57f355190 Uncommon trap: trap_request=0xffffff45 fr.pc=0x000001d52c188690 relative=0x0000000000000590
Event: 68.276 Thread 0x000001d57f270440 Uncommon trap: trap_request=0xffffff45 fr.pc=0x000001d52c188690 relative=0x0000000000000590
Event: 68.276 Thread 0x000001d57f355190 Uncommon trap: reason=unstable_if action=reinterpret pc=0x000001d52c188690 method=sun.nio.ch.NioSocketImpl.create(Z)V @ 36 c2
Event: 68.276 Thread 0x000001d57f270440 Uncommon trap: reason=unstable_if action=reinterpret pc=0x000001d52c188690 method=sun.nio.ch.NioSocketImpl.create(Z)V @ 36 c2
Event: 68.276 Thread 0x000001d57f26fdd0 Uncommon trap: trap_request=0xffffff45 fr.pc=0x000001d52c188690 relative=0x0000000000000590
Event: 68.276 Thread 0x000001d57f26fdd0 Uncommon trap: reason=unstable_if action=reinterpret pc=0x000001d52c188690 method=sun.nio.ch.NioSocketImpl.create(Z)V @ 36 c2
Event: 68.276 Thread 0x000001d57f355190 DEOPT PACKING pc=0x000001d52c188690 sp=0x000000783b3fe3a0
Event: 68.276 Thread 0x000001d57f26fdd0 DEOPT PACKING pc=0x000001d52c188690 sp=0x000000783aefe6d0
Event: 68.276 Thread 0x000001d57f270440 DEOPT PACKING pc=0x000001d52c188690 sp=0x000000783affe5b0
Event: 68.276 Thread 0x000001d57f270440 DEOPT UNPACKING pc=0x000001d52bb17da2 sp=0x000000783affe560 mode 2
Event: 68.276 Thread 0x000001d57f26fdd0 DEOPT UNPACKING pc=0x000001d52bb17da2 sp=0x000000783aefe680 mode 2
Event: 68.276 Thread 0x000001d57f355190 DEOPT UNPACKING pc=0x000001d52bb17da2 sp=0x000000783b3fe350 mode 2
Event: 83.557 Thread 0x000001d57f355190 Uncommon trap: trap_request=0xffffff45 fr.pc=0x000001d52c226400 relative=0x0000000000000060
Event: 83.557 Thread 0x000001d57f355190 Uncommon trap: reason=unstable_if action=reinterpret pc=0x000001d52c226400 method=java.lang.StringConcatHelper.stringOf(Ljava/lang/Object;)Ljava/lang/String; @ 1 c2
Event: 83.558 Thread 0x000001d57f355190 DEOPT PACKING pc=0x000001d52c226400 sp=0x000000783b3fe130
Event: 83.559 Thread 0x000001d57f355190 DEOPT UNPACKING pc=0x000001d52bb17da2 sp=0x000000783b3fe0c0 mode 2

Classes loaded (20 events):
Event: 67.975 Loading class org/w3c/dom/Document
Event: 67.976 Loading class org/w3c/dom/Document done
Event: 68.063 Loading class java/util/concurrent/ConcurrentHashMap$TreeNode
Event: 68.065 Loading class java/util/concurrent/ConcurrentHashMap$TreeNode done
Event: 68.065 Loading class java/util/concurrent/ConcurrentHashMap$TreeBin
Event: 68.066 Loading class java/util/concurrent/ConcurrentHashMap$TreeBin done
Event: 68.092 Loading class java/io/FileOutputStream$1
Event: 68.094 Loading class java/io/FileOutputStream$1 done
Event: 68.275 Loading class java/util/concurrent/locks/AbstractQueuedSynchronizer$SharedNode
Event: 68.277 Loading class java/util/concurrent/locks/AbstractQueuedSynchronizer$SharedNode done
Event: 83.083 Loading class java/lang/ThreadDeath
Event: 83.213 Loading class java/lang/ThreadDeath done
Event: 83.276 Loading class sun/misc/SharedSecrets
Event: 83.355 Loading class sun/misc/SharedSecrets done
Event: 83.434 Loading class sun/net/ConnectionResetException
Event: 83.452 Loading class sun/net/ConnectionResetException done
Event: 83.582 Loading class java/util/TreeMap$EntrySpliterator
Event: 83.593 Loading class java/util/TreeMap$EntrySpliterator done
Event: 83.742 Loading class java/util/AbstractMap$SimpleEntry
Event: 83.743 Loading class java/util/AbstractMap$SimpleEntry done

Classes unloaded (0 events):
No events

Classes redefined (0 events):
No events

Internal exceptions (20 events):
Event: 69.844 Thread 0x000001d57e02a710 Exception <a 'java/net/ConnectException'{0x0000000085024450}: Connection refused: no further information> (0x0000000085024450) 
thrown [s\open\src\hotspot\share\prims\jni.cpp, line 539]
Event: 69.844 Thread 0x000001d57e02a710 Exception <a 'java/net/ConnectException'{0x0000000085024c88}: Connection refused: no further information> (0x0000000085024c88) 
thrown [s\open\src\hotspot\share\prims\jni.cpp, line 539]
Event: 69.845 Thread 0x000001d57e02a710 Exception <a 'java/net/ConnectException'{0x00000000850254c0}: Connection refused: no further information> (0x00000000850254c0) 
thrown [s\open\src\hotspot\share\prims\jni.cpp, line 539]
Event: 69.845 Thread 0x000001d57e02a710 Exception <a 'java/net/ConnectException'{0x0000000085025cf8}: Connection refused: no further information> (0x0000000085025cf8) 
thrown [s\open\src\hotspot\share\prims\jni.cpp, line 539]
Event: 69.847 Thread 0x000001d57e02a710 Exception <a 'java/net/ConnectException'{0x0000000085026530}: Connection refused: no further information> (0x0000000085026530) 
thrown [s\open\src\hotspot\share\prims\jni.cpp, line 539]
Event: 69.847 Thread 0x000001d57e02a710 Exception <a 'java/net/ConnectException'{0x0000000085026d68}: Connection refused: no further information> (0x0000000085026d68) 
thrown [s\open\src\hotspot\share\prims\jni.cpp, line 539]
Event: 69.847 Thread 0x000001d57e02a710 Exception <a 'java/net/ConnectException'{0x00000000850275a0}: Connection refused: no further information> (0x00000000850275a0) 
thrown [s\open\src\hotspot\share\prims\jni.cpp, line 539]
Event: 69.848 Thread 0x000001d57e02a710 Exception <a 'java/net/ConnectException'{0x0000000085027dd8}: Connection refused: no further information> (0x0000000085027dd8) 
thrown [s\open\src\hotspot\share\prims\jni.cpp, line 539]
Event: 69.849 Thread 0x000001d57e02a710 Exception <a 'java/net/ConnectException'{0x000000008502d530}: Connection refused: no further information> (0x000000008502d530) 
thrown [s\open\src\hotspot\share\prims\jni.cpp, line 539]
Event: 69.849 Thread 0x000001d57e02a710 Exception <a 'java/net/ConnectException'{0x000000008502dd68}: Connection refused: no further information> (0x000000008502dd68) 
thrown [s\open\src\hotspot\share\prims\jni.cpp, line 539]
Event: 69.874 Thread 0x000001d57e02a710 Exception <a 'java/net/ConnectException'{0x000000008502e5a0}: Connection refused: no further information> (0x000000008502e5a0) 
thrown [s\open\src\hotspot\share\prims\jni.cpp, line 539]
Event: 83.361 Thread 0x000001d57f355190 Exception <a 'java/lang/ClassNotFoundException'{0x0000000085543430}: sun/misc/SharedSecrets> (0x0000000085543430) 
thrown [s\open\src\hotspot\share\classfile\systemDictionary.cpp, line 312]
Event: 83.453 Thread 0x000001d501371660 Exception <a 'sun/net/ConnectionResetException'{0x0000000085882820}: Connection reset> (0x0000000085882820) 
thrown [s\open\src\hotspot\share\prims\jni.cpp, line 539]
Event: 83.728 Thread 0x000001d57f355190 Exception <a 'sun/nio/fs/WindowsException'{0x0000000084f10bd8}> (0x0000000084f10bd8) 
thrown [s\open\src\hotspot\share\prims\jni.cpp, line 520]
Event: 84.117 Thread 0x000001d57f355190 Exception <a 'java/lang/NoSuchMethodError'{0x0000000084f71d78}: 'long java.lang.invoke.DirectMethodHandle$Holder.invokeSpecial(java.lang.Object, java.lang.Object, int, java.lang.Object, java.lang.Object)'> (0x0000000084f71d78) 
thrown [s\open\src\hotspot\share\interpreter\linkResolver.cpp, line 773]
Event: 84.125 Thread 0x000001d57f355190 Exception <a 'sun/nio/fs/WindowsException'{0x0000000084f91b48}> (0x0000000084f91b48) 
thrown [s\open\src\hotspot\share\prims\jni.cpp, line 520]
Event: 84.181 Thread 0x000001d57f355190 Exception <a 'sun/nio/fs/WindowsException'{0x0000000084fdbf28}> (0x0000000084fdbf28) 
thrown [s\open\src\hotspot\share\prims\jni.cpp, line 520]
Event: 84.248 Thread 0x000001d57f355190 Exception <a 'sun/nio/fs/WindowsException'{0x0000000084e26730}> (0x0000000084e26730) 
thrown [s\open\src\hotspot\share\prims\jni.cpp, line 520]
Event: 84.260 Thread 0x000001d57f355190 Exception <a 'java/io/IOException'{0x0000000084e502b0}: CreateProcess error=1455, The paging file is too small for this operation to complete> (0x0000000084e502b0) 
thrown [s\open\src\hotspot\share\prims\jni.cpp, line 539]
Event: 84.264 Thread 0x000001d57f355190 Exception <a 'sun/nio/fs/WindowsException'{0x0000000084e67778}> (0x0000000084e67778) 
thrown [s\open\src\hotspot\share\prims\jni.cpp, line 520]

ZGC Phase Switch (0 events):
No events

VM Operations (20 events):
Event: 67.633 Executing VM operation: HandshakeAllThreads (Deoptimize)
Event: 67.644 Executing VM operation: HandshakeAllThreads (Deoptimize) done
Event: 67.840 Executing VM operation: HandshakeAllThreads (Deoptimize)
Event: 67.840 Executing VM operation: HandshakeAllThreads (Deoptimize) done
Event: 67.916 Executing VM operation: HandshakeAllThreads (Deoptimize)
Event: 67.916 Executing VM operation: HandshakeAllThreads (Deoptimize) done
Event: 68.916 Executing VM operation: Cleanup
Event: 68.916 Executing VM operation: Cleanup done
Event: 69.920 Executing VM operation: Cleanup
Event: 69.920 Executing VM operation: Cleanup done
Event: 70.928 Executing VM operation: Cleanup
Event: 70.928 Executing VM operation: Cleanup done
Event: 73.967 Executing VM operation: Cleanup
Event: 73.968 Executing VM operation: Cleanup done
Event: 76.991 Executing VM operation: Cleanup
Event: 76.993 Executing VM operation: Cleanup done
Event: 82.089 Executing VM operation: Cleanup
Event: 82.377 Executing VM operation: Cleanup done
Event: 83.389 Executing VM operation: Cleanup
Event: 83.423 Executing VM operation: Cleanup done

Events (20 events):
Event: 69.826 Thread 0x000001d50122eea0 Thread added: 0x000001d50122eea0
Event: 69.837 Thread 0x000001d50122fbc0 Thread added: 0x000001d50122fbc0
Event: 69.837 Thread 0x000001d501230250 Thread added: 0x000001d501230250
Event: 69.838 Thread 0x000001d500204e90 Thread added: 0x000001d500204e90
Event: 69.841 Thread 0x000001d500205520 Thread added: 0x000001d500205520
Event: 69.841 Thread 0x000001d5001fec20 Thread added: 0x000001d5001fec20
Event: 69.863 Thread 0x000001d500200660 Thread added: 0x000001d500200660
Event: 69.863 Thread 0x000001d500205bb0 Thread added: 0x000001d500205bb0
Event: 69.883 Thread 0x000001d500206240 Thread added: 0x000001d500206240
Event: 69.891 Thread 0x000001d500203450 Thread added: 0x000001d500203450
Event: 69.901 Thread 0x000001d5001ff940 Thread added: 0x000001d5001ff940
Event: 83.452 Thread 0x000001d501371cf0 Thread exited: 0x000001d501371cf0
Event: 83.511 Thread 0x000001d501373730 Thread exited: 0x000001d501373730
Event: 83.514 Thread 0x000001d50136db50 Thread exited: 0x000001d50136db50
Event: 83.884 Thread 0x000001d5001ff2b0 Thread added: 0x000001d5001ff2b0
Event: 84.063 Thread 0x000001d5001ff2b0 Thread exited: 0x000001d5001ff2b0
Event: 84.139 Thread 0x000001d5001ff2b0 Thread added: 0x000001d5001ff2b0
Event: 84.175 Thread 0x000001d5001ff2b0 Thread exited: 0x000001d5001ff2b0
Event: 84.201 Thread 0x000001d500200cf0 Thread added: 0x000001d500200cf0
Event: 84.245 Thread 0x000001d500200cf0 Thread exited: 0x000001d500200cf0


Dynamic libraries:
0x00007ff628df0000 - 0x00007ff628e00000 	C:\Program Files\Java\jdk-21\bin\javaw.exe
0x00007ffb33cb0000 - 0x00007ffb33ec7000 	C:\windows\SYSTEM32\ntdll.dll
0x00007ffb332f0000 - 0x00007ffb333b4000 	C:\windows\System32\KERNEL32.DLL
0x00007ffb31220000 - 0x00007ffb315cd000 	C:\windows\System32\KERNELBASE.dll
0x00007ffb31060000 - 0x00007ffb31171000 	C:\windows\System32\ucrtbase.dll
0x00007ffb0da50000 - 0x00007ffb0da69000 	C:\Program Files\Java\jdk-21\bin\jli.dll
0x00007ffb0da70000 - 0x00007ffb0da8b000 	C:\Program Files\Java\jdk-21\bin\VCRUNTIME140.dll
0x00007ffb32850000 - 0x00007ffb32902000 	C:\windows\System32\ADVAPI32.dll
0x00007ffb327a0000 - 0x00007ffb32847000 	C:\windows\System32\msvcrt.dll
0x00007ffb326e0000 - 0x00007ffb32789000 	C:\windows\System32\sechost.dll
0x00007ffb311f0000 - 0x00007ffb31218000 	C:\windows\System32\bcrypt.dll
0x00007ffb325c0000 - 0x00007ffb326d4000 	C:\windows\System32\RPCRT4.dll
0x00007ffb32410000 - 0x00007ffb325be000 	C:\windows\System32\USER32.dll
0x00007ffb315d0000 - 0x00007ffb315f6000 	C:\windows\System32\win32u.dll
0x00007ffb21f80000 - 0x00007ffb22213000 	C:\windows\WinSxS\amd64_microsoft.windows.common-controls_6595b64144ccf1df_6.0.22621.3672_none_2713b9d173822955\COMCTL32.dll
0x00007ffb339a0000 - 0x00007ffb339c9000 	C:\windows\System32\GDI32.dll
0x00007ffb316c0000 - 0x00007ffb317d9000 	C:\windows\System32\gdi32full.dll
0x00007ffb317e0000 - 0x00007ffb3187a000 	C:\windows\System32\msvcp_win.dll
0x00007ffb28ec0000 - 0x00007ffb28eca000 	C:\windows\SYSTEM32\VERSION.dll
0x00007ffb332b0000 - 0x00007ffb332e1000 	C:\windows\System32\IMM32.DLL
0x00007ffb0da40000 - 0x00007ffb0da4c000 	C:\Program Files\Java\jdk-21\bin\vcruntime140_1.dll
0x00007ffb0d9b0000 - 0x00007ffb0da3e000 	C:\Program Files\Java\jdk-21\bin\msvcp140.dll
0x00007ffb0cc90000 - 0x00007ffb0d9a5000 	C:\Program Files\Java\jdk-21\bin\server\jvm.dll
0x00007ffb33070000 - 0x00007ffb330e1000 	C:\windows\System32\WS2_32.dll
0x00007ffb2fe30000 - 0x00007ffb2fe7d000 	C:\windows\SYSTEM32\POWRPROF.dll
0x00007ffb2b0d0000 - 0x00007ffb2b104000 	C:\windows\SYSTEM32\WINMM.dll
0x00007ffb2fe10000 - 0x00007ffb2fe23000 	C:\windows\SYSTEM32\UMPDC.dll
0x00007ffb30060000 - 0x00007ffb30078000 	C:\windows\SYSTEM32\kernel.appcore.dll
0x00007ffb0cc80000 - 0x00007ffb0cc8a000 	C:\Program Files\Java\jdk-21\bin\jimage.dll
0x00007ffb2dd20000 - 0x00007ffb2df52000 	C:\windows\SYSTEM32\DBGHELP.DLL
0x00007ffb33510000 - 0x00007ffb33898000 	C:\windows\System32\combase.dll
0x00007ffb33430000 - 0x00007ffb33507000 	C:\windows\System32\OLEAUT32.dll
0x00007ffb27040000 - 0x00007ffb27072000 	C:\windows\SYSTEM32\dbgcore.DLL
0x00007ffb30fe0000 - 0x00007ffb3105b000 	C:\windows\System32\bcryptPrimitives.dll
0x00007ffb0cc60000 - 0x00007ffb0cc7f000 	C:\Program Files\Java\jdk-21\bin\java.dll
0x00007ffb31b80000 - 0x00007ffb323df000 	C:\windows\System32\SHELL32.dll
0x00007ffb2eef0000 - 0x00007ffb2f7ec000 	C:\windows\SYSTEM32\windows.storage.dll
0x00007ffb2edb0000 - 0x00007ffb2eeef000 	C:\windows\SYSTEM32\wintypes.dll
0x00007ffb32f10000 - 0x00007ffb33004000 	C:\windows\System32\SHCORE.dll
0x00007ffb33010000 - 0x00007ffb3306e000 	C:\windows\System32\shlwapi.dll
0x00007ffb30f10000 - 0x00007ffb30f31000 	C:\windows\SYSTEM32\profapi.dll
0x00007ffb0cb80000 - 0x00007ffb0cc57000 	C:\Program Files\Java\jdk-21\bin\jsvml.dll
0x00007ffb0cb70000 - 0x00007ffb0cb80000 	C:\Program Files\Java\jdk-21\bin\net.dll
0x00007ffb2c820000 - 0x00007ffb2c956000 	C:\windows\SYSTEM32\WINHTTP.dll
0x00007ffb30530000 - 0x00007ffb30599000 	C:\windows\system32\mswsock.dll
0x00007ffb0cb50000 - 0x00007ffb0cb66000 	C:\Program Files\Java\jdk-21\bin\nio.dll
0x00007ffb0cb30000 - 0x00007ffb0cb48000 	C:\Program Files\Java\jdk-21\bin\zip.dll
0x00007ffb0b070000 - 0x00007ffb0b080000 	C:\Program Files\Java\jdk-21\bin\verify.dll
0x00007ffb2faf0000 - 0x00007ffb2fbe8000 	C:\windows\SYSTEM32\DNSAPI.dll
0x00007ffb2fac0000 - 0x00007ffb2faed000 	C:\windows\SYSTEM32\IPHLPAPI.DLL
0x00007ffb323e0000 - 0x00007ffb323e9000 	C:\windows\System32\NSI.dll
0x00007ffb2c7f0000 - 0x00007ffb2c7fa000 	C:\Windows\System32\rasadhlp.dll
0x00007ffb2afc0000 - 0x00007ffb2b043000 	C:\windows\System32\fwpuclnt.dll
0x00007ffb0b170000 - 0x00007ffb0b177000 	C:\Program Files\Java\jdk-21\bin\extnet.dll
0x00007ffb307b0000 - 0x00007ffb307cb000 	C:\windows\SYSTEM32\CRYPTSP.dll
0x00007ffb30020000 - 0x00007ffb30055000 	C:\windows\system32\rsaenh.dll
0x00007ffb30610000 - 0x00007ffb30638000 	C:\windows\SYSTEM32\USERENV.dll
0x00007ffb307d0000 - 0x00007ffb307dc000 	C:\windows\SYSTEM32\CRYPTBASE.dll
0x00007ffb15580000 - 0x00007ffb15597000 	C:\windows\system32\napinsp.dll
0x00007ffb15560000 - 0x00007ffb1557b000 	C:\windows\system32\pnrpnsp.dll
0x00007ffb154e0000 - 0x00007ffb154f1000 	C:\windows\System32\winrnr.dll
0x00007ffb2b620000 - 0x00007ffb2b635000 	C:\windows\system32\wshbth.dll
0x00007ffb154b0000 - 0x00007ffb154d7000 	C:\windows\system32\nlansp_c.dll
0x00007ffb09250000 - 0x00007ffb0925a000 	C:\Program Files\Java\jdk-21\bin\management.dll
0x00007ffb09240000 - 0x00007ffb0924b000 	C:\Program Files\Java\jdk-21\bin\management_ext.dll
0x00007ffb339d0000 - 0x00007ffb339d8000 	C:\windows\System32\PSAPI.DLL
0x00007ffb0b000000 - 0x00007ffb0b00e000 	C:\Program Files\Java\jdk-21\bin\sunmscapi.dll
0x00007ffb31880000 - 0x00007ffb319e7000 	C:\windows\System32\CRYPT32.dll
0x00007ffb30990000 - 0x00007ffb309be000 	C:\windows\SYSTEM32\ncrypt.dll
0x00007ffb30950000 - 0x00007ffb30987000 	C:\windows\SYSTEM32\NTASN1.dll
0x00007ffb09260000 - 0x00007ffb09268000 	C:\windows\system32\wshunix.dll

dbghelp: loaded successfully - version: 4.0.5 - missing functions: none
symbol engine: initialized successfully - sym options: 0x614 - pdb path: .;C:\Program Files\Java\jdk-21\bin;C:\windows\SYSTEM32;C:\windows\WinSxS\amd64_microsoft.windows.common-controls_6595b64144ccf1df_6.0.22621.3672_none_2713b9d173822955;C:\Program Files\Java\jdk-21\bin\server

VM Arguments:
jvm_args: -ea -Dfile.encoding=UTF-8 -Dstdout.encoding=UTF-8 -Dstderr.encoding=UTF-8 -XX:+ShowCodeDetailsInExceptionMessages 
java_command: org.testng.remote.RemoteTestNG -serport 63556 -protocol json -d C:\Users\Rajpr\eclipse-workspace\Team4_ScrappingHackers\test-output C:\Users\Rajpr\eclipse-workspace\Team4_ScrappingHackers\testng.xml
java_class_path (initial): C:\Users\Rajpr\eclipse\java-2023-122\eclipse\configuration\org.eclipse.osgi\531\0\.cp\lib\testng-remote.jar;C:\Users\Rajpr\eclipse-workspace\Team4_ScrappingHackers\target\test-classes;C:\Users\Rajpr\eclipse-workspace\Team4_ScrappingHackers\target\classes;C:\Users\Rajpr\.m2\repository\io\cucumber\cucumber-core\7.11.2\cucumber-core-7.11.2.jar;C:\Users\Rajpr\.m2\repository\io\cucumber\cucumber-gherkin\7.11.2\cucumber-gherkin-7.11.2.jar;C:\Users\Rajpr\.m2\repository\io\cucumber\cucumber-gherkin-messages\7.11.2\cucumber-gherkin-messages-7.11.2.jar;C:\Users\Rajpr\.m2\repository\io\cucumber\messages\21.0.1\messages-21.0.1.jar;C:\Users\Rajpr\.m2\repository\io\cucumber\tag-expressions\5.0.1\tag-expressions-5.0.1.jar;C:\Users\Rajpr\.m2\repository\io\cucumber\cucumber-expressions\16.1.2\cucumber-expressions-16.1.2.jar;C:\Users\Rajpr\.m2\repository\io\cucumber\datatable\7.11.2\datatable-7.11.2.jar;C:\Users\Rajpr\.m2\repository\io\cucumber\cucumber-plugin\7.11.2\cucumber-plugin-7.11.2.jar;C:\Users\Rajpr\.m2\repository\io\cucumber\docstring\7.11.2\docstring-7.11.2.jar;C:\Users\Rajpr\.m2\repository\io\cucumber\html-formatter\20.2.1\html-formatter-20.2.1.jar;C:\Users\Rajpr\.m2\repository\io\cucumber\junit-xml-formatter\0.1.0\junit-xml-formatter-0.1.0.jar;C:\Users\Rajpr\.m2\repository\io\cucumber\ci-environment\9.1.0\ci-environment-9.1.0.jar;C:\Users\Rajpr\.m2\repository\org\apiguardian\apiguardian-api\1.1.2\apiguardian-api-1.1.2.jar;C:\Users\Rajpr\.m2\repository\io\cucumber\cucumber-java\7.11.2\cucumber-java-7.11.2.jar;C:\Users\Rajpr\.m2\repository\io\cucumber\cucumber-junit\7.11.2\cucumber-junit-7.11.2.jar;C:\Users\Rajpr\.m2\repository\junit\junit\4.13.2\junit-4.13.2.jar;C:\Users\Rajpr\.m2\repository\org\hamcrest\hamcrest-core\1.3\hamcrest-core-1.3.jar;C:\Users\Rajpr\.m2\repository\io\cucumber\cucumber-testng\7.11.2\cucumber-testng-7.11.2.jar;C:\Users\Rajpr\.m2\repository\org\testng\testng\7.8.0\testng-7.8.0.jar;C:\Users\Rajpr\.m2\repository\org\slf4j\slf4j-api\1.7.36\slf4j-api-1.7.36.jar;C:\Users\Rajpr\.m2\repository\com\beust\jcommander\1.82\jcommander-1.82.jar;C:\Users\Rajpr\.m2\repository\org\webjars\jquery\3.6.1\jquery-3.6.1.jar;C:\Users\Rajpr\.m2\repository\org\seleniumhq\selenium\selenium-java\4.16.1\selenium-java-4.16.1.jar;C:\Users\Rajpr\.m2\repository\org\seleniumhq\selenium\selenium-api\4.16.1\selenium-api-4.16.1.jar;C:\Users\Rajpr\.m2\repository\org\seleniumhq\selenium\selenium-chrome-driver\4.16.1\selenium-chrome-driver-4.16.1.jar;C:\Users\Rajpr\.m2\repository\com\google\auto\service\auto-service-annotations\1.1.1\auto-service-annotations-1.1.1.jar;C:\Users\Rajpr\.m2\repository\org\seleniumhq\selenium\selenium-chromium-driver\4.16.1\selenium-chromium-driver-4.16.1.jar;C:\Users\Rajpr\.m2\repository\org\seleniumhq\selenium\selenium-json\4.16.1\selenium-json-4.16.1.jar;C:\Users\Rajpr\.m2\repository\org\seleniumhq\selenium\selenium-manager\4.16.1\selenium-manager-4.16.1.jar;C:\Users\Rajpr\.m2\repository\org\seleniumhq\selenium\selenium-devtools-v118\4.16.1\selenium-devtools-v118-4.16.1.jar;C:\Users\Rajpr\.m2\repository\org\seleniumhq\selenium\selenium-devtools-v119\4.16.1\selenium-devtools-v119-4.16.1.jar;C:\Users\Rajpr\.m2\repository\org\seleniumhq\selenium\selenium-devtools-v120\4.16.1\selenium-devtools-v120-4.16.1.jar;C:\Users\Rajpr\.m2\repository\org\seleniumhq\selenium\selenium-devtools-v85\4.16.1\selenium-devtools-v85-4.16.1.jar;C:\Users\Rajpr\.m2\repository\org\seleniumhq\selenium\selenium-edge-driver\4.16.1\selenium-edge-driver-4.16.1.jar;C:\Users\Rajpr\.m2\repository\org\seleniumhq\selenium\selenium-firefox-driver\4.16.1\selenium-firefox-driver-4.16.1.jar;C:\Users\Rajpr\.m2\repository\org\seleniumhq\selenium\selenium-http\4.16.1\selenium-http-4.16.1.jar;C:\Users\Rajpr\.m2\repository\dev\failsafe\failsafe\3.3.2\failsafe-3.3.2.jar;C:\Users\Rajpr\.m2\repository\org\seleniumhq\selenium\selenium-ie-driver\4.16.1\selenium-ie-driver-4.16.1.jar;C:\Users\Rajpr\.m2\repository\org\seleniumhq\selenium\selenium-remote-driver\4.16.1\selenium-remote-driver-4.16.1.jar;C:\Users\Rajpr\.m2\repository\io\opentelemetry\opentelemetry-context\1.28.0\opentelemetry-context-1.28.0.jar;C:\Users\Rajpr\.m2\repository\io\opentelemetry\opentelemetry-exporter-logging\1.28.0\opentelemetry-exporter-logging-1.28.0.jar;C:\Users\Rajpr\.m2\repository\io\opentelemetry\opentelemetry-sdk-metrics\1.28.0\opentelemetry-sdk-metrics-1.28.0.jar;C:\Users\Rajpr\.m2\repository\io\opentelemetry\opentelemetry-extension-incubator\1.28.0-alpha\opentelemetry-extension-incubator-1.28.0-alpha.jar;C:\Users\Rajpr\.m2\repository\io\opentelemetry\opentelemetry-sdk-logs\1.28.0\opentelemetry-sdk-logs-1.28.0.jar;C:\Users\Rajpr\.m2\repository\io\opentelemetry\opentelemetry-sdk-common\1.28.0\opentelemetry-sdk-common-1.28.0.jar;C:\Users\Rajpr\.m2\repository\io\opentelemetry\opentelemetry-sdk-extension-autoconfigure-spi\1.28.0\opentelemetry-sdk-extension-autoconfigure-spi-1.28.0.jar;C:\Users\Rajpr\.m2\repository\io\opentelemetry\opentelemetry-sdk-extension-autoconfigure\1.28.0\opentelemetry-sdk-extension-autoconfigure-1.28.0.jar;C:\Users\Rajpr\.m2\repository\io\opentelemetry\opentelemetry-api-events\1.28.0-alpha\opentelemetry-api-events-1.28.0-alpha.jar;C:\Users\Rajpr\.m2\repository\io\opentelemetry\opentelemetry-sdk-trace\1.28.0\opentelemetry-sdk-trace-1.28.0.jar;C:\Users\Rajpr\.m2\repository\io\opentelemetry\opentelemetry-sdk\1.28.0\opentelemetry-sdk-1.28.0.jar;C:\Users\Rajpr\.m2\repository\net\bytebuddy\byte-buddy\1.14.5\byte-buddy-1.14.5.jar;C:\Users\Rajpr\.m2\repository\org\seleniumhq\selenium\selenium-os\4.16.1\selenium-os-4.16.1.jar;C:\Users\Rajpr\.m2\repository\org\apache\commons\commons-exec\1.3\commons-exec-1.3.jar;C:\Users\Rajpr\.m2\repository\org\seleniumhq\selenium\selenium-safari-driver\4.16.1\selenium-safari-driver-4.16.1.jar;C:\Users\Rajpr\.m2\repository\org\seleniumhq\selenium\selenium-support\4.16.1\selenium-support-4.16.1.jar;C:\Users\Rajpr\.m2\repository\org\postgresql\postgresql\42.6.0\postgresql-42.6.0.jar;C:\Users\Rajpr\.m2\repository\org\checkerframework\checker-qual\3.31.0\checker-qual-3.31.0.jar;C:\Users\Rajpr\.m2\repository\commons-io\commons-io\2.15.1\commons-io-2.15.1.jar;C:\Users\Rajpr\.m2\repository\org\apache\logging\log4j\log4j-core\2.22.0\log4j-core-2.22.0.jar;C:\Users\Rajpr\.m2\repository\org\apache\logging\log4j\log4j-api\2.22.0\log4j-api-2.22.0.jar;C:\Users\Rajpr\.m2\repository\org\apache\poi\poi\5.2.5\poi-5.2.5.jar;C:\Users\Rajpr\.m2\repository\commons-codec\commons-codec\1.16.0\commons-codec-1.16.0.jar;C:\Users\Rajpr\.m2\repository\org\apache\commons\commons-collections4\4.4\commons-collections4-4.4.jar;C:\Users\Rajpr\.m2\repository\org\apache\commons\commons-math3\3.6.1\commons-math3-3.6.1.jar;C:\Users\Rajpr\.m2\repository\com\zaxxer\SparseBitSet\1.3\SparseBitSet-1.3.jar;C:\Users\Rajpr\.m2\repository\org\apache\poi\poi-ooxml\5.2.5\poi-ooxml-5.2.5.jar;C:\Users\Rajpr\.m2\repository\org\apache\poi\poi-ooxml-lite\5.2.5\poi-ooxml-lite-5.2.5.jar;C:\Users\Rajpr\.m2\repository\org\apache\xmlbeans\xmlbeans\5.2.0\xmlbeans-5.2.0.jar;C:\Users\Rajpr\.m2\repository\org\apache\commons\commons-compress\1.25.0\commons-compress-1.25.0.jar;C:\Users\Rajpr\.m2\repository\com\github\virtuald\curvesapi\1.08\curvesapi-1.08.jar;C:\Users\Rajpr\.m2\repository\tech\grasshopper\extentreports-cucumber7-adapter\1.14.0\extentreports-cucumber7-adapter-1.14.0.jar;C:\Users\Rajpr\.m2\repository\com\aventstack\extentreports\5.1.0\extentreports-5.1.0.jar;C:\Users\Rajpr\.m2\repository\io\reactivex\rxjava3\rxjava\3.1.6\rxjava-3.1.6.jar;C:\Users\Rajpr\.m2\repository\org\reactivestreams\reactive-streams\1.0.4\reactive-streams-1.0.4.jar;C:\Users\Rajpr\.m2\repository\org\freemarker\freemarker\2.3.32\freemarker-2.3.32.jar;C:\Users\Rajpr\.m2\repository\org\projectlombok\lombok\1.18.26\lombok-1.18.26.jar;C:\Users\Rajpr\.m2\repository\com\google\code\gson\gson\2.10.1\gson-2.10.1.jar;C:\Users\Rajpr\.m2\repository\tech\grasshopper\extent-pdf-report\2.12.0\extent-pdf-report-2.12.0.jar;C:\Users\Rajpr\.m2\repository\tech\grasshopper\cucumber-pdf-report\2.14.0\cucumber-pdf-report-2.14.0.jar;C:\Users\Rajpr\.m2\repository\org\knowm\xchart\xchart\3.8.0\xchart-3.8.0.jar;C:\Users\Rajpr\.m2\repository\de\erichseifert\vectorgraphics2d\VectorGraphics2D\0.13\VectorGraphics2D-0.13.jar;C:\Users\Rajpr\.m2\repository\de\rototor\pdfbox\graphics2d\0.30\graphics2d-0.30.jar;C:\Users\Rajpr\.m2\repository\com\madgag\animated-gif-lib\1.4\animated-gif-lib-1.4.jar;C:\Users\Rajpr\.m2\repository\org\yaml\snakeyaml\2.0\snakeyaml-2.0.jar;C:\Users\Rajpr\.m2\repository\tech\grasshopper\table-layout\1.5.1\table-layout-1.5.1.jar;C:\Users\Rajpr\.m2\repository\tech\grasshopper\rest-assured-cucumber-pdf-report\1.5.0\rest-assured-cucumber-pdf-report-1.5.0.jar;C:\Users\Rajpr\.m2\repository\org\jsoup\jsoup\1.15.3\jsoup-1.15.3.jar;C:\Users\Rajpr\.m2\repository\com\aventstack\klov-reporter\5.1.0\klov-reporter-5.1.0.jar;C:\Users\Rajpr\.m2\repository\org\mongodb\mongodb-driver\3.6.4\mongodb-driver-3.6.4.jar;C:\Users\Rajpr\.m2\repository\org\mongodb\mongodb-driver-core\3.6.4\mongodb-driver-core-3.6.4.jar;C:\Users\Rajpr\.m2\repository\org\mongodb\bson\3.6.4\bson-3.6.4.jar;C:\Users\Rajpr\.m2\repository\org\apache\httpcomponents\httpclient\4.5.13\httpclient-4.5.13.jar;C:\Users\Rajpr\.m2\repository\org\apache\httpcomponents\httpcore\4.4.13\httpcore-4.4.13.jar;C:\Users\Rajpr\.m2\repository\org\apache\httpcomponents\httpmime\4.5.13\httpmime-4.5.13.jar;C:\Users\Rajpr\.m2\repository\tech\grasshopper\htmlextentreporter\1.1.0\htmlextentreporter-1.1.0.jar;C:\Users\Rajpr\.m2\repository\tech\grasshopper\extent-excel-report\1.4.0\extent-excel-report-1.4.0.jar;C:\Users\Rajpr\.m2\repository\net\masterthought\maven-cucumber-reporting\5.8.0\maven-cucumber-reporting-5.8.0.jar;C:\Users\Rajpr\.m2\repository\net\masterthought\cucumber-reporting\5.7.8\cucumber-reporting-5.7.8.jar;C:\Users\Rajpr\.m2\repository\com\fasterxml\jackson\datatype\jackson-datatype-jsr310\2.16.0\jackson-datatype-jsr310-2.16.0.jar;C:\Users\Rajpr\.m2\repository\org\apache\velocity\velocity-engine-core\2.3\velocity-engine-core-2.3.jar;C:\Users\Rajpr\.m2\repository\joda-time\joda-time\2.12.5\joda-time-2.12.5.jar;C:\Users\Rajpr\.m2\repository\org\codehaus\plexus\plexus-utils\3.5.1\plexus-utils-3.5.1.jar;C:\Users\Rajpr\.m2\repository\com\googlecode\owasp-java-html-sanitizer\owasp-java-html-sanitizer\20220608.1\owasp-java-html-sanitizer-20220608.1.jar;C:\Users\Rajpr\.m2\repository\commons-configuration\commons-configuration\1.10\commons-configuration-1.10.jar;C:\Users\Rajpr\.m2\repository\commons-lang\commons-lang\2.6\commons-lang-2.6.jar;C:\Users\Rajpr\.m2\repository\io\qameta\allure\allure-testng\2.25.0\allure-testng-2.25.0.jar;C:\Users\Rajpr\.m2\repository\io\qameta\allure\allure-java-commons\2.25.0\allure-java-commons-2.25.0.jar;C:\Users\Rajpr\.m2\repository\io\qameta\allure\allure-model\2.25.0\allure-model-2.25.0.jar;C:\Users\Rajpr\.m2\repository\io\qameta\allure\allure-test-filter\2.25.0\allure-test-filter-2.25.0.jar;C:\Users\Rajpr\.m2\repository\io\qameta\allure\allure-cucumber7-jvm\2.25.0\allure-cucumber7-jvm-2.25.0.jar;C:\Users\Rajpr\.m2\repository\io\cucumber\gherkin\26.2.0\gherkin-26.2.0.jar;C:\Users\Rajpr\.m2\repository\org\languagetool\languagetool-core\6.4\languagetool-core-6.4.jar;C:\Users\Rajpr\.m2\repository\com\carrotsearch\hppc\0.8.2\hppc-0.8.2.jar;C:\Users\Rajpr\.m2\repository\com\fasterxml\jackson\core\jackson-databind\2.16.1\jackson-databind-2.16.1.jar;C:\Users\Rajpr\.m2\repository\com\fasterxml\jackson\core\jackson-annotations\2.16.1\jackson-annotations-2.16.1.jar;C:\Users\Rajpr\.m2\repository\com\fasterxml\jackson\core\jackson-core\2.16.1\jackson-core-2.16.1.jar;C:\Users\Rajpr\.m2\repository\com\gitlab\dumonts\hunspell\2.1.2\hunspell-2.1.2.jar;C:\Users\Rajpr\.m2\repository\net\java\dev\jna\jna-platform\5.12.1\jna-platform-5.12.1.jar;C:\Users\Rajpr\.m2\repository\com\google\guava\guava\32.1.1-jre\guava-32.1.1-jre.jar;C:\Users\Rajpr\.m2\repository\com\google\guava\failureaccess\1.0.1\failureaccess-1.0.1.jar;C:\Users\Rajpr\.m2\repository\com\google\guava\listenablefuture\9999.0-empty-to-avoid-conflict-with-guava\listenablefuture-9999.0-empty-to-avoid-conflict-with-guava.jar;C:\Users\Rajpr\.m2\repository\com\google\code\findbugs\jsr305\3.0.2\jsr305-3.0.2.jar;C:\Users\Rajpr\.m2\repository\com\google\errorprone\error_prone_annotations\2.18.0\error_prone_annotations-2.18.0.jar;C:\Users\Rajpr\.m2\repository\com\google\j2objc\j2objc-annotations\2.8\j2objc-annotations-2.8.jar;C:\Users\Rajpr\.m2\repository\com\hankcs\aho-corasick-double-array-trie\1.2.2\aho-corasick-double-array-trie-1.2.2.jar;C:\Users\Rajpr\.m2\repository\com\optimaize\languagedetector\language-detector\0.6\language-detector-0.6.jar;C:\Users\Rajpr\.m2\repository\net\arnx\jsonic\1.2.11\jsonic-1.2.11.jar;C:\Users\Rajpr\.m2\repository\com\intellij\annotations\12.0\annotations-12.0.jar;C:\Users\Rajpr\.m2\repository\commons-logging\commons-logging\1.2\commons-logging-1.2.jar;C:\Users\Rajpr\.m2\repository\commons-validator\commons-validator\1.7\commons-validator-1.7.jar;C:\Users\Rajpr\.m2\repository\commons-digester\commons-digester\2.1\commons-digester-2.1.jar;C:\Users\Rajpr\.m2\repository\io\github\resilience4j\resilience4j-circuitbreaker\1.7.1\resilience4j-circuitbreaker-1.7.1.jar;C:\Users\Rajpr\.m2\repository\io\vavr\vavr\0.10.2\vavr-0.10.2.jar;C:\Users\Rajpr\.m2\repository\io\vavr\vavr-match\0.10.2\vavr-match-0.10.2.jar;C:\Users\Rajpr\.m2\repository\io\github\resilience4j\resilience4j-core\1.7.1\resilience4j-core-1.7.1.jar;C:\Users\Rajpr\.m2\repository\io\github\resilience4j\resilience4j-micrometer\1.7.1\resilience4j-micrometer-1.7.1.jar;C:\Users\Rajpr\.m2\repository\io\opentelemetry\opentelemetry-api\1.26.0\opentelemetry-api-1.26.0.jar;C:\Users\Rajpr\.m2\repository\io\opentelemetry\opentelemetry-semconv\1.26.0-alpha\opentelemetry-semconv-1.26.0-alpha.jar;C:\Users\Rajpr\.m2\repository\io\grpc\grpc-netty-shaded\1.61.1\grpc-netty-shaded-1.61.1.jar;C:\Users\Rajpr\.m2\repository\io\grpc\grpc-core\1.61.1\grpc-core-1.61.1.jar;C:\Users\Rajpr\.m2\repository\com\google\android\annotations\4.1.1.4\annotations-4.1.1.4.jar;C:\Users\Rajpr\.m2\repository\io\grpc\grpc-context\1.61.1\grpc-context-1.61.1.jar;C:\Users\Rajpr\.m2\repository\io\grpc\grpc-util\1.61.1\grpc-util-1.61.1.jar;C:\Users\Rajpr\.m2\repository\io\perfmark\perfmark-api\0.26.0\perfmark-api-0.26.0.jar;C:\Users\Rajpr\.m2\repository\io\grpc\grpc-api\1.61.1\grpc-api-1.61.1.jar;C:\Users\Rajpr\.m2\repository\io\grpc\grpc-protobuf\1.61.1\grpc-protobuf-1.61.1.jar;C:\Users\Rajpr\.m2\repository\com\google\protobuf\protobuf-java\3.25.1\protobuf-java-3.25.1.jar;C:\Users\Rajpr\.m2\repository\com\google\api\grpc\proto-google-common-protos\2.29.0\proto-google-common-protos-2.29.0.jar;C:\Users\Rajpr\.m2\repository\io\grpc\grpc-protobuf-lite\1.61.1\grpc-protobuf-lite-1.61.1.jar;C:\Users\Rajpr\.m2\repository\io\grpc\grpc-stub\1.61.1\grpc-stub-1.61.1.jar;C:\Users\Rajpr\.m2\repository\io\micrometer\micrometer-registry-prometheus\1.7.1\micrometer-registry-prometheus-1.7.1.jar;C:\Users\Rajpr\.m2\repository\io\micrometer\micrometer-core\1.7.1\micrometer-core-1.7.1.jar;C:\Users\Rajpr\.m2\repository\org\hdrhistogram\HdrHistogram\2.1.12\HdrHistogram-2.1.12.jar;C:\Users\Rajpr\.m2\repository\org\latencyutils\LatencyUtils\2.0.3\LatencyUtils-2.0.3.jar;C:\Users\Rajpr\.m2\repository\io\prometheus\simpleclient_common\0.10.0\simpleclient_common-0.10.0.jar;C:\Users\Rajpr\.m2\repository\io\prometheus\simpleclient\0.16.0\simpleclient-0.16.0.jar;C:\Users\Rajpr\.m2\repository\io\prometheus\simpleclient_tracer_otel\0.16.0\simpleclient_tracer_otel-0.16.0.jar;C:\Users\Rajpr\.m2\repository\io\prometheus\simpleclient_tracer_common\0.16.0\simpleclient_tracer_common-0.16.0.jar;C:\Users\Rajpr\.m2\repository\io\prometheus\simpleclient_tracer_otel_agent\0.16.0\simpleclient_tracer_otel_agent-0.16.0.jar;C:\Users\Rajpr\.m2\repository\io\prometheus\simpleclient_guava\0.16.0\simpleclient_guava-0.16.0.jar;C:\Users\Rajpr\.m2\repository\javax\activation\javax.activation-api\1.2.0\javax.activation-api-1.2.0.jar;C:\Users\Rajpr\.m2\repository\javax\annotation\javax.annotation-api\1.3.2\javax.annotation-api-1.3.2.jar;C:\Users\Rajpr\.m2\repository\javax\measure\unit-api\1.0\unit-api-1.0.jar;C:\Users\Rajpr\.m2\repository\javax\xml\bind\jaxb-api\2.3.0\jaxb-api-2.3.0.jar;C:\Users\Rajpr\.m2\repository\net\loomchild\segment\2.0.1\segment-2.0.1.jar;C:\Users\Rajpr\.m2\repository\org\apache\commons\commons-lang3\3.12.0\commons-lang3-3.12.0.jar;C:\Users\Rajpr\.m2\repository\org\apache\commons\commons-pool2\2.11.1\commons-pool2-2.11.1.jar;C:\Users\Rajpr\.m2\repository\org\apache\commons\commons-text\1.10.0\commons-text-1.10.0.jar;C:\Users\Rajpr\.m2\repository\org\apache\lucene\lucene-backward-codecs\5.5.5\lucene-backward-codecs-5.5.5.jar;C:\Users\Rajpr\.m2\repository\org\apache\lucene\lucene-core\5.5.5\lucene-core-5.5.5.jar;C:\Users\Rajpr\.m2\repository\org\carrot2\morfologik-fsa\2.1.9\morfologik-fsa-2.1.9.jar;C:\Users\Rajpr\.m2\repository\org\carrot2\morfologik-fsa-builders\2.1.9\morfologik-fsa-builders-2.1.9.jar;C:\Users\Rajpr\.m2\repository\org\carrot2\morfologik-speller\2.1.9\morfologik-speller-2.1.9.jar;C:\Users\Rajpr\.m2\repository\org\carrot2\morfologik-stemming\2.1.9\morfologik-stemming-2.1.9.jar;C:\Users\Rajpr\.m2\repository\org\glassfish\jaxb\jaxb-runtime\2.3.0\jaxb-runtime-2.3.0.jar;C:\Users\Rajpr\.m2\repository\org\glassfish\jaxb\jaxb-core\2.3.0\jaxb-core-2.3.0.jar;C:\Users\Rajpr\.m2\repository\org\glassfish\jaxb\txw2\2.3.0\txw2-2.3.0.jar;C:\Users\Rajpr\.m2\repository\com\sun\istack\istack-commons-runtime\3.0.5\istack-commons-runtime-3.0.5.jar;C:\Users\Rajpr\.m2\repository\org\jvnet\staxex\stax-ex\1.7.8\stax-ex-1.7.8.jar;C:\Users\Rajpr\.m2\repository\com\sun\xml\fastinfoset\FastInfoset\1.2.13\FastInfoset-1.2.13.jar;C:\Users\Rajpr\.m2\repository\org\jetbrains\annotations\20.1.0\annotations-20.1.0.jar;C:\Users\Rajpr\.m2\repository\it\unimi\dsi\fastutil-core\8.5.12\fastutil-core-8.5.12.jar;C:\Users\Rajpr\.m2\repository\org\json\json\20231013\json-20231013.jar;C:\Users\Rajpr\.m2\repository\tech\units\indriya\1.3\indriya-1.3.jar;C:\Users\Rajpr\.m2\repository\tech\uom\lib\uom-lib-common\1.1\uom-lib-common-1.1.jar;C:\Users\Rajpr\.m2\repository\edu\washington\cs\knowitall\openregex\1.1.1\openregex-1.1.1.jar;C:\Users\Rajpr\.m2\repository\io\github\java-diff-utils\java-diff-utils\4.12\java-diff-utils-4.12.jar;C:\Users\Rajpr\.m2\repository\org\languagetool\language-en\6.4\language-en-6.4.jar;C:\Users\Rajpr\.m2\repository\edu\washington\cs\knowitall\opennlp-chunk-models\1.5\opennlp-chunk-models-1.5.jar;C:\Users\Rajpr\.m2\repository\edu\washington\cs\knowitall\opennlp-postag-models\1.5\opennlp-postag-models-1.5.jar;C:\Users\Rajpr\.m2\repository\edu\washington\cs\knowitall\opennlp-tokenize-models\1.5\opennlp-tokenize-models-1.5.jar;C:\Users\Rajpr\.m2\repository\org\apache\opennlp\opennlp-tools\1.9.4\opennlp-tools-1.9.4.jar;C:\Users\Rajpr\.m2\repository\org\languagetool\english-pos-dict\0.3\english-pos-dict-0.3.jar;C:\Users\Rajpr\.m2\repository\net\sourceforge\tess4j\tess4j\5.11.0\tess4j-5.11.0.jar;C:\Users\Rajpr\.m2\repository\net\java\dev\jna\jna\5.14.0\jna-5.14.0.jar;C:\Users\Rajpr\.m2\repository\com\github\jai-imageio\jai-imageio-core\1.4.0\jai-imageio-core-1.4.0.jar;C:\Users\Rajpr\.m2\repository\org\apache\pdfbox\pdfbox\3.0.1\pdfbox-3.0.1.jar;C:\Users\Rajpr\.m2\repository\org\apache\pdfbox\pdfbox-io\3.0.1\pdfbox-io-3.0.1.jar;C:\Users\Rajpr\.m2\repository\org\apache\pdfbox\fontbox\3.0.1\fontbox-3.0.1.jar;C:\Users\Rajpr\.m2\repository\org\junit\jupiter\junit-jupiter\5.10.1\junit-jupiter-5.10.1.jar;C:\Users\Rajpr\.m2\repository\org\junit\jupiter\junit-jupiter-api\5.10.1\junit-jupiter-api-5.10.1.jar;C:\Users\Rajpr\.m2\repository\org\opentest4j\opentest4j\1.3.0\opentest4j-1.3.0.jar;C:\Users\Rajpr\.m2\repository\org\junit\platform\junit-platform-commons\1.10.1\junit-platform-commons-1.10.1.jar;C:\Users\Rajpr\.m2\repository\org\junit\jupiter\junit-jupiter-params\5.10.1\junit-jupiter-params-5.10.1.jar;C:\Users\Rajpr\.m2\repository\org\junit\jupiter\junit-jupiter-engine\5.10.1\junit-jupiter-engine-5.10.1.jar;C:\Users\Rajpr\.m2\repository\org\junit\platform\junit-platform-engine\1.10.1\junit-platform-engine-1.10.1.jar;C:\Users\Rajpr\.m2\repository\org\apache\pdfbox\pdfbox-tools\3.0.1\pdfbox-tools-3.0.1.jar;C:\Users\Rajpr\.m2\repository\org\apache\pdfbox\pdfbox-debugger\3.0.1\pdfbox-debugger-3.0.1.jar;C:\Users\Rajpr\.m2\repository\info\picocli\picocli\4.7.5\picocli-4.7.5.jar;C:\Users\Rajpr\.m2\repository\org\apache\pdfbox\jbig2-imageio\3.0.4\jbig2-imageio-3.0.4.jar;C:\Users\Rajpr\.m2\repository\net\sourceforge\lept4j\lept4j\1.19.1\lept4j-1.19.1.jar;C:\Users\Rajpr\.m2\repository\org\jboss\jboss-vfs\3.2.17.Final\jboss-vfs-3.2.17.Final.jar;C:\Users\Rajpr\.m2\repository\org\jboss\logging\jboss-logging\3.1.4.GA\jboss-logging-3.1.4.GA.jar
Launcher Type: SUN_STANDARD

[Global flags]
     intx CICompilerCount                          = 4                                         {product} {ergonomic}
     uint ConcGCThreads                            = 2                                         {product} {ergonomic}
     uint G1ConcRefinementThreads                  = 8                                         {product} {ergonomic}
   size_t G1HeapRegionSize                         = 1048576                                   {product} {ergonomic}
    uintx GCDrainStackTargetSize                   = 64                                        {product} {ergonomic}
   size_t InitialHeapSize                          = 132120576                                 {product} {ergonomic}
   size_t MarkStackSize                            = 4194304                                   {product} {ergonomic}
   size_t MaxHeapSize                              = 2105540608                                {product} {ergonomic}
   size_t MaxNewSize                               = 1262485504                                {product} {ergonomic}
   size_t MinHeapDeltaBytes                        = 1048576                                   {product} {ergonomic}
   size_t MinHeapSize                              = 8388608                                   {product} {ergonomic}
    uintx NonNMethodCodeHeapSize                   = 5839372                                {pd product} {ergonomic}
    uintx NonProfiledCodeHeapSize                  = 122909434                              {pd product} {ergonomic}
    uintx ProfiledCodeHeapSize                     = 122909434                              {pd product} {ergonomic}
    uintx ReservedCodeCacheSize                    = 251658240                              {pd product} {ergonomic}
     bool SegmentedCodeCache                       = true                                      {product} {ergonomic}
     bool ShowCodeDetailsInExceptionMessages       = true                                   {manageable} {command line}
   size_t SoftMaxHeapSize                          = 2105540608                             {manageable} {ergonomic}
     bool UseCompressedOops                        = true                           {product lp64_product} {ergonomic}
     bool UseG1GC                                  = true                                      {product} {ergonomic}
     bool UseLargePagesIndividualAllocation        = false                                  {pd product} {ergonomic}

Logging:
Log output configuration:
 #0: stdout all=warning uptime,level,tags foldmultilines=false
 #1: stderr all=off uptime,level,tags foldmultilines=false

Environment Variables:
JAVA_HOME=C:\Program Files\Java\jdk-21
PATH=C:/Program Files/Java/jdk-21/bin/server;C:/Program Files/Java/jdk-21/bin;C:\Program Files\nodejs;C:\Program Files\Git\cmd;c:\Program Files\Git\bin;C:\Program Files\Java\jdk-21\bin;C:\Users\Rajpr\scoop\shims;C:\Windows\System32;C:\Users\Rajpr\AppData\Local\Programs\Microsoft VS Code\bin;C:\Users\Rajpr\OneDrive\Desktop;
USERNAME=Rajpr
OS=Windows_NT
PROCESSOR_IDENTIFIER=Intel64 Family 6 Model 140 Stepping 1, GenuineIntel
TMP=C:\Users\Rajpr\AppData\Local\Temp
TEMP=C:\Users\Rajpr\AppData\Local\Temp




Periodic native trim disabled

---------------  S Y S T E M  ---------------

OS:
 Windows 11 , 64 bit Build 22621 (10.0.22621.3672)
OS uptime: 1 days 7:52 hours
Hyper-V role detected

CPU: total 8 (initial active 8) (4 cores per cpu, 2 threads per core) family 6 model 140 stepping 1 microcode 0xb6, cx8, cmov, fxsr, ht, mmx, 3dnowpref, sse, sse2, sse3, ssse3, sse4.1, sse4.2, popcnt, lzcnt, tsc, tscinvbit, avx, avx2, aes, erms, clmul, bmi1, bmi2, adx, avx512f, avx512dq, avx512cd, avx512bw, avx512vl, sha, fma, vzeroupper, avx512_vpopcntdq, avx512_vpclmulqdq, avx512_vaes, avx512_vnni, clflush, clflushopt, clwb, avx512_vbmi2, avx512_vbmi, hv, rdtscp, rdpid, fsrm, gfni, avx512_bitalg, f16c, cet_ibt, cet_ss, avx512_ifma
Processor Information for all 8 processors :
  Max Mhz: 2419, Current Mhz: 2419, Mhz Limit: 2419

Memory: 4k page, system-wide physical 8026M (158M free)
TotalPageFile size 23017M (AvailPageFile size 0M)
current process WorkingSet (physical memory assigned to process): 62M, peak: 158M
current process commit charge ("private bytes"): 225M, peak: 269M

vm_info: Java HotSpot(TM) 64-Bit Server VM (21.0.1+12-LTS-29) for windows-amd64 JRE (21.0.1+12-LTS-29), built on 2023-10-05T13:27:09Z by "mach5one" with MS VC++ 17.1 (VS2022)

END.
