#
# There is insufficient memory for the Java Runtime Environment to continue.
# Native memory allocation (malloc) failed to allocate 462416 bytes for Chunk::new
# Possible reasons:
#   The system is out of physical RAM or swap space
#   The process is running with CompressedOops enabled, and the Java Heap may be blocking the growth of the native heap
# Possible solutions:
#   Reduce memory load on the system
#   Increase physical memory or swap space
#   Check if swap backing store is full
#   Decrease Java heap size (-Xmx/-Xms)
#   Decrease number of Java threads
#   Decrease Java thread stack sizes (-Xss)
#   Set larger code cache with -XX:ReservedCodeCacheSize=
#   JVM is running with Unscaled Compressed Oops mode in which the Java heap is
#     placed in the first 4GB address space. The Java Heap base address is the
#     maximum limit for the native heap growth. Please use -XX:HeapBaseMinAddress
#     to set the Java Heap base and to place the Java Heap above 4GB virtual address.
# This output file may be truncated or incomplete.
#
#  Out of Memory Error (arena.cpp:168), pid=38308, tid=31428
#
# JRE version: Java(TM) SE Runtime Environment (21.0.1+12) (build 21.0.1+12-LTS-29)
# Java VM: Java HotSpot(TM) 64-Bit Server VM (21.0.1+12-LTS-29, mixed mode, sharing, tiered, compressed oops, compressed class ptrs, g1 gc, windows-amd64)
# No core dump will be written. Minidumps are not enabled by default on client versions of Windows
#

---------------  S U M M A R Y ------------

Command Line: -ea -Dfile.encoding=UTF-8 -Dstdout.encoding=UTF-8 -Dstderr.encoding=UTF-8 -XX:+ShowCodeDetailsInExceptionMessages org.testng.remote.RemoteTestNG -serport 53553 -protocol json -d C:\Users\Rajpr\eclipse-workspace\Team4_ScrappingHackers\test-output C:\Users\Rajpr\AppData\Local\Temp\testng-eclipse--368591273\testng-customsuite.xml

Host: 11th Gen Intel(R) Core(TM) i5-1135G7 @ 2.40GHz, 8 cores, 7G,  Windows 11 , 64 bit Build 22621 (10.0.22621.3672)
Time: Mon Jul 15 17:40:00 2024 Mountain Daylight Time elapsed time: 459.169728 seconds (0d 0h 7m 39s)

---------------  T H R E A D  ---------------

Current thread (0x000002af326fe910):  JavaThread "C2 CompilerThread0" daemon [_thread_in_native, id=31428, stack(0x000000d804600000,0x000000d804700000) (1024K)]


Current CompileTask:
C2: 459169 5691       4       jdk.internal.net.http.Http1Request::collectHeaders1 (148 bytes)

Stack: [0x000000d804600000,0x000000d804700000]
Native frames: (J=compiled Java code, j=interpreted, Vv=VM code, C=native code)
V  [jvm.dll+0x6c9029]
V  [jvm.dll+0x854b81]
V  [jvm.dll+0x856e5e]
V  [jvm.dll+0x857543]
V  [jvm.dll+0x280c06]
V  [jvm.dll+0xc3ead]
V  [jvm.dll+0xc43c3]
V  [jvm.dll+0x3b5732]
V  [jvm.dll+0x1e20b9]
V  [jvm.dll+0x249c22]
V  [jvm.dll+0x2490b1]
V  [jvm.dll+0x1c9ca1]
V  [jvm.dll+0x2586b9]
V  [jvm.dll+0x256c9a]
V  [jvm.dll+0x3ef1b6]
V  [jvm.dll+0x7fd728]
V  [jvm.dll+0x6c777d]
C  [ucrtbase.dll+0x29333]
C  [KERNEL32.DLL+0x1257d]
C  [ntdll.dll+0x5af28]


---------------  P R O C E S S  ---------------

Threads class SMR info:
_java_thread_list=0x000002af7a63b850, length=148, elements={
0x000002af15de7860, 0x000002af326cbde0, 0x000002af326ccd00, 0x000002af326cf340,
0x000002af326d01a0, 0x000002af326dafd0, 0x000002af326fba40, 0x000002af326fe910,
0x000002af32705b30, 0x000002af32a4cb70, 0x000002af32a4db70, 0x000002af78200d20,
0x000002af7932a2c0, 0x000002af79416f60, 0x000002af794175d0, 0x000002af79417c40,
0x000002af794182b0, 0x000002af78ca6040, 0x000002af78ca66b0, 0x000002af794099a0,
0x000002af7940ba70, 0x000002af7940a030, 0x000002af795ba1c0, 0x000002af795ba850,
0x000002af795b5300, 0x000002af795b5990, 0x000002af795b94a0, 0x000002af795b66b0,
0x000002af795b4c70, 0x000002af795baee0, 0x000002af795bb570, 0x000002af795b80f0,
0x000002af795b8e10, 0x000002af795b8780, 0x000002af795b9b30, 0x000002af795bc290,
0x000002af795b6d40, 0x000002af795b73d0, 0x000002af795b7a60, 0x000002af7940ad50,
0x000002af7940a6c0, 0x000002af794085f0, 0x000002af79409310, 0x000002af79d2efa0,
0x000002af79d32420, 0x000002af79d2d560, 0x000002af79d32ab0, 0x000002af79d2bb20,
0x000002af79d2c1b0, 0x000002af79d33140, 0x000002af79d31070, 0x000002af79d30350,
0x000002af79d2dbf0, 0x000002af79d2e280, 0x000002af79d31700, 0x000002af79d31d90,
0x000002af79d2fcc0, 0x000002af79793020, 0x000002af7978c090, 0x000002af797915e0,
0x000002af79791c70, 0x000002af7978ee80, 0x000002af7978cdb0, 0x000002af79e66a20,
0x000002af7a425be0, 0x000002af7a427cb0, 0x000002af7a425550, 0x000002af7a4241a0,
0x000002af7a426f90, 0x000002af7a426900, 0x000002af7a4296f0, 0x000002af7a422df0,
0x000002af79f71a00, 0x000002af79f72db0, 0x000002af79f70ce0, 0x000002af79f71370,
0x000002af79f72720, 0x000002af79792990, 0x000002af7978ba00, 0x000002af79790230,
0x000002af79790f50, 0x000002af7978dad0, 0x000002af7978e160, 0x000002af797908c0,
0x000002af7a428340, 0x000002af7a4289d0, 0x000002af7a429060, 0x000002af7a429d80,
0x000002af79f6f2a0, 0x000002af79f6be20, 0x000002af79f6f930, 0x000002af79f6ffc0,
0x000002af79e68460, 0x000002af79e68af0, 0x000002af79d2f630, 0x000002af79d2ced0,
0x000002af79d2e910, 0x000002af79d309e0, 0x000002af79f6cb40, 0x000002af79f6d860,
0x000002af79f6def0, 0x000002af7978f510, 0x000002af79e670b0, 0x000002af79e67740,
0x000002af79408c80, 0x000002af787386e0, 0x000002af78739400, 0x000002af7873cf10,
0x000002af7873d5a0, 0x000002af7873b4d0, 0x000002af78739a90, 0x000002af7873c1f0,
0x000002af7873a120, 0x000002af78736ca0, 0x000002af7873e2c0, 0x000002af7940b3e0,
0x000002af7874aef0, 0x000002af7874c2a0, 0x000002af78750440, 0x000002af7874f720,
0x000002af7874bc10, 0x000002af7874f090, 0x000002af78750ad0, 0x000002af7874c930,
0x000002af7874fdb0, 0x000002af78749b40, 0x000002af7874d650, 0x000002af7874b580,
0x000002af7874cfc0, 0x000002af79f72090, 0x000002af79f6d1d0, 0x000002af79f6c4b0,
0x000002af79f6e580, 0x000002af79f6ec10, 0x000002af7873bb60, 0x000002af787379c0,
0x000002af7873a7b0, 0x000002af7978d440, 0x000002af79792300, 0x000002af7978c720,
0x000002af7978e7f0, 0x000002af7978fba0, 0x000002af7a426270, 0x000002af7a423480,
0x000002af7a427620, 0x000002af7a423b10, 0x000002af7a424830, 0x000002af7a424ec0
}

Java Threads: ( => current thread )
  0x000002af15de7860 JavaThread "main"                              [_thread_blocked, id=2408, stack(0x000000d803800000,0x000000d803900000) (1024K)]
  0x000002af326cbde0 JavaThread "Reference Handler"          daemon [_thread_blocked, id=39960, stack(0x000000d804000000,0x000000d804100000) (1024K)]
  0x000002af326ccd00 JavaThread "Finalizer"                  daemon [_thread_blocked, id=14488, stack(0x000000d804100000,0x000000d804200000) (1024K)]
  0x000002af326cf340 JavaThread "Signal Dispatcher"          daemon [_thread_blocked, id=17592, stack(0x000000d804200000,0x000000d804300000) (1024K)]
  0x000002af326d01a0 JavaThread "Attach Listener"            daemon [_thread_blocked, id=22924, stack(0x000000d804300000,0x000000d804400000) (1024K)]
  0x000002af326dafd0 JavaThread "Service Thread"             daemon [_thread_blocked, id=8872, stack(0x000000d804400000,0x000000d804500000) (1024K)]
  0x000002af326fba40 JavaThread "Monitor Deflation Thread"   daemon [_thread_blocked, id=20992, stack(0x000000d804500000,0x000000d804600000) (1024K)]
=>0x000002af326fe910 JavaThread "C2 CompilerThread0"         daemon [_thread_in_native, id=31428, stack(0x000000d804600000,0x000000d804700000) (1024K)]
  0x000002af32705b30 JavaThread "C1 CompilerThread0"         daemon [_thread_blocked, id=31836, stack(0x000000d804700000,0x000000d804800000) (1024K)]
  0x000002af32a4cb70 JavaThread "Notification Thread"        daemon [_thread_blocked, id=37624, stack(0x000000d804800000,0x000000d804900000) (1024K)]
  0x000002af32a4db70 JavaThread "Common-Cleaner"             daemon [_thread_blocked, id=30104, stack(0x000000d804900000,0x000000d804a00000) (1024K)]
  0x000002af78200d20 JavaThread "ReaderThread"                      [_thread_in_native, id=43484, stack(0x000000d804c00000,0x000000d804d00000) (1024K)]
  0x000002af7932a2c0 JavaThread "Forwarding get on session 7aa45d45eb6cd0f8593cc114c701fa88 to remote"        [_thread_blocked, id=13456, stack(0x000000d805200000,0x000000d805300000) (1024K)]
  0x000002af79416f60 JavaThread "Forwarding get on session 4684833222609938a5f7d411d8130b24 to remote"        [_thread_blocked, id=12276, stack(0x000000d805300000,0x000000d805400000) (1024K)]
  0x000002af794175d0 JavaThread "Forwarding get on session 6f0c6247c835075a24585b72ab3bc007 to remote"        [_thread_blocked, id=35296, stack(0x000000d805400000,0x000000d805500000) (1024K)]
  0x000002af79417c40 JavaThread "Forwarding get on session 79fe54b0a47dfe3e6298e06bdee71a40 to remote"        [_thread_blocked, id=1756, stack(0x000000d805500000,0x000000d805600000) (1024K)]
  0x000002af794182b0 JavaThread "Forwarding get on session dd5df5d7b3e3e7aa8a3fabeac2abf84a to remote"        [_thread_blocked, id=35908, stack(0x000000d805600000,0x000000d805700000) (1024K)]
  0x000002af78ca6040 JavaThread "Forwarding get on session 9d4174d27e6e30cf2c72cd4146349a13 to remote"        [_thread_blocked, id=31372, stack(0x000000d805700000,0x000000d805800000) (1024K)]
  0x000002af78ca66b0 JavaThread "Forwarding get on session 0967210a0773ef2b3cdd6865b1a683c5 to remote"        [_thread_blocked, id=9232, stack(0x000000d805800000,0x000000d805900000) (1024K)]
  0x000002af794099a0 JavaThread "Forwarding get on session c0ea9ef9cc450f75501161842558894d to remote"        [_thread_blocked, id=23620, stack(0x000000d805900000,0x000000d805a00000) (1024K)]
  0x000002af7940ba70 JavaThread "Forwarding get on session 06a64e816a98f8b4dde0c173938ae9fa to remote"        [_thread_blocked, id=39768, stack(0x000000d805a00000,0x000000d805b00000) (1024K)]
  0x000002af7940a030 JavaThread "Forwarding get on session f76b36b485a1d0a78940868530cb3113 to remote"        [_thread_blocked, id=32716, stack(0x000000d805b00000,0x000000d805c00000) (1024K)]
  0x000002af795ba1c0 JavaThread "ForkJoinPool.commonPool-worker-1" daemon [_thread_blocked, id=33312, stack(0x000000d804a00000,0x000000d804b00000) (1024K)]
  0x000002af795ba850 JavaThread "HttpClient-6-SelectorManager" daemon [_thread_in_native, id=3232, stack(0x000000d806000000,0x000000d806100000) (1024K)]
  0x000002af795b5300 JavaThread "HttpClient-9-SelectorManager" daemon [_thread_in_native, id=29504, stack(0x000000d806100000,0x000000d806200000) (1024K)]
  0x000002af795b5990 JavaThread "HttpClient-4-SelectorManager" daemon [_thread_in_native, id=40032, stack(0x000000d806200000,0x000000d806300000) (1024K)]
  0x000002af795b94a0 JavaThread "HttpClient-3-SelectorManager" daemon [_thread_in_native, id=24844, stack(0x000000d806300000,0x000000d806400000) (1024K)]
  0x000002af795b66b0 JavaThread "HttpClient-2-SelectorManager" daemon [_thread_in_native, id=31684, stack(0x000000d806400000,0x000000d806500000) (1024K)]
  0x000002af795b4c70 JavaThread "HttpClient-10-SelectorManager" daemon [_thread_in_native, id=8080, stack(0x000000d806500000,0x000000d806600000) (1024K)]
  0x000002af795baee0 JavaThread "HttpClient-8-SelectorManager" daemon [_thread_in_native, id=21508, stack(0x000000d806600000,0x000000d806700000) (1024K)]
  0x000002af795bb570 JavaThread "HttpClient-5-SelectorManager" daemon [_thread_in_native, id=41676, stack(0x000000d806700000,0x000000d806800000) (1024K)]
  0x000002af795b80f0 JavaThread "HttpClient-7-SelectorManager" daemon [_thread_in_native, id=13808, stack(0x000000d806800000,0x000000d806900000) (1024K)]
  0x000002af795b8e10 JavaThread "HttpClient-1-SelectorManager" daemon [_thread_in_native, id=40496, stack(0x000000d806900000,0x000000d806a00000) (1024K)]
  0x000002af795b8780 JavaThread "External Process Output Forwarder - C:\Users\Rajpr\.cache\selenium\chromedriver\win64\126.0.6478.126\chromedriver.exe"        [_thread_in_native, id=32924, stack(0x000000d806a00000,0x000000d806b00000) (1024K)]
  0x000002af795b9b30 JavaThread "Driver Service Executor"    daemon [_thread_blocked, id=40360, stack(0x000000d806b00000,0x000000d806c00000) (1024K)]
  0x000002af795bc290 JavaThread "Driver Service Executor"    daemon [_thread_blocked, id=37312, stack(0x000000d806c00000,0x000000d806d00000) (1024K)]
  0x000002af795b6d40 JavaThread "External Process Output Forwarder - C:\Users\Rajpr\.cache\selenium\chromedriver\win64\126.0.6478.126\chromedriver.exe"        [_thread_in_native, id=38396, stack(0x000000d806e00000,0x000000d806f00000) (1024K)]
  0x000002af795b73d0 JavaThread "Driver Service Executor"    daemon [_thread_blocked, id=7120, stack(0x000000d806f00000,0x000000d807000000) (1024K)]
  0x000002af795b7a60 JavaThread "Driver Service Executor"    daemon [_thread_blocked, id=21336, stack(0x000000d807000000,0x000000d807100000) (1024K)]
  0x000002af7940ad50 JavaThread "External Process Output Forwarder - C:\Users\Rajpr\.cache\selenium\chromedriver\win64\126.0.6478.126\chromedriver.exe"        [_thread_in_native, id=17960, stack(0x000000d807200000,0x000000d807300000) (1024K)]
  0x000002af7940a6c0 JavaThread "Driver Service Executor"    daemon [_thread_blocked, id=41880, stack(0x000000d807300000,0x000000d807400000) (1024K)]
  0x000002af794085f0 JavaThread "Driver Service Executor"    daemon [_thread_blocked, id=19020, stack(0x000000d807400000,0x000000d807500000) (1024K)]
  0x000002af79409310 JavaThread "External Process Output Forwarder - C:\Users\Rajpr\.cache\selenium\chromedriver\win64\126.0.6478.126\chromedriver.exe"        [_thread_in_native, id=19592, stack(0x000000d807600000,0x000000d807700000) (1024K)]
  0x000002af79d2efa0 JavaThread "Driver Service Executor"    daemon [_thread_blocked, id=43856, stack(0x000000d807700000,0x000000d807800000) (1024K)]
  0x000002af79d32420 JavaThread "Driver Service Executor"    daemon [_thread_blocked, id=29964, stack(0x000000d807800000,0x000000d807900000) (1024K)]
  0x000002af79d2d560 JavaThread "External Process Output Forwarder - C:\Users\Rajpr\.cache\selenium\chromedriver\win64\126.0.6478.126\chromedriver.exe"        [_thread_in_native, id=25852, stack(0x000000d807a00000,0x000000d807b00000) (1024K)]
  0x000002af79d32ab0 JavaThread "Driver Service Executor"    daemon [_thread_blocked, id=33132, stack(0x000000d807b00000,0x000000d807c00000) (1024K)]
  0x000002af79d2bb20 JavaThread "Driver Service Executor"    daemon [_thread_blocked, id=17884, stack(0x000000d807c00000,0x000000d807d00000) (1024K)]
  0x000002af79d2c1b0 JavaThread "External Process Output Forwarder - C:\Users\Rajpr\.cache\selenium\chromedriver\win64\126.0.6478.126\chromedriver.exe"        [_thread_in_native, id=42688, stack(0x000000d807e00000,0x000000d807f00000) (1024K)]
  0x000002af79d33140 JavaThread "Driver Service Executor"    daemon [_thread_blocked, id=37660, stack(0x000000d807f00000,0x000000d808000000) (1024K)]
  0x000002af79d31070 JavaThread "Driver Service Executor"    daemon [_thread_blocked, id=43828, stack(0x000000d808000000,0x000000d808100000) (1024K)]
  0x000002af79d30350 JavaThread "External Process Output Forwarder - C:\Users\Rajpr\.cache\selenium\chromedriver\win64\126.0.6478.126\chromedriver.exe"        [_thread_in_native, id=10940, stack(0x000000d808200000,0x000000d808300000) (1024K)]
  0x000002af79d2dbf0 JavaThread "Driver Service Executor"    daemon [_thread_blocked, id=25212, stack(0x000000d808300000,0x000000d808400000) (1024K)]
  0x000002af79d2e280 JavaThread "Driver Service Executor"    daemon [_thread_blocked, id=23580, stack(0x000000d808400000,0x000000d808500000) (1024K)]
  0x000002af79d31700 JavaThread "External Process Output Forwarder - C:\Users\Rajpr\.cache\selenium\chromedriver\win64\126.0.6478.126\chromedriver.exe"        [_thread_in_native, id=42980, stack(0x000000d808600000,0x000000d808700000) (1024K)]
  0x000002af79d31d90 JavaThread "Driver Service Executor"    daemon [_thread_blocked, id=29152, stack(0x000000d808700000,0x000000d808800000) (1024K)]
  0x000002af79d2fcc0 JavaThread "Driver Service Executor"    daemon [_thread_blocked, id=23112, stack(0x000000d808800000,0x000000d808900000) (1024K)]
  0x000002af79793020 JavaThread "External Process Output Forwarder - C:\Users\Rajpr\.cache\selenium\chromedriver\win64\126.0.6478.126\chromedriver.exe"        [_thread_in_native, id=23280, stack(0x000000d808b00000,0x000000d808c00000) (1024K)]
  0x000002af7978c090 JavaThread "Driver Service Executor"    daemon [_thread_blocked, id=25480, stack(0x000000d808c00000,0x000000d808d00000) (1024K)]
  0x000002af797915e0 JavaThread "Driver Service Executor"    daemon [_thread_blocked, id=37520, stack(0x000000d808d00000,0x000000d808e00000) (1024K)]
  0x000002af79791c70 JavaThread "External Process Output Forwarder - C:\Users\Rajpr\.cache\selenium\chromedriver\win64\126.0.6478.126\chromedriver.exe"        [_thread_in_native, id=23656, stack(0x000000d808e00000,0x000000d808f00000) (1024K)]
  0x000002af7978ee80 JavaThread "Driver Service Executor"    daemon [_thread_blocked, id=29332, stack(0x000000d808f00000,0x000000d809000000) (1024K)]
  0x000002af7978cdb0 JavaThread "Driver Service Executor"    daemon [_thread_blocked, id=43440, stack(0x000000d809000000,0x000000d809100000) (1024K)]
  0x000002af79e66a20 JavaThread "ForkJoinPool.commonPool-worker-2" daemon [_thread_blocked, id=25696, stack(0x000000d805e00000,0x000000d805f00000) (1024K)]
  0x000002af7a425be0 JavaThread "HttpClient-15-SelectorManager" daemon [_thread_in_native, id=43560, stack(0x000000d80a700000,0x000000d80a800000) (1024K)]
  0x000002af7a427cb0 JavaThread "HttpClient-18-SelectorManager" daemon [_thread_in_native, id=37796, stack(0x000000d80ab00000,0x000000d80ac00000) (1024K)]
  0x000002af7a425550 JavaThread "HttpClient-20-SelectorManager" daemon [_thread_in_native, id=42700, stack(0x000000d80ad00000,0x000000d80ae00000) (1024K)]
  0x000002af7a4241a0 JavaThread "HttpClient-13-SelectorManager" daemon [_thread_in_native, id=23596, stack(0x000000d80af00000,0x000000d80b000000) (1024K)]
  0x000002af7a426f90 JavaThread "HttpClient-12-SelectorManager" daemon [_thread_in_native, id=21728, stack(0x000000d80b100000,0x000000d80b200000) (1024K)]
  0x000002af7a426900 JavaThread "HttpClient-14-SelectorManager" daemon [_thread_in_native, id=14224, stack(0x000000d80b300000,0x000000d80b400000) (1024K)]
  0x000002af7a4296f0 JavaThread "HttpClient-17-SelectorManager" daemon [_thread_in_native, id=31328, stack(0x000000d80b400000,0x000000d80b500000) (1024K)]
  0x000002af7a422df0 JavaThread "HttpClient-11-SelectorManager" daemon [_thread_in_native, id=24548, stack(0x000000d80b700000,0x000000d80b800000) (1024K)]
  0x000002af79f71a00 JavaThread "HttpClient-19-SelectorManager" daemon [_thread_in_native, id=16096, stack(0x000000d80bb00000,0x000000d80bc00000) (1024K)]
  0x000002af79f72db0 JavaThread "HttpClient-16-SelectorManager" daemon [_thread_in_native, id=43908, stack(0x000000d80c000000,0x000000d80c100000) (1024K)]
  0x000002af79f70ce0 JavaThread "pool-4-thread-5"                   [_thread_blocked, id=24096, stack(0x000000d807900000,0x000000d807a00000) (1024K)]
  0x000002af79f71370 JavaThread "pool-4-thread-6"                   [_thread_blocked, id=36500, stack(0x000000d807d00000,0x000000d807e00000) (1024K)]
  0x000002af79f72720 JavaThread "pool-4-thread-7"                   [_thread_blocked, id=26680, stack(0x000000d808100000,0x000000d808200000) (1024K)]
  0x000002af79792990 JavaThread "pool-7-thread-4"                   [_thread_blocked, id=37876, stack(0x000000d809900000,0x000000d809a00000) (1024K)]
  0x000002af7978ba00 JavaThread "pool-7-thread-5"                   [_thread_blocked, id=12124, stack(0x000000d809b00000,0x000000d809c00000) (1024K)]
  0x000002af79790230 JavaThread "pool-7-thread-6"                   [_thread_blocked, id=39828, stack(0x000000d809c00000,0x000000d809d00000) (1024K)]
  0x000002af79790f50 JavaThread "pool-1-thread-4"                   [_thread_blocked, id=31776, stack(0x000000d809f00000,0x000000d80a000000) (1024K)]
  0x000002af7978dad0 JavaThread "pool-1-thread-6"                   [_thread_blocked, id=19856, stack(0x000000d80a100000,0x000000d80a200000) (1024K)]
  0x000002af7978e160 JavaThread "pool-2-thread-4"                   [_thread_blocked, id=35964, stack(0x000000d80a200000,0x000000d80a300000) (1024K)]
  0x000002af797908c0 JavaThread "pool-2-thread-5"                   [_thread_blocked, id=3760, stack(0x000000d80a300000,0x000000d80a400000) (1024K)]
  0x000002af7a428340 JavaThread "HttpClient-21-SelectorManager" daemon [_thread_in_native, id=21312, stack(0x000000d803500000,0x000000d803600000) (1024K)]
  0x000002af7a4289d0 JavaThread "External Process Output Forwarder - C:\Users\Rajpr\.cache\selenium\chromedriver\win64\126.0.6478.126\chromedriver.exe"        [_thread_in_native, id=35096, stack(0x000000d803600000,0x000000d803700000) (1024K)]
  0x000002af7a429060 JavaThread "Driver Service Executor"    daemon [_thread_blocked, id=23272, stack(0x000000d803700000,0x000000d803800000) (1024K)]
  0x000002af7a429d80 JavaThread "Driver Service Executor"    daemon [_thread_blocked, id=13200, stack(0x000000d809600000,0x000000d809700000) (1024K)]
  0x000002af79f6f2a0 JavaThread "pool-21-thread-2"                  [_thread_blocked, id=18912, stack(0x000000d80a600000,0x000000d80a700000) (1024K)]
  0x000002af79f6be20 JavaThread "pool-10-thread-7"                  [_thread_blocked, id=24676, stack(0x000000d80a800000,0x000000d80a900000) (1024K)]
  0x000002af79f6f930 JavaThread "pool-10-thread-8"                  [_thread_blocked, id=41292, stack(0x000000d80a900000,0x000000d80aa00000) (1024K)]
  0x000002af79f6ffc0 JavaThread "pool-10-thread-9"                  [_thread_blocked, id=12156, stack(0x000000d80aa00000,0x000000d80ab00000) (1024K)]
  0x000002af79e68460 JavaThread "HttpClient-22-SelectorManager" daemon [_thread_in_native, id=13380, stack(0x000000d80ac00000,0x000000d80ad00000) (1024K)]
  0x000002af79e68af0 JavaThread "pool-21-thread-3"                  [_thread_blocked, id=42364, stack(0x000000d80b500000,0x000000d80b600000) (1024K)]
  0x000002af79d2f630 JavaThread "pool-2-thread-7"                   [_thread_blocked, id=30812, stack(0x000000d80b800000,0x000000d80b900000) (1024K)]
  0x000002af79d2ced0 JavaThread "pool-6-thread-6"                   [_thread_blocked, id=23436, stack(0x000000d808500000,0x000000d808600000) (1024K)]
  0x000002af79d2e910 JavaThread "pool-6-thread-7"                   [_thread_blocked, id=23772, stack(0x000000d808a00000,0x000000d808b00000) (1024K)]
  0x000002af79d309e0 JavaThread "pool-6-thread-8"                   [_thread_blocked, id=25308, stack(0x000000d809200000,0x000000d809300000) (1024K)]
  0x000002af79f6cb40 JavaThread "External Process Output Forwarder - C:\Users\Rajpr\.cache\selenium\chromedriver\win64\126.0.6478.126\chromedriver.exe"        [_thread_in_native, id=28572, stack(0x000000d809500000,0x000000d809600000) (1024K)]
  0x000002af79f6d860 JavaThread "Driver Service Executor"    daemon [_thread_blocked, id=29000, stack(0x000000d809700000,0x000000d809800000) (1024K)]
  0x000002af79f6def0 JavaThread "Driver Service Executor"    daemon [_thread_blocked, id=27548, stack(0x000000d80b900000,0x000000d80ba00000) (1024K)]
  0x000002af7978f510 JavaThread "HttpClient-24-SelectorManager" daemon [_thread_in_native, id=17224, stack(0x000000d80c100000,0x000000d80c200000) (1024K)]
  0x000002af79e670b0 JavaThread "External Process Output Forwarder - C:\Users\Rajpr\.cache\selenium\chromedriver\win64\126.0.6478.126\chromedriver.exe"        [_thread_in_native, id=27644, stack(0x000000d80b000000,0x000000d80b100000) (1024K)]
  0x000002af79e67740 JavaThread "Driver Service Executor"    daemon [_thread_blocked, id=35264, stack(0x000000d80b200000,0x000000d80b300000) (1024K)]
  0x000002af79408c80 JavaThread "Driver Service Executor"    daemon [_thread_blocked, id=29324, stack(0x000000d80bc00000,0x000000d80bd00000) (1024K)]
  0x000002af787386e0 JavaThread "HttpClient-26-SelectorManager" daemon [_thread_in_native, id=26816, stack(0x000000d80c900000,0x000000d80ca00000) (1024K)]
  0x000002af78739400 JavaThread "External Process Output Forwarder - C:\Users\Rajpr\.cache\selenium\chromedriver\win64\126.0.6478.126\chromedriver.exe"        [_thread_in_native, id=41804, stack(0x000000d80ce00000,0x000000d80cf00000) (1024K)]
  0x000002af7873cf10 JavaThread "Driver Service Executor"    daemon [_thread_blocked, id=10228, stack(0x000000d80cf00000,0x000000d80d000000) (1024K)]
  0x000002af7873d5a0 JavaThread "Driver Service Executor"    daemon [_thread_blocked, id=2008, stack(0x000000d80d000000,0x000000d80d100000) (1024K)]
  0x000002af7873b4d0 JavaThread "HttpClient-28-SelectorManager" daemon [_thread_in_native, id=32848, stack(0x000000d80cd00000,0x000000d80ce00000) (1024K)]
  0x000002af78739a90 JavaThread "External Process Output Forwarder - C:\Users\Rajpr\.cache\selenium\chromedriver\win64\126.0.6478.126\chromedriver.exe"        [_thread_in_native, id=43812, stack(0x000000d80d100000,0x000000d80d200000) (1024K)]
  0x000002af7873c1f0 JavaThread "Driver Service Executor"    daemon [_thread_blocked, id=26212, stack(0x000000d80d200000,0x000000d80d300000) (1024K)]
  0x000002af7873a120 JavaThread "Driver Service Executor"    daemon [_thread_blocked, id=18516, stack(0x000000d80d300000,0x000000d80d400000) (1024K)]
  0x000002af78736ca0 JavaThread "pool-28-thread-1"                  [_thread_blocked, id=42172, stack(0x000000d80d800000,0x000000d80d900000) (1024K)]
  0x000002af7873e2c0 JavaThread "pool-28-thread-2"                  [_thread_blocked, id=18484, stack(0x000000d80d900000,0x000000d80da00000) (1024K)]
  0x000002af7940b3e0 JavaThread "pool-28-thread-3"                  [_thread_blocked, id=35856, stack(0x000000d80da00000,0x000000d80db00000) (1024K)]
  0x000002af7874aef0 JavaThread "HttpClient-29-SelectorManager" daemon [_thread_in_native, id=39012, stack(0x000000d80db00000,0x000000d80dc00000) (1024K)]
  0x000002af7874c2a0 JavaThread "HttpClient-30-SelectorManager" daemon [_thread_in_native, id=28796, stack(0x000000d80df00000,0x000000d80e000000) (1024K)]
  0x000002af78750440 JavaThread "pool-1-thread-8"                   [_thread_blocked, id=37828, stack(0x000000d808900000,0x000000d808a00000) (1024K)]
  0x000002af7874f720 JavaThread "HttpClient-31-SelectorManager" daemon [_thread_in_native, id=31872, stack(0x000000d809300000,0x000000d809400000) (1024K)]
  0x000002af7874bc10 JavaThread "External Process Output Forwarder - C:\Users\Rajpr\.cache\selenium\chromedriver\win64\126.0.6478.126\chromedriver.exe"        [_thread_in_native, id=30776, stack(0x000000d809800000,0x000000d809900000) (1024K)]
  0x000002af7874f090 JavaThread "Driver Service Executor"    daemon [_thread_blocked, id=13576, stack(0x000000d809a00000,0x000000d809b00000) (1024K)]
  0x000002af78750ad0 JavaThread "Driver Service Executor"    daemon [_thread_blocked, id=21232, stack(0x000000d809d00000,0x000000d809e00000) (1024K)]
  0x000002af7874c930 JavaThread "UrlChecker-13"              daemon [_thread_blocked, id=34584, stack(0x000000d809e00000,0x000000d809f00000) (1024K)]
  0x000002af7874fdb0 JavaThread "pool-31-thread-1"                  [_thread_blocked, id=41076, stack(0x000000d80b600000,0x000000d80b700000) (1024K)]
  0x000002af78749b40 JavaThread "pool-31-thread-2"                  [_thread_blocked, id=24200, stack(0x000000d80ba00000,0x000000d80bb00000) (1024K)]
  0x000002af7874d650 JavaThread "HttpClient-32-SelectorManager" daemon [_thread_in_native, id=28292, stack(0x000000d80be00000,0x000000d80bf00000) (1024K)]
  0x000002af7874b580 JavaThread "pool-31-thread-4"                  [_thread_blocked, id=36812, stack(0x000000d80a000000,0x000000d80a100000) (1024K)]
  0x000002af7874cfc0 JavaThread "pool-21-thread-4"                  [_thread_blocked, id=21592, stack(0x000000d80c400000,0x000000d80c500000) (1024K)]
  0x000002af79f72090 JavaThread "HttpClient-33-SelectorManager" daemon [_thread_in_native, id=21376, stack(0x000000d80c600000,0x000000d80c700000) (1024K)]
  0x000002af79f6d1d0 JavaThread "External Process Output Forwarder - C:\Users\Rajpr\.cache\selenium\chromedriver\win64\126.0.6478.126\chromedriver.exe"        [_thread_in_native, id=23152, stack(0x000000d80c700000,0x000000d80c800000) (1024K)]
  0x000002af79f6c4b0 JavaThread "Driver Service Executor"    daemon [_thread_blocked, id=23428, stack(0x000000d80c800000,0x000000d80c900000) (1024K)]
  0x000002af79f6e580 JavaThread "Driver Service Executor"    daemon [_thread_blocked, id=23432, stack(0x000000d80ca00000,0x000000d80cb00000) (1024K)]
  0x000002af79f6ec10 JavaThread "pool-33-thread-1"                  [_thread_blocked, id=33136, stack(0x000000d80cc00000,0x000000d80cd00000) (1024K)]
  0x000002af7873bb60 JavaThread "pool-33-thread-2"                  [_thread_blocked, id=33152, stack(0x000000d80d400000,0x000000d80d500000) (1024K)]
  0x000002af787379c0 JavaThread "pool-33-thread-3"                  [_thread_blocked, id=34056, stack(0x000000d80d500000,0x000000d80d600000) (1024K)]
  0x000002af7873a7b0 JavaThread "HttpClient-34-SelectorManager" daemon [_thread_in_native, id=43056, stack(0x000000d80dc00000,0x000000d80dd00000) (1024K)]
  0x000002af7978d440 JavaThread "pool-2-thread-8"                   [_thread_blocked, id=14112, stack(0x000000d809400000,0x000000d809500000) (1024K)]
  0x000002af79792300 JavaThread "HttpClient-35-SelectorManager" daemon [_thread_in_native, id=18468, stack(0x000000d805f00000,0x000000d806000000) (1024K)]
  0x000002af7978c720 JavaThread "External Process Output Forwarder - C:\Users\Rajpr\.cache\selenium\chromedriver\win64\126.0.6478.126\chromedriver.exe"        [_thread_in_native, id=24500, stack(0x000000d806d00000,0x000000d806e00000) (1024K)]
  0x000002af7978e7f0 JavaThread "Driver Service Executor"    daemon [_thread_blocked, id=9660, stack(0x000000d807100000,0x000000d807200000) (1024K)]
  0x000002af7978fba0 JavaThread "Driver Service Executor"    daemon [_thread_in_native, id=33184, stack(0x000000d807500000,0x000000d807600000) (1024K)]
  0x000002af7a426270 JavaThread "pool-35-thread-1"                  [_thread_blocked, id=44104, stack(0x000000d80ae00000,0x000000d80af00000) (1024K)]
  0x000002af7a423480 JavaThread "pool-35-thread-2"                  [_thread_blocked, id=44108, stack(0x000000d80bd00000,0x000000d80be00000) (1024K)]
  0x000002af7a427620 JavaThread "HttpClient-36-SelectorManager" daemon [_thread_in_native, id=18964, stack(0x000000d80a500000,0x000000d80a600000) (1024K)]
  0x000002af7a423b10 JavaThread "pool-36-thread-1"                  [_thread_blocked, id=8656, stack(0x000000d80bf00000,0x000000d80c000000) (1024K)]
  0x000002af7a424830 JavaThread "pool-36-thread-2"                  [_thread_blocked, id=15332, stack(0x000000d80c200000,0x000000d80c300000) (1024K)]
  0x000002af7a424ec0 JavaThread "pool-35-thread-3"                  [_thread_blocked, id=11732, stack(0x000000d80c300000,0x000000d80c400000) (1024K)]
Total: 148

Other Threads:
  0x000002af326ad410 VMThread "VM Thread"                           [id=3380, stack(0x000000d803f00000,0x000000d804000000) (1024K)]
  0x000002af326964c0 WatcherThread "VM Periodic Task Thread"        [id=41184, stack(0x000000d803e00000,0x000000d803f00000) (1024K)]
  0x000002af15e40280 WorkerThread "GC Thread#0"                     [id=13300, stack(0x000000d803900000,0x000000d803a00000) (1024K)]
  0x000002af78adb140 WorkerThread "GC Thread#1"                     [id=22964, stack(0x000000d804d00000,0x000000d804e00000) (1024K)]
  0x000002af78adb4e0 WorkerThread "GC Thread#2"                     [id=19984, stack(0x000000d804e00000,0x000000d804f00000) (1024K)]
  0x000002af78adb880 WorkerThread "GC Thread#3"                     [id=25224, stack(0x000000d804f00000,0x000000d805000000) (1024K)]
  0x000002af791a2c30 WorkerThread "GC Thread#4"                     [id=27268, stack(0x000000d805000000,0x000000d805100000) (1024K)]
  0x000002af791a2fd0 WorkerThread "GC Thread#5"                     [id=20544, stack(0x000000d805100000,0x000000d805200000) (1024K)]
  0x000002af79277c50 WorkerThread "GC Thread#6"                     [id=18892, stack(0x000000d805c00000,0x000000d805d00000) (1024K)]
  0x000002af79277ff0 WorkerThread "GC Thread#7"                     [id=24636, stack(0x000000d805d00000,0x000000d805e00000) (1024K)]
  0x000002af15e515c0 ConcurrentGCThread "G1 Main Marker"            [id=12040, stack(0x000000d803a00000,0x000000d803b00000) (1024K)]
  0x000002af15e51fd0 WorkerThread "G1 Conc#0"                       [id=2056, stack(0x000000d803b00000,0x000000d803c00000) (1024K)]
  0x000002af79278ad0 WorkerThread "G1 Conc#1"                       [id=22060, stack(0x000000d809100000,0x000000d809200000) (1024K)]
  0x000002af3256a9a0 ConcurrentGCThread "G1 Refine#0"               [id=13560, stack(0x000000d803c00000,0x000000d803d00000) (1024K)]
  0x000002af3256aed0 ConcurrentGCThread "G1 Service"                [id=23640, stack(0x000000d803d00000,0x000000d803e00000) (1024K)]
Total: 15

Threads with active compile tasks:
C2 CompilerThread0   459363 5691       4       jdk.internal.net.http.Http1Request::collectHeaders1 (148 bytes)
Total: 1

VM state: not at safepoint (normal execution)

VM Mutex/Monitor currently owned by a thread: None

Heap address: 0x0000000082800000, size: 2008 MB, Compressed Oops mode: 32-bit

CDS archive(s) mapped at: [0x000002af33000000-0x000002af33c90000-0x000002af33c90000), size 13172736, SharedBaseAddress: 0x000002af33000000, ArchiveRelocationMode: 1.
Compressed class space mapped at: 0x000002af34000000-0x000002af74000000, reserved size: 1073741824
Narrow klass base: 0x000002af33000000, Narrow klass shift: 0, Narrow klass range: 0x100000000

GC Precious Log:
 CardTable entry size: 512
 Card Set container configuration: InlinePtr #cards 5 size 8 Array Of Cards #cards 12 size 40 Howl #buckets 4 coarsen threshold 1843 Howl Bitmap #cards 512 size 80 coarsen threshold 460 Card regions per heap region 1 cards per card region 2048
 CPUs: 8 total, 8 available
 Memory: 8026M
 Large Page Support: Disabled
 NUMA Support: Disabled
 Compressed Oops: Enabled (32-bit)
 Heap Region Size: 1M
 Heap Min Capacity: 8M
 Heap Initial Capacity: 126M
 Heap Max Capacity: 2008M
 Pre-touch: Disabled
 Parallel Workers: 8
 Concurrent Workers: 2
 Concurrent Refinement Workers: 8
 Periodic GC: Disabled

Heap:
 garbage-first heap   total 65536K, used 33716K [0x0000000082800000, 0x0000000100000000)
  region size 1024K, 17 young (17408K), 3 survivors (3072K)
 Metaspace       used 28821K, committed 29696K, reserved 1114112K
  class space    used 4034K, committed 4416K, reserved 1048576K

Heap Regions: E=young(eden), S=young(survivor), O=old, HS=humongous(starts), HC=humongous(continues), CS=collection set, F=free, TAMS=top-at-mark-start, PB=parsable bottom
|   0|0x0000000082800000, 0x0000000082900000, 0x0000000082900000|100%| O|  |TAMS 0x0000000082800000| PB 0x0000000082800000| Untracked 
|   1|0x0000000082900000, 0x0000000082a00000, 0x0000000082a00000|100%| O|  |TAMS 0x0000000082900000| PB 0x0000000082900000| Untracked 
|   2|0x0000000082a00000, 0x0000000082b00000, 0x0000000082b00000|100%| O|  |TAMS 0x0000000082a00000| PB 0x0000000082a00000| Untracked 
|   3|0x0000000082b00000, 0x0000000082c00000, 0x0000000082c00000|100%| O|  |TAMS 0x0000000082b00000| PB 0x0000000082b00000| Untracked 
|   4|0x0000000082c00000, 0x0000000082d00000, 0x0000000082d00000|100%| O|  |TAMS 0x0000000082c00000| PB 0x0000000082c00000| Untracked 
|   5|0x0000000082d00000, 0x0000000082e00000, 0x0000000082e00000|100%| O|  |TAMS 0x0000000082d00000| PB 0x0000000082d00000| Untracked 
|   6|0x0000000082e00000, 0x0000000082f00000, 0x0000000082f00000|100%| O|  |TAMS 0x0000000082e00000| PB 0x0000000082e00000| Untracked 
|   7|0x0000000082f00000, 0x0000000083000000, 0x0000000083000000|100%| O|  |TAMS 0x0000000082f00000| PB 0x0000000082f00000| Untracked 
|   8|0x0000000083000000, 0x0000000083100000, 0x0000000083100000|100%| O|  |TAMS 0x0000000083000000| PB 0x0000000083000000| Untracked 
|   9|0x0000000083100000, 0x0000000083200000, 0x0000000083200000|100%| O|  |TAMS 0x0000000083100000| PB 0x0000000083100000| Untracked 
|  10|0x0000000083200000, 0x0000000083200000, 0x0000000083300000|  0%| F|  |TAMS 0x0000000083200000| PB 0x0000000083200000| Untracked 
|  11|0x0000000083300000, 0x0000000083400000, 0x0000000083400000|100%| O|  |TAMS 0x0000000083300000| PB 0x0000000083300000| Untracked 
|  12|0x0000000083400000, 0x0000000083500000, 0x0000000083500000|100%| O|  |TAMS 0x0000000083400000| PB 0x0000000083400000| Untracked 
|  13|0x0000000083500000, 0x0000000083600000, 0x0000000083600000|100%| O|  |TAMS 0x0000000083500000| PB 0x0000000083500000| Untracked 
|  14|0x0000000083600000, 0x0000000083700000, 0x0000000083700000|100%| O|  |TAMS 0x0000000083600000| PB 0x0000000083600000| Untracked 
|  15|0x0000000083700000, 0x0000000083800000, 0x0000000083800000|100%| O|  |TAMS 0x0000000083700000| PB 0x0000000083700000| Untracked 
|  16|0x0000000083800000, 0x0000000083900000, 0x0000000083900000|100%| O|  |TAMS 0x0000000083800000| PB 0x0000000083800000| Untracked 
|  17|0x0000000083900000, 0x0000000083a00000, 0x0000000083a00000|100%| O|  |TAMS 0x0000000083900000| PB 0x0000000083900000| Untracked 
|  18|0x0000000083a00000, 0x0000000083b00000, 0x0000000083b00000|100%| O|  |TAMS 0x0000000083a00000| PB 0x0000000083a00000| Untracked 
|  19|0x0000000083b00000, 0x0000000083b74850, 0x0000000083c00000| 45%| O|  |TAMS 0x0000000083b00000| PB 0x0000000083b00000| Untracked 
|  20|0x0000000083c00000, 0x0000000083c00000, 0x0000000083d00000|  0%| F|  |TAMS 0x0000000083c00000| PB 0x0000000083c00000| Untracked 
|  21|0x0000000083d00000, 0x0000000083d00000, 0x0000000083e00000|  0%| F|  |TAMS 0x0000000083d00000| PB 0x0000000083d00000| Untracked 
|  22|0x0000000083e00000, 0x0000000083e00000, 0x0000000083f00000|  0%| F|  |TAMS 0x0000000083e00000| PB 0x0000000083e00000| Untracked 
|  23|0x0000000083f00000, 0x0000000083f00000, 0x0000000084000000|  0%| F|  |TAMS 0x0000000083f00000| PB 0x0000000083f00000| Untracked 
|  24|0x0000000084000000, 0x0000000084000000, 0x0000000084100000|  0%| F|  |TAMS 0x0000000084000000| PB 0x0000000084000000| Untracked 
|  25|0x0000000084100000, 0x0000000084178850, 0x0000000084200000| 47%| S|CS|TAMS 0x0000000084100000| PB 0x0000000084100000| Complete 
|  26|0x0000000084200000, 0x0000000084200000, 0x0000000084300000|  0%| F|  |TAMS 0x0000000084200000| PB 0x0000000084200000| Untracked 
|  27|0x0000000084300000, 0x0000000084400000, 0x0000000084400000|100%| S|CS|TAMS 0x0000000084300000| PB 0x0000000084300000| Complete 
|  28|0x0000000084400000, 0x0000000084500000, 0x0000000084500000|100%| S|CS|TAMS 0x0000000084400000| PB 0x0000000084400000| Complete 
|  29|0x0000000084500000, 0x0000000084500000, 0x0000000084600000|  0%| F|  |TAMS 0x0000000084500000| PB 0x0000000084500000| Untracked 
|  30|0x0000000084600000, 0x0000000084600000, 0x0000000084700000|  0%| F|  |TAMS 0x0000000084600000| PB 0x0000000084600000| Untracked 
|  31|0x0000000084700000, 0x0000000084700000, 0x0000000084800000|  0%| F|  |TAMS 0x0000000084700000| PB 0x0000000084700000| Untracked 
|  32|0x0000000084800000, 0x0000000084800000, 0x0000000084900000|  0%| F|  |TAMS 0x0000000084800000| PB 0x0000000084800000| Untracked 
|  33|0x0000000084900000, 0x0000000084900000, 0x0000000084a00000|  0%| F|  |TAMS 0x0000000084900000| PB 0x0000000084900000| Untracked 
|  34|0x0000000084a00000, 0x0000000084a00000, 0x0000000084b00000|  0%| F|  |TAMS 0x0000000084a00000| PB 0x0000000084a00000| Untracked 
|  35|0x0000000084b00000, 0x0000000084b00000, 0x0000000084c00000|  0%| F|  |TAMS 0x0000000084b00000| PB 0x0000000084b00000| Untracked 
|  36|0x0000000084c00000, 0x0000000084c00000, 0x0000000084d00000|  0%| F|  |TAMS 0x0000000084c00000| PB 0x0000000084c00000| Untracked 
|  37|0x0000000084d00000, 0x0000000084d00000, 0x0000000084e00000|  0%| F|  |TAMS 0x0000000084d00000| PB 0x0000000084d00000| Untracked 
|  38|0x0000000084e00000, 0x0000000084e00000, 0x0000000084f00000|  0%| F|  |TAMS 0x0000000084e00000| PB 0x0000000084e00000| Untracked 
|  39|0x0000000084f00000, 0x0000000084f00000, 0x0000000085000000|  0%| F|  |TAMS 0x0000000084f00000| PB 0x0000000084f00000| Untracked 
|  40|0x0000000085000000, 0x0000000085000000, 0x0000000085100000|  0%| F|  |TAMS 0x0000000085000000| PB 0x0000000085000000| Untracked 
|  41|0x0000000085100000, 0x0000000085100000, 0x0000000085200000|  0%| F|  |TAMS 0x0000000085100000| PB 0x0000000085100000| Untracked 
|  42|0x0000000085200000, 0x0000000085200000, 0x0000000085300000|  0%| F|  |TAMS 0x0000000085200000| PB 0x0000000085200000| Untracked 
|  43|0x0000000085300000, 0x0000000085300000, 0x0000000085400000|  0%| F|  |TAMS 0x0000000085300000| PB 0x0000000085300000| Untracked 
|  44|0x0000000085400000, 0x0000000085400000, 0x0000000085500000|  0%| F|  |TAMS 0x0000000085400000| PB 0x0000000085400000| Untracked 
|  45|0x0000000085500000, 0x0000000085500000, 0x0000000085600000|  0%| F|  |TAMS 0x0000000085500000| PB 0x0000000085500000| Untracked 
|  46|0x0000000085600000, 0x0000000085600000, 0x0000000085700000|  0%| F|  |TAMS 0x0000000085600000| PB 0x0000000085600000| Untracked 
|  47|0x0000000085700000, 0x0000000085700000, 0x0000000085800000|  0%| F|  |TAMS 0x0000000085700000| PB 0x0000000085700000| Untracked 
|  48|0x0000000085800000, 0x0000000085800000, 0x0000000085900000|  0%| F|  |TAMS 0x0000000085800000| PB 0x0000000085800000| Untracked 
|  49|0x0000000085900000, 0x0000000085900000, 0x0000000085a00000|  0%| F|  |TAMS 0x0000000085900000| PB 0x0000000085900000| Untracked 
|  50|0x0000000085a00000, 0x0000000085a83f48, 0x0000000085b00000| 51%| E|  |TAMS 0x0000000085a00000| PB 0x0000000085a00000| Complete 
|  51|0x0000000085b00000, 0x0000000085c00000, 0x0000000085c00000|100%| E|  |TAMS 0x0000000085b00000| PB 0x0000000085b00000| Complete 
|  52|0x0000000085c00000, 0x0000000085d00000, 0x0000000085d00000|100%| E|CS|TAMS 0x0000000085c00000| PB 0x0000000085c00000| Complete 
|  53|0x0000000085d00000, 0x0000000085e00000, 0x0000000085e00000|100%| E|CS|TAMS 0x0000000085d00000| PB 0x0000000085d00000| Complete 
|  54|0x0000000085e00000, 0x0000000085f00000, 0x0000000085f00000|100%| E|CS|TAMS 0x0000000085e00000| PB 0x0000000085e00000| Complete 
|  55|0x0000000085f00000, 0x0000000086000000, 0x0000000086000000|100%| E|CS|TAMS 0x0000000085f00000| PB 0x0000000085f00000| Complete 
|  81|0x0000000087900000, 0x0000000087a00000, 0x0000000087a00000|100%| E|CS|TAMS 0x0000000087900000| PB 0x0000000087900000| Complete 
|  82|0x0000000087a00000, 0x0000000087b00000, 0x0000000087b00000|100%| E|CS|TAMS 0x0000000087a00000| PB 0x0000000087a00000| Complete 
|  83|0x0000000087b00000, 0x0000000087c00000, 0x0000000087c00000|100%| E|CS|TAMS 0x0000000087b00000| PB 0x0000000087b00000| Complete 
|  84|0x0000000087c00000, 0x0000000087d00000, 0x0000000087d00000|100%| E|CS|TAMS 0x0000000087c00000| PB 0x0000000087c00000| Complete 
|  85|0x0000000087d00000, 0x0000000087e00000, 0x0000000087e00000|100%| E|CS|TAMS 0x0000000087d00000| PB 0x0000000087d00000| Complete 
|  86|0x0000000087e00000, 0x0000000087f00000, 0x0000000087f00000|100%| E|CS|TAMS 0x0000000087e00000| PB 0x0000000087e00000| Complete 
| 124|0x000000008a400000, 0x000000008a500000, 0x000000008a500000|100%| E|CS|TAMS 0x000000008a400000| PB 0x000000008a400000| Complete 
| 125|0x000000008a500000, 0x000000008a600000, 0x000000008a600000|100%| E|CS|TAMS 0x000000008a500000| PB 0x000000008a500000| Complete 

Card table byte_map: [0x000002af2d940000,0x000002af2dd30000] _byte_map_base: 0x000002af2d52c000

Marking Bits: (CMBitMap*) 0x000002af15e40890
 Bits: [0x000002af2dd30000, 0x000002af2fc90000)

Polling page: 0x000002af15590000

Metaspace:

Usage:
  Non-class:     24.21 MB used.
      Class:      3.94 MB used.
       Both:     28.15 MB used.

Virtual space:
  Non-class space:       64.00 MB reserved,      24.69 MB ( 39%) committed,  1 nodes.
      Class space:        1.00 GB reserved,       4.31 MB ( <1%) committed,  1 nodes.
             Both:        1.06 GB reserved,      29.00 MB (  3%) committed. 

Chunk freelists:
   Non-Class:  7.25 MB
       Class:  11.70 MB
        Both:  18.95 MB

MaxMetaspaceSize: unlimited
CompressedClassSpaceSize: 1.00 GB
Initial GC threshold: 21.00 MB
Current GC threshold: 35.25 MB
CDS: on
 - commit_granule_bytes: 65536.
 - commit_granule_words: 8192.
 - virtual_space_node_default_size: 8388608.
 - enlarge_chunks_in_place: 1.
 - use_allocation_guard: 0.


Internal statistics:

num_allocs_failed_limit: 3.
num_arena_births: 1206.
num_arena_deaths: 0.
num_vsnodes_births: 2.
num_vsnodes_deaths: 0.
num_space_committed: 464.
num_space_uncommitted: 0.
num_chunks_returned_to_freelist: 3.
num_chunks_taken_from_freelist: 2385.
num_chunk_merges: 3.
num_chunk_splits: 1396.
num_chunks_enlarged: 591.
num_inconsistent_stats: 0.

CodeHeap 'non-profiled nmethods': size=120000Kb used=2683Kb max_used=2683Kb free=117316Kb
 bounds [0x000002af25cf0000, 0x000002af25f90000, 0x000002af2d220000]
CodeHeap 'profiled nmethods': size=120000Kb used=12400Kb max_used=12400Kb free=107599Kb
 bounds [0x000002af1e220000, 0x000002af1ee40000, 0x000002af25750000]
CodeHeap 'non-nmethods': size=5760Kb used=1741Kb max_used=1784Kb free=4018Kb
 bounds [0x000002af25750000, 0x000002af259c0000, 0x000002af25cf0000]
 total_blobs=6310 nmethods=5690 adapters=524
 compilation: enabled
              stopped_count=0, restarted_count=0
 full_count=0

Compilation events (20 events):
Event: 451.510 Thread 0x000002af32705b30 5682       3       org.openqa.selenium.json.JsonTypeCoercer$$Lambda/0x000002af3421d378::<init> (10 bytes)
Event: 451.512 Thread 0x000002af326fe910 nmethod 5679 0x000002af25f8d910 code [0x000002af25f8dac0, 0x000002af25f8dc38]
Event: 451.513 Thread 0x000002af32705b30 nmethod 5682 0x000002af1ee3a310 code [0x000002af1ee3a4c0, 0x000002af1ee3a678]
Event: 451.817 Thread 0x000002af326fe910 5683       4       jdk.internal.ref.CleanerImpl$PhantomCleanableRef::performCleanup (10 bytes)
Event: 451.818 Thread 0x000002af326fe910 nmethod 5683 0x000002af25f8de10 code [0x000002af25f8dfa0, 0x000002af25f8e050]
Event: 451.819 Thread 0x000002af32705b30 5684       3       sun.security.provider.SHA2::implReset (20 bytes)
Event: 451.819 Thread 0x000002af32705b30 nmethod 5684 0x000002af1ee3a710 code [0x000002af1ee3a8c0, 0x000002af1ee3aa80]
Event: 451.910 Thread 0x000002af326fe910 5685       4       jdk.internal.misc.Unsafe::checkSize (32 bytes)
Event: 451.911 Thread 0x000002af326fe910 nmethod 5685 0x000002af25f8e110 code [0x000002af25f8e2a0, 0x000002af25f8e358]
Event: 451.992 Thread 0x000002af32705b30 5686       3       java.nio.charset.CharsetDecoder::implReset (1 bytes)
Event: 451.992 Thread 0x000002af32705b30 nmethod 5686 0x000002af1ee3ab10 code [0x000002af1ee3aca0, 0x000002af1ee3adb0]
Event: 452.003 Thread 0x000002af32705b30 5687       3       java.util.HashSet::isEmpty (8 bytes)
Event: 452.004 Thread 0x000002af32705b30 nmethod 5687 0x000002af1ee3ae10 code [0x000002af1ee3afc0, 0x000002af1ee3b218]
Event: 452.007 Thread 0x000002af32705b30 5688       3       java.lang.StackStreamFactory$StackFrameTraverser$StackFrameBuffer::nextStackFrame (71 bytes)
Event: 452.010 Thread 0x000002af32705b30 nmethod 5688 0x000002af1ee3b310 code [0x000002af1ee3b580, 0x000002af1ee3be50]
Event: 452.875 Thread 0x000002af326fe910 5689       4       java.util.function.Function$$Lambda/0x000002af342e4f00::apply (5 bytes)
Event: 452.881 Thread 0x000002af326fe910 nmethod 5689 0x000002af25f8e410 code [0x000002af25f8e5a0, 0x000002af25f8e628]
Event: 458.767 Thread 0x000002af326fe910 5690       4       java.lang.Class::getSimpleName (36 bytes)
Event: 458.774 Thread 0x000002af326fe910 nmethod 5690 0x000002af25f8e710 code [0x000002af25f8e8c0, 0x000002af25f8ebc8]
Event: 458.845 Thread 0x000002af326fe910 5691       4       jdk.internal.net.http.Http1Request::collectHeaders1 (148 bytes)

GC Heap History (20 events):
Event: 1.247 GC heap before
{Heap before GC invocations=1 (full 0):
 garbage-first heap   total 129024K, used 33144K [0x0000000082800000, 0x0000000100000000)
  region size 1024K, 26 young (26624K), 3 survivors (3072K)
 Metaspace       used 11587K, committed 11840K, reserved 1114112K
  class space    used 1290K, committed 1408K, reserved 1048576K
}
Event: 1.252 GC heap after
{Heap after GC invocations=2 (full 0):
 garbage-first heap   total 129024K, used 12762K [0x0000000082800000, 0x0000000100000000)
  region size 1024K, 3 young (3072K), 3 survivors (3072K)
 Metaspace       used 11587K, committed 11840K, reserved 1114112K
  class space    used 1290K, committed 1408K, reserved 1048576K
}
Event: 3.178 GC heap before
{Heap before GC invocations=2 (full 0):
 garbage-first heap   total 129024K, used 47578K [0x0000000082800000, 0x0000000100000000)
  region size 1024K, 39 young (39936K), 3 survivors (3072K)
 Metaspace       used 20948K, committed 21504K, reserved 1114112K
  class space    used 2820K, committed 3072K, reserved 1048576K
}
Event: 3.185 GC heap after
{Heap after GC invocations=3 (full 0):
 garbage-first heap   total 129024K, used 16516K [0x0000000082800000, 0x0000000100000000)
  region size 1024K, 6 young (6144K), 6 survivors (6144K)
 Metaspace       used 20948K, committed 21504K, reserved 1114112K
  class space    used 2820K, committed 3072K, reserved 1048576K
}
Event: 10.991 GC heap before
{Heap before GC invocations=4 (full 0):
 garbage-first heap   total 65536K, used 48260K [0x0000000082800000, 0x0000000100000000)
  region size 1024K, 38 young (38912K), 6 survivors (6144K)
 Metaspace       used 26319K, committed 27264K, reserved 1114112K
  class space    used 3920K, committed 4352K, reserved 1048576K
}
Event: 11.006 GC heap after
{Heap after GC invocations=5 (full 0):
 garbage-first heap   total 65536K, used 19787K [0x0000000082800000, 0x0000000100000000)
  region size 1024K, 4 young (4096K), 4 survivors (4096K)
 Metaspace       used 26319K, committed 27264K, reserved 1114112K
  class space    used 3920K, committed 4352K, reserved 1048576K
}
Event: 143.855 GC heap before
{Heap before GC invocations=5 (full 0):
 garbage-first heap   total 65536K, used 44363K [0x0000000082800000, 0x0000000100000000)
  region size 1024K, 29 young (29696K), 4 survivors (4096K)
 Metaspace       used 27083K, committed 27968K, reserved 1114112K
  class space    used 3945K, committed 4352K, reserved 1048576K
}
Event: 143.867 GC heap after
{Heap after GC invocations=6 (full 0):
 garbage-first heap   total 65536K, used 19861K [0x0000000082800000, 0x0000000100000000)
  region size 1024K, 1 young (1024K), 1 survivors (1024K)
 Metaspace       used 27083K, committed 27968K, reserved 1114112K
  class space    used 3945K, committed 4352K, reserved 1048576K
}
Event: 202.097 GC heap before
{Heap before GC invocations=6 (full 0):
 garbage-first heap   total 65536K, used 48533K [0x0000000082800000, 0x0000000100000000)
  region size 1024K, 30 young (30720K), 1 survivors (1024K)
 Metaspace       used 28077K, committed 28928K, reserved 1114112K
  class space    used 4025K, committed 4416K, reserved 1048576K
}
Event: 202.102 GC heap after
{Heap after GC invocations=7 (full 0):
 garbage-first heap   total 65536K, used 19922K [0x0000000082800000, 0x0000000100000000)
  region size 1024K, 1 young (1024K), 1 survivors (1024K)
 Metaspace       used 28077K, committed 28928K, reserved 1114112K
  class space    used 4025K, committed 4416K, reserved 1048576K
}
Event: 255.298 GC heap before
{Heap before GC invocations=7 (full 0):
 garbage-first heap   total 65536K, used 51666K [0x0000000082800000, 0x0000000100000000)
  region size 1024K, 33 young (33792K), 1 survivors (1024K)
 Metaspace       used 28294K, committed 29184K, reserved 1114112K
  class space    used 4026K, committed 4416K, reserved 1048576K
}
Event: 255.301 GC heap after
{Heap after GC invocations=8 (full 0):
 garbage-first heap   total 65536K, used 20113K [0x0000000082800000, 0x0000000100000000)
  region size 1024K, 2 young (2048K), 2 survivors (2048K)
 Metaspace       used 28294K, committed 29184K, reserved 1114112K
  class space    used 4026K, committed 4416K, reserved 1048576K
}
Event: 291.913 GC heap before
{Heap before GC invocations=8 (full 0):
 garbage-first heap   total 65536K, used 52881K [0x0000000082800000, 0x0000000100000000)
  region size 1024K, 35 young (35840K), 2 survivors (2048K)
 Metaspace       used 28660K, committed 29504K, reserved 1114112K
  class space    used 4029K, committed 4416K, reserved 1048576K
}
Event: 291.921 GC heap after
{Heap after GC invocations=9 (full 0):
 garbage-first heap   total 65536K, used 21025K [0x0000000082800000, 0x0000000100000000)
  region size 1024K, 3 young (3072K), 3 survivors (3072K)
 Metaspace       used 28660K, committed 29504K, reserved 1114112K
  class space    used 4029K, committed 4416K, reserved 1048576K
}
Event: 342.382 GC heap before
{Heap before GC invocations=9 (full 0):
 garbage-first heap   total 65536K, used 53793K [0x0000000082800000, 0x0000000100000000)
  region size 1024K, 36 young (36864K), 3 survivors (3072K)
 Metaspace       used 28694K, committed 29568K, reserved 1114112K
  class space    used 4033K, committed 4416K, reserved 1048576K
}
Event: 342.411 GC heap after
{Heap after GC invocations=10 (full 0):
 garbage-first heap   total 65536K, used 21010K [0x0000000082800000, 0x0000000100000000)
  region size 1024K, 3 young (3072K), 3 survivors (3072K)
 Metaspace       used 28694K, committed 29568K, reserved 1114112K
  class space    used 4033K, committed 4416K, reserved 1048576K
}
Event: 387.332 GC heap before
{Heap before GC invocations=10 (full 0):
 garbage-first heap   total 65536K, used 55826K [0x0000000082800000, 0x0000000100000000)
  region size 1024K, 38 young (38912K), 3 survivors (3072K)
 Metaspace       used 28755K, committed 29632K, reserved 1114112K
  class space    used 4034K, committed 4416K, reserved 1048576K
}
Event: 387.344 GC heap after
{Heap after GC invocations=11 (full 0):
 garbage-first heap   total 65536K, used 21423K [0x0000000082800000, 0x0000000100000000)
  region size 1024K, 3 young (3072K), 3 survivors (3072K)
 Metaspace       used 28755K, committed 29632K, reserved 1114112K
  class space    used 4034K, committed 4416K, reserved 1048576K
}
Event: 440.851 GC heap before
{Heap before GC invocations=11 (full 0):
 garbage-first heap   total 65536K, used 56239K [0x0000000082800000, 0x0000000100000000)
  region size 1024K, 38 young (38912K), 3 survivors (3072K)
 Metaspace       used 28804K, committed 29632K, reserved 1114112K
  class space    used 4034K, committed 4416K, reserved 1048576K
}
Event: 440.893 GC heap after
{Heap after GC invocations=12 (full 0):
 garbage-first heap   total 65536K, used 21428K [0x0000000082800000, 0x0000000100000000)
  region size 1024K, 3 young (3072K), 3 survivors (3072K)
 Metaspace       used 28804K, committed 29632K, reserved 1114112K
  class space    used 4034K, committed 4416K, reserved 1048576K
}

Dll operation events (11 events):
Event: 0.009 Loaded shared library C:\Program Files\Java\jdk-21\bin\java.dll
Event: 0.047 Loaded shared library C:\Program Files\Java\jdk-21\bin\jsvml.dll
Event: 0.188 Loaded shared library C:\Program Files\Java\jdk-21\bin\net.dll
Event: 0.190 Loaded shared library C:\Program Files\Java\jdk-21\bin\nio.dll
Event: 0.194 Loaded shared library C:\Program Files\Java\jdk-21\bin\zip.dll
Event: 0.329 Loaded shared library C:\Program Files\Java\jdk-21\bin\jimage.dll
Event: 0.468 Loaded shared library C:\Program Files\Java\jdk-21\bin\verify.dll
Event: 0.542 Loaded shared library C:\Program Files\Java\jdk-21\bin\extnet.dll
Event: 1.294 Loaded shared library C:\Program Files\Java\jdk-21\bin\management.dll
Event: 1.299 Loaded shared library C:\Program Files\Java\jdk-21\bin\management_ext.dll
Event: 2.870 Loaded shared library C:\Program Files\Java\jdk-21\bin\sunmscapi.dll

Deoptimization events (20 events):
Event: 342.459 Thread 0x000002af79f72720 Uncommon trap: trap_request=0xffffff45 fr.pc=0x000002af25db6d90 relative=0x0000000000000070
Event: 342.459 Thread 0x000002af79f72720 Uncommon trap: reason=unstable_if action=reinterpret pc=0x000002af25db6d90 method=java.lang.ref.ReferenceQueue.poll()Ljava/lang/ref/Reference; @ 4 c2
Event: 342.459 Thread 0x000002af79f72720 DEOPT PACKING pc=0x000002af25db6d90 sp=0x000000d8081fe030
Event: 342.459 Thread 0x000002af79f72720 DEOPT UNPACKING pc=0x000002af257a7da2 sp=0x000000d8081fdfc0 mode 2
Event: 351.490 Thread 0x000002af7978e160 Uncommon trap: trap_request=0xffffff45 fr.pc=0x000002af25f3331c relative=0x00000000000011dc
Event: 351.490 Thread 0x000002af7978e160 Uncommon trap: reason=unstable_if action=reinterpret pc=0x000002af25f3331c method=java.util.concurrent.SynchronousQueue$TransferStack.transfer(Ljava/lang/Object;ZJ)Ljava/lang/Object; @ 180 c2
Event: 351.490 Thread 0x000002af7978e160 DEOPT PACKING pc=0x000002af25f3331c sp=0x000000d80a2ff140
Event: 351.491 Thread 0x000002af7978e160 DEOPT UNPACKING pc=0x000002af257a7da2 sp=0x000000d80a2ff100 mode 2
Event: 362.444 Thread 0x000002af7940b3e0 Uncommon trap: trap_request=0xffffff45 fr.pc=0x000002af25ed6170 relative=0x0000000000000450
Event: 362.444 Thread 0x000002af7940b3e0 Uncommon trap: reason=unstable_if action=reinterpret pc=0x000002af25ed6170 method=jdk.internal.net.http.Http1HeaderParser.readResumeHeader(Ljava/nio/ByteBuffer;)V @ 49 c2
Event: 362.444 Thread 0x000002af7940b3e0 DEOPT PACKING pc=0x000002af25ed6170 sp=0x000000d80dafeb50
Event: 362.444 Thread 0x000002af7940b3e0 DEOPT UNPACKING pc=0x000002af257a7da2 sp=0x000000d80dafeb38 mode 2
Event: 371.506 Thread 0x000002af7932a2c0 DEOPT PACKING pc=0x000002af1e5471e8 sp=0x000000d8052fda30
Event: 371.506 Thread 0x000002af7932a2c0 DEOPT UNPACKING pc=0x000002af257a88e2 sp=0x000000d8052fcea8 mode 0
Event: 378.272 Thread 0x000002af7874e370 DEOPT PACKING pc=0x000002af1e9393ae sp=0x000000d80bdfddd0
Event: 378.272 Thread 0x000002af7874e370 DEOPT UNPACKING pc=0x000002af257a88e2 sp=0x000000d80bdfd2d8 mode 0
Event: 383.835 Thread 0x000002af79f6be20 Uncommon trap: trap_request=0xffffff45 fr.pc=0x000002af25eeba98 relative=0x0000000000000338
Event: 383.835 Thread 0x000002af79f6be20 Uncommon trap: reason=unstable_if action=reinterpret pc=0x000002af25eeba98 method=jdk.internal.net.http.common.SequentialScheduler.runOrSchedule(Ljdk/internal/net/http/common/SequentialScheduler$SchedulableTask;Ljava/util/concurrent/Executor;)V @ 24 c2
Event: 383.835 Thread 0x000002af79f6be20 DEOPT PACKING pc=0x000002af25eeba98 sp=0x000000d80a8ff230
Event: 383.867 Thread 0x000002af79f6be20 DEOPT UNPACKING pc=0x000002af257a7da2 sp=0x000000d80a8ff1d0 mode 2

Classes loaded (20 events):
Event: 186.802 Loading class java/nio/file/FileSystemException done
Event: 186.803 Loading class java/nio/file/FileAlreadyExistsException done
Event: 186.809 Loading class sun/nio/fs/WindowsPath$1
Event: 186.809 Loading class sun/nio/fs/WindowsPath$1 done
Event: 186.964 Loading class org/w3c/dom/Node
Event: 186.966 Loading class org/w3c/dom/Node done
Event: 186.966 Loading class org/w3c/dom/Document
Event: 186.968 Loading class org/w3c/dom/Document done
Event: 187.066 Loading class java/io/FileOutputStream$1
Event: 187.066 Loading class java/io/FileOutputStream$1 done
Event: 199.937 Loading class java/lang/foreign/MemorySegment
Event: 199.945 Loading class java/lang/foreign/MemorySegment done
Event: 255.879 Loading class java/util/AbstractMap$SimpleEntry
Event: 255.880 Loading class java/util/AbstractMap$SimpleEntry done
Event: 270.328 Loading class java/lang/invoke/WrongMethodTypeException
Event: 270.329 Loading class java/lang/invoke/WrongMethodTypeException done
Event: 270.331 Loading class java/lang/Throwable$WrappedPrintWriter
Event: 270.332 Loading class java/lang/Throwable$WrappedPrintWriter done
Event: 291.928 Loading class java/util/LinkedList$LLSpliterator
Event: 291.936 Loading class java/util/LinkedList$LLSpliterator done

Classes unloaded (0 events):
No events

Classes redefined (0 events):
No events

Internal exceptions (20 events):
Event: 425.301 Thread 0x000002af7940ba70 Exception <a 'java/lang/NullPointerException'{0x0000000084a5ee78}> (0x0000000084a5ee78) 
thrown [s\open\src\hotspot\share\interpreter\linkResolver.cpp, line 1456]
Event: 427.632 Thread 0x000002af7940a030 Exception <a 'java/lang/NullPointerException'{0x00000000849cdd28}> (0x00000000849cdd28) 
thrown [s\open\src\hotspot\share\interpreter\linkResolver.cpp, line 1456]
Event: 433.364 Thread 0x000002af794175d0 Exception <a 'java/lang/NullPointerException'{0x0000000084709058}> (0x0000000084709058) 
thrown [s\open\src\hotspot\share\interpreter\linkResolver.cpp, line 1456]
Event: 435.158 Thread 0x000002af78ca6040 Exception <a 'java/lang/NullPointerException'{0x000000008466de60}> (0x000000008466de60) 
thrown [s\open\src\hotspot\share\interpreter\linkResolver.cpp, line 1456]
Event: 437.253 Thread 0x000002af7940a030 Exception <a 'java/lang/NullPointerException'{0x000000008456df00}> (0x000000008456df00) 
thrown [s\open\src\hotspot\share\interpreter\linkResolver.cpp, line 1456]
Event: 441.074 Thread 0x000002af7940a030 Exception <a 'java/lang/NullPointerException'{0x000000008a5a7ba8}> (0x000000008a5a7ba8) 
thrown [s\open\src\hotspot\share\interpreter\linkResolver.cpp, line 1456]
Event: 441.077 Thread 0x000002af7940a030 Exception <a 'sun/nio/fs/WindowsException'{0x000000008a5cf1f0}> (0x000000008a5cf1f0) 
thrown [s\open\src\hotspot\share\prims\jni.cpp, line 520]
Event: 443.014 Thread 0x000002af794182b0 Exception <a 'java/lang/NullPointerException'{0x000000008a4eda88}> (0x000000008a4eda88) 
thrown [s\open\src\hotspot\share\interpreter\linkResolver.cpp, line 1456]
Event: 445.414 Thread 0x000002af794099a0 Exception <a 'java/lang/NullPointerException'{0x0000000087c4fc70}> (0x0000000087c4fc70) 
thrown [s\open\src\hotspot\share\interpreter\linkResolver.cpp, line 1456]
Event: 445.425 Thread 0x000002af78ca6040 Exception <a 'java/lang/NullPointerException'{0x0000000087c81c10}> (0x0000000087c81c10) 
thrown [s\open\src\hotspot\share\interpreter\linkResolver.cpp, line 1456]
Event: 447.413 Thread 0x000002af7874c930 Exception <a 'java/net/ConnectException'{0x0000000087ce3388}: Connection refused: no further information> (0x0000000087ce3388) 
thrown [s\open\src\hotspot\share\prims\jni.cpp, line 539]
Event: 447.452 Thread 0x000002af7874c930 Exception <a 'java/net/ConnectException'{0x0000000087ce45a8}: Connection refused: no further information> (0x0000000087ce45a8) 
thrown [s\open\src\hotspot\share\prims\jni.cpp, line 539]
Event: 447.474 Thread 0x000002af7874c930 Exception <a 'java/net/ConnectException'{0x0000000087ce57c8}: Connection refused: no further information> (0x0000000087ce57c8) 
thrown [s\open\src\hotspot\share\prims\jni.cpp, line 539]
Event: 447.548 Thread 0x000002af7874c930 Exception <a 'java/net/ConnectException'{0x0000000087ce69e0}: Connection refused: no further information> (0x0000000087ce69e0) 
thrown [s\open\src\hotspot\share\prims\jni.cpp, line 539]
Event: 449.200 Thread 0x000002af7932a2c0 Exception <a 'java/lang/NullPointerException'{0x0000000087979068}> (0x0000000087979068) 
thrown [s\open\src\hotspot\share\interpreter\linkResolver.cpp, line 1456]
Event: 449.225 Thread 0x000002af78ca66b0 Exception <a 'java/lang/NullPointerException'{0x00000000879b82f0}> (0x00000000879b82f0) 
thrown [s\open\src\hotspot\share\interpreter\linkResolver.cpp, line 1456]
Event: 453.159 Thread 0x000002af7932a2c0 Exception <a 'java/lang/NullPointerException'{0x0000000085ebedb0}> (0x0000000085ebedb0) 
thrown [s\open\src\hotspot\share\interpreter\linkResolver.cpp, line 1456]
Event: 453.279 Thread 0x000002af79417c40 Exception <a 'java/lang/NullPointerException'{0x0000000085dae5a8}> (0x0000000085dae5a8) 
thrown [s\open\src\hotspot\share\interpreter\linkResolver.cpp, line 1456]
Event: 458.819 Thread 0x000002af79416f60 Exception <a 'java/lang/NullPointerException'{0x0000000085b2b170}> (0x0000000085b2b170) 
thrown [s\open\src\hotspot\share\interpreter\linkResolver.cpp, line 1456]
Event: 458.894 Thread 0x000002af7940ba70 Exception <a 'java/lang/NullPointerException'{0x0000000085a20470}> (0x0000000085a20470) 
thrown [s\open\src\hotspot\share\interpreter\linkResolver.cpp, line 1456]

ZGC Phase Switch (0 events):
No events

VM Operations (20 events):
Event: 421.258 Executing VM operation: HandshakeAllThreads (HandshakeForDeflation)
Event: 421.259 Executing VM operation: HandshakeAllThreads (HandshakeForDeflation) done
Event: 421.259 Executing VM operation: RendezvousGCThreads
Event: 421.259 Executing VM operation: RendezvousGCThreads done
Event: 425.296 Executing VM operation: Cleanup
Event: 425.297 Executing VM operation: Cleanup done
Event: 433.358 Executing VM operation: Cleanup
Event: 433.358 Executing VM operation: Cleanup done
Event: 440.850 Executing VM operation: G1CollectForAllocation (G1 Evacuation Pause)
Event: 440.893 Executing VM operation: G1CollectForAllocation (G1 Evacuation Pause) done
Event: 441.897 Executing VM operation: Cleanup
Event: 441.898 Executing VM operation: Cleanup done
Event: 447.949 Executing VM operation: Cleanup
Event: 447.949 Executing VM operation: Cleanup done
Event: 448.953 Executing VM operation: Cleanup
Event: 448.953 Executing VM operation: Cleanup done
Event: 451.968 Executing VM operation: Cleanup
Event: 451.969 Executing VM operation: Cleanup done
Event: 452.975 Executing VM operation: Cleanup
Event: 452.976 Executing VM operation: Cleanup done

Events (20 events):
Event: 447.295 Thread 0x000002af7978c720 Thread exited: 0x000002af7978c720
Event: 447.334 Thread 0x000002af79792300 Thread added: 0x000002af79792300
Event: 447.381 Thread 0x000002af7978c720 Thread added: 0x000002af7978c720
Event: 447.382 Thread 0x000002af7978e7f0 Thread added: 0x000002af7978e7f0
Event: 447.382 Thread 0x000002af7978fba0 Thread added: 0x000002af7978fba0
Event: 447.667 Thread 0x000002af7a422760 Thread added: 0x000002af7a422760
Event: 447.677 Thread 0x000002af7a426270 Thread added: 0x000002af7a426270
Event: 447.681 Thread 0x000002af7a423480 Thread added: 0x000002af7a423480
Event: 449.103 Thread 0x000002af79f6b790 Thread exited: 0x000002af79f6b790
Event: 449.982 Thread 0x000002af787494b0 Thread exited: 0x000002af787494b0
Event: 450.134 Thread 0x000002af78737330 Thread exited: 0x000002af78737330
Event: 450.134 Thread 0x000002af7873dc30 Thread exited: 0x000002af7873dc30
Event: 451.821 Thread 0x000002af7a427620 Thread added: 0x000002af7a427620
Event: 451.822 Thread 0x000002af7a423b10 Thread added: 0x000002af7a423b10
Event: 451.907 Thread 0x000002af7a424830 Thread added: 0x000002af7a424830
Event: 452.017 Thread 0x000002af7a424ec0 Thread added: 0x000002af7a424ec0
Event: 454.024 Thread 0x000002af78738d70 Thread exited: 0x000002af78738d70
Event: 454.048 Thread 0x000002af78738050 Thread exited: 0x000002af78738050
Event: 454.181 Thread 0x000002af7873c880 Thread exited: 0x000002af7873c880
Event: 457.716 Thread 0x000002af7a422760 Thread exited: 0x000002af7a422760


Dynamic libraries:
0x00007ff628df0000 - 0x00007ff628e00000 	C:\Program Files\Java\jdk-21\bin\javaw.exe
0x00007ffb33cb0000 - 0x00007ffb33ec7000 	C:\windows\SYSTEM32\ntdll.dll
0x00007ffb332f0000 - 0x00007ffb333b4000 	C:\windows\System32\KERNEL32.DLL
0x00007ffb31220000 - 0x00007ffb315cd000 	C:\windows\System32\KERNELBASE.dll
0x00007ffb31060000 - 0x00007ffb31171000 	C:\windows\System32\ucrtbase.dll
0x00007ffb0da70000 - 0x00007ffb0da8b000 	C:\Program Files\Java\jdk-21\bin\VCRUNTIME140.dll
0x00007ffb0da50000 - 0x00007ffb0da69000 	C:\Program Files\Java\jdk-21\bin\jli.dll
0x00007ffb32850000 - 0x00007ffb32902000 	C:\windows\System32\ADVAPI32.dll
0x00007ffb327a0000 - 0x00007ffb32847000 	C:\windows\System32\msvcrt.dll
0x00007ffb326e0000 - 0x00007ffb32789000 	C:\windows\System32\sechost.dll
0x00007ffb311f0000 - 0x00007ffb31218000 	C:\windows\System32\bcrypt.dll
0x00007ffb325c0000 - 0x00007ffb326d4000 	C:\windows\System32\RPCRT4.dll
0x00007ffb32410000 - 0x00007ffb325be000 	C:\windows\System32\USER32.dll
0x00007ffb315d0000 - 0x00007ffb315f6000 	C:\windows\System32\win32u.dll
0x00007ffb21f80000 - 0x00007ffb22213000 	C:\windows\WinSxS\amd64_microsoft.windows.common-controls_6595b64144ccf1df_6.0.22621.3672_none_2713b9d173822955\COMCTL32.dll
0x00007ffb339a0000 - 0x00007ffb339c9000 	C:\windows\System32\GDI32.dll
0x00007ffb316c0000 - 0x00007ffb317d9000 	C:\windows\System32\gdi32full.dll
0x00007ffb317e0000 - 0x00007ffb3187a000 	C:\windows\System32\msvcp_win.dll
0x00007ffb28ec0000 - 0x00007ffb28eca000 	C:\windows\SYSTEM32\VERSION.dll
0x00007ffb332b0000 - 0x00007ffb332e1000 	C:\windows\System32\IMM32.DLL
0x00007ffb0da40000 - 0x00007ffb0da4c000 	C:\Program Files\Java\jdk-21\bin\vcruntime140_1.dll
0x00007ffb0d9b0000 - 0x00007ffb0da3e000 	C:\Program Files\Java\jdk-21\bin\msvcp140.dll
0x00007ffb0cc90000 - 0x00007ffb0d9a5000 	C:\Program Files\Java\jdk-21\bin\server\jvm.dll
0x00007ffb33070000 - 0x00007ffb330e1000 	C:\windows\System32\WS2_32.dll
0x00007ffb2fe30000 - 0x00007ffb2fe7d000 	C:\windows\SYSTEM32\POWRPROF.dll
0x00007ffb2b0d0000 - 0x00007ffb2b104000 	C:\windows\SYSTEM32\WINMM.dll
0x00007ffb2fe10000 - 0x00007ffb2fe23000 	C:\windows\SYSTEM32\UMPDC.dll
0x00007ffb30060000 - 0x00007ffb30078000 	C:\windows\SYSTEM32\kernel.appcore.dll
0x00007ffb0cc80000 - 0x00007ffb0cc8a000 	C:\Program Files\Java\jdk-21\bin\jimage.dll
0x00007ffb2dd20000 - 0x00007ffb2df52000 	C:\windows\SYSTEM32\DBGHELP.DLL
0x00007ffb33510000 - 0x00007ffb33898000 	C:\windows\System32\combase.dll
0x00007ffb33430000 - 0x00007ffb33507000 	C:\windows\System32\OLEAUT32.dll
0x00007ffb27040000 - 0x00007ffb27072000 	C:\windows\SYSTEM32\dbgcore.DLL
0x00007ffb30fe0000 - 0x00007ffb3105b000 	C:\windows\System32\bcryptPrimitives.dll
0x00007ffb0cc60000 - 0x00007ffb0cc7f000 	C:\Program Files\Java\jdk-21\bin\java.dll
0x00007ffb31b80000 - 0x00007ffb323df000 	C:\windows\System32\SHELL32.dll
0x00007ffb2eef0000 - 0x00007ffb2f7ec000 	C:\windows\SYSTEM32\windows.storage.dll
0x00007ffb2edb0000 - 0x00007ffb2eeef000 	C:\windows\SYSTEM32\wintypes.dll
0x00007ffb32f10000 - 0x00007ffb33004000 	C:\windows\System32\SHCORE.dll
0x00007ffb33010000 - 0x00007ffb3306e000 	C:\windows\System32\shlwapi.dll
0x00007ffb30f10000 - 0x00007ffb30f31000 	C:\windows\SYSTEM32\profapi.dll
0x00007ffb0cb80000 - 0x00007ffb0cc57000 	C:\Program Files\Java\jdk-21\bin\jsvml.dll
0x00007ffb0cb70000 - 0x00007ffb0cb80000 	C:\Program Files\Java\jdk-21\bin\net.dll
0x00007ffb2c820000 - 0x00007ffb2c956000 	C:\windows\SYSTEM32\WINHTTP.dll
0x00007ffb30530000 - 0x00007ffb30599000 	C:\windows\system32\mswsock.dll
0x00007ffb0cb50000 - 0x00007ffb0cb66000 	C:\Program Files\Java\jdk-21\bin\nio.dll
0x00007ffb0cb30000 - 0x00007ffb0cb48000 	C:\Program Files\Java\jdk-21\bin\zip.dll
0x00007ffb0b070000 - 0x00007ffb0b080000 	C:\Program Files\Java\jdk-21\bin\verify.dll
0x00007ffb2faf0000 - 0x00007ffb2fbe8000 	C:\windows\SYSTEM32\DNSAPI.dll
0x00007ffb2fac0000 - 0x00007ffb2faed000 	C:\windows\SYSTEM32\IPHLPAPI.DLL
0x00007ffb323e0000 - 0x00007ffb323e9000 	C:\windows\System32\NSI.dll
0x00007ffb2c7f0000 - 0x00007ffb2c7fa000 	C:\Windows\System32\rasadhlp.dll
0x00007ffb2afc0000 - 0x00007ffb2b043000 	C:\windows\System32\fwpuclnt.dll
0x00007ffb0b170000 - 0x00007ffb0b177000 	C:\Program Files\Java\jdk-21\bin\extnet.dll
0x00007ffb307b0000 - 0x00007ffb307cb000 	C:\windows\SYSTEM32\CRYPTSP.dll
0x00007ffb30020000 - 0x00007ffb30055000 	C:\windows\system32\rsaenh.dll
0x00007ffb30610000 - 0x00007ffb30638000 	C:\windows\SYSTEM32\USERENV.dll
0x00007ffb307d0000 - 0x00007ffb307dc000 	C:\windows\SYSTEM32\CRYPTBASE.dll
0x00007ffb15580000 - 0x00007ffb15597000 	C:\windows\system32\napinsp.dll
0x00007ffb15560000 - 0x00007ffb1557b000 	C:\windows\system32\pnrpnsp.dll
0x00007ffb154e0000 - 0x00007ffb154f1000 	C:\windows\System32\winrnr.dll
0x00007ffb2b620000 - 0x00007ffb2b635000 	C:\windows\system32\wshbth.dll
0x00007ffb154b0000 - 0x00007ffb154d7000 	C:\windows\system32\nlansp_c.dll
0x00007ffb09250000 - 0x00007ffb0925a000 	C:\Program Files\Java\jdk-21\bin\management.dll
0x00007ffb09240000 - 0x00007ffb0924b000 	C:\Program Files\Java\jdk-21\bin\management_ext.dll
0x00007ffb339d0000 - 0x00007ffb339d8000 	C:\windows\System32\PSAPI.DLL
0x00007ffb0b000000 - 0x00007ffb0b00e000 	C:\Program Files\Java\jdk-21\bin\sunmscapi.dll
0x00007ffb31880000 - 0x00007ffb319e7000 	C:\windows\System32\CRYPT32.dll
0x00007ffb30990000 - 0x00007ffb309be000 	C:\windows\SYSTEM32\ncrypt.dll
0x00007ffb30950000 - 0x00007ffb30987000 	C:\windows\SYSTEM32\NTASN1.dll
0x00007ffb09260000 - 0x00007ffb09268000 	C:\windows\system32\wshunix.dll

dbghelp: loaded successfully - version: 4.0.5 - missing functions: none
symbol engine: initialized successfully - sym options: 0x614 - pdb path: .;C:\Program Files\Java\jdk-21\bin;C:\windows\SYSTEM32;C:\windows\WinSxS\amd64_microsoft.windows.common-controls_6595b64144ccf1df_6.0.22621.3672_none_2713b9d173822955;C:\Program Files\Java\jdk-21\bin\server

VM Arguments:
jvm_args: -ea -Dfile.encoding=UTF-8 -Dstdout.encoding=UTF-8 -Dstderr.encoding=UTF-8 -XX:+ShowCodeDetailsInExceptionMessages 
java_command: org.testng.remote.RemoteTestNG -serport 53553 -protocol json -d C:\Users\Rajpr\eclipse-workspace\Team4_ScrappingHackers\test-output C:\Users\Rajpr\AppData\Local\Temp\testng-eclipse--368591273\testng-customsuite.xml
java_class_path (initial): C:\Users\Rajpr\eclipse\java-2023-122\eclipse\configuration\org.eclipse.osgi\531\0\.cp\lib\testng-remote.jar;C:\Users\Rajpr\eclipse-workspace\Team4_ScrappingHackers\target\test-classes;C:\Users\Rajpr\eclipse-workspace\Team4_ScrappingHackers\target\classes;C:\Users\Rajpr\.m2\repository\io\cucumber\cucumber-core\7.11.2\cucumber-core-7.11.2.jar;C:\Users\Rajpr\.m2\repository\io\cucumber\cucumber-gherkin\7.11.2\cucumber-gherkin-7.11.2.jar;C:\Users\Rajpr\.m2\repository\io\cucumber\cucumber-gherkin-messages\7.11.2\cucumber-gherkin-messages-7.11.2.jar;C:\Users\Rajpr\.m2\repository\io\cucumber\messages\21.0.1\messages-21.0.1.jar;C:\Users\Rajpr\.m2\repository\io\cucumber\tag-expressions\5.0.1\tag-expressions-5.0.1.jar;C:\Users\Rajpr\.m2\repository\io\cucumber\cucumber-expressions\16.1.2\cucumber-expressions-16.1.2.jar;C:\Users\Rajpr\.m2\repository\io\cucumber\datatable\7.11.2\datatable-7.11.2.jar;C:\Users\Rajpr\.m2\repository\io\cucumber\cucumber-plugin\7.11.2\cucumber-plugin-7.11.2.jar;C:\Users\Rajpr\.m2\repository\io\cucumber\docstring\7.11.2\docstring-7.11.2.jar;C:\Users\Rajpr\.m2\repository\io\cucumber\html-formatter\20.2.1\html-formatter-20.2.1.jar;C:\Users\Rajpr\.m2\repository\io\cucumber\junit-xml-formatter\0.1.0\junit-xml-formatter-0.1.0.jar;C:\Users\Rajpr\.m2\repository\io\cucumber\ci-environment\9.1.0\ci-environment-9.1.0.jar;C:\Users\Rajpr\.m2\repository\org\apiguardian\apiguardian-api\1.1.2\apiguardian-api-1.1.2.jar;C:\Users\Rajpr\.m2\repository\io\cucumber\cucumber-java\7.11.2\cucumber-java-7.11.2.jar;C:\Users\Rajpr\.m2\repository\io\cucumber\cucumber-junit\7.11.2\cucumber-junit-7.11.2.jar;C:\Users\Rajpr\.m2\repository\junit\junit\4.13.2\junit-4.13.2.jar;C:\Users\Rajpr\.m2\repository\org\hamcrest\hamcrest-core\1.3\hamcrest-core-1.3.jar;C:\Users\Rajpr\.m2\repository\io\cucumber\cucumber-testng\7.11.2\cucumber-testng-7.11.2.jar;C:\Users\Rajpr\.m2\repository\org\testng\testng\7.8.0\testng-7.8.0.jar;C:\Users\Rajpr\.m2\repository\org\slf4j\slf4j-api\1.7.36\slf4j-api-1.7.36.jar;C:\Users\Rajpr\.m2\repository\com\beust\jcommander\1.82\jcommander-1.82.jar;C:\Users\Rajpr\.m2\repository\org\webjars\jquery\3.6.1\jquery-3.6.1.jar;C:\Users\Rajpr\.m2\repository\org\seleniumhq\selenium\selenium-java\4.16.1\selenium-java-4.16.1.jar;C:\Users\Rajpr\.m2\repository\org\seleniumhq\selenium\selenium-api\4.16.1\selenium-api-4.16.1.jar;C:\Users\Rajpr\.m2\repository\org\seleniumhq\selenium\selenium-chrome-driver\4.16.1\selenium-chrome-driver-4.16.1.jar;C:\Users\Rajpr\.m2\repository\com\google\auto\service\auto-service-annotations\1.1.1\auto-service-annotations-1.1.1.jar;C:\Users\Rajpr\.m2\repository\org\seleniumhq\selenium\selenium-chromium-driver\4.16.1\selenium-chromium-driver-4.16.1.jar;C:\Users\Rajpr\.m2\repository\org\seleniumhq\selenium\selenium-json\4.16.1\selenium-json-4.16.1.jar;C:\Users\Rajpr\.m2\repository\org\seleniumhq\selenium\selenium-manager\4.16.1\selenium-manager-4.16.1.jar;C:\Users\Rajpr\.m2\repository\org\seleniumhq\selenium\selenium-devtools-v118\4.16.1\selenium-devtools-v118-4.16.1.jar;C:\Users\Rajpr\.m2\repository\org\seleniumhq\selenium\selenium-devtools-v119\4.16.1\selenium-devtools-v119-4.16.1.jar;C:\Users\Rajpr\.m2\repository\org\seleniumhq\selenium\selenium-devtools-v120\4.16.1\selenium-devtools-v120-4.16.1.jar;C:\Users\Rajpr\.m2\repository\org\seleniumhq\selenium\selenium-devtools-v85\4.16.1\selenium-devtools-v85-4.16.1.jar;C:\Users\Rajpr\.m2\repository\org\seleniumhq\selenium\selenium-edge-driver\4.16.1\selenium-edge-driver-4.16.1.jar;C:\Users\Rajpr\.m2\repository\org\seleniumhq\selenium\selenium-firefox-driver\4.16.1\selenium-firefox-driver-4.16.1.jar;C:\Users\Rajpr\.m2\repository\org\seleniumhq\selenium\selenium-http\4.16.1\selenium-http-4.16.1.jar;C:\Users\Rajpr\.m2\repository\dev\failsafe\failsafe\3.3.2\failsafe-3.3.2.jar;C:\Users\Rajpr\.m2\repository\org\seleniumhq\selenium\selenium-ie-driver\4.16.1\selenium-ie-driver-4.16.1.jar;C:\Users\Rajpr\.m2\repository\org\seleniumhq\selenium\selenium-remote-driver\4.16.1\selenium-remote-driver-4.16.1.jar;C:\Users\Rajpr\.m2\repository\io\opentelemetry\opentelemetry-context\1.28.0\opentelemetry-context-1.28.0.jar;C:\Users\Rajpr\.m2\repository\io\opentelemetry\opentelemetry-exporter-logging\1.28.0\opentelemetry-exporter-logging-1.28.0.jar;C:\Users\Rajpr\.m2\repository\io\opentelemetry\opentelemetry-sdk-metrics\1.28.0\opentelemetry-sdk-metrics-1.28.0.jar;C:\Users\Rajpr\.m2\repository\io\opentelemetry\opentelemetry-extension-incubator\1.28.0-alpha\opentelemetry-extension-incubator-1.28.0-alpha.jar;C:\Users\Rajpr\.m2\repository\io\opentelemetry\opentelemetry-sdk-logs\1.28.0\opentelemetry-sdk-logs-1.28.0.jar;C:\Users\Rajpr\.m2\repository\io\opentelemetry\opentelemetry-sdk-common\1.28.0\opentelemetry-sdk-common-1.28.0.jar;C:\Users\Rajpr\.m2\repository\io\opentelemetry\opentelemetry-sdk-extension-autoconfigure-spi\1.28.0\opentelemetry-sdk-extension-autoconfigure-spi-1.28.0.jar;C:\Users\Rajpr\.m2\repository\io\opentelemetry\opentelemetry-sdk-extension-autoconfigure\1.28.0\opentelemetry-sdk-extension-autoconfigure-1.28.0.jar;C:\Users\Rajpr\.m2\repository\io\opentelemetry\opentelemetry-api-events\1.28.0-alpha\opentelemetry-api-events-1.28.0-alpha.jar;C:\Users\Rajpr\.m2\repository\io\opentelemetry\opentelemetry-sdk-trace\1.28.0\opentelemetry-sdk-trace-1.28.0.jar;C:\Users\Rajpr\.m2\repository\io\opentelemetry\opentelemetry-sdk\1.28.0\opentelemetry-sdk-1.28.0.jar;C:\Users\Rajpr\.m2\repository\net\bytebuddy\byte-buddy\1.14.5\byte-buddy-1.14.5.jar;C:\Users\Rajpr\.m2\repository\org\seleniumhq\selenium\selenium-os\4.16.1\selenium-os-4.16.1.jar;C:\Users\Rajpr\.m2\repository\org\apache\commons\commons-exec\1.3\commons-exec-1.3.jar;C:\Users\Rajpr\.m2\repository\org\seleniumhq\selenium\selenium-safari-driver\4.16.1\selenium-safari-driver-4.16.1.jar;C:\Users\Rajpr\.m2\repository\org\seleniumhq\selenium\selenium-support\4.16.1\selenium-support-4.16.1.jar;C:\Users\Rajpr\.m2\repository\org\postgresql\postgresql\42.6.0\postgresql-42.6.0.jar;C:\Users\Rajpr\.m2\repository\org\checkerframework\checker-qual\3.31.0\checker-qual-3.31.0.jar;C:\Users\Rajpr\.m2\repository\commons-io\commons-io\2.15.1\commons-io-2.15.1.jar;C:\Users\Rajpr\.m2\repository\org\apache\logging\log4j\log4j-core\2.22.0\log4j-core-2.22.0.jar;C:\Users\Rajpr\.m2\repository\org\apache\logging\log4j\log4j-api\2.22.0\log4j-api-2.22.0.jar;C:\Users\Rajpr\.m2\repository\org\apache\poi\poi\5.2.5\poi-5.2.5.jar;C:\Users\Rajpr\.m2\repository\commons-codec\commons-codec\1.16.0\commons-codec-1.16.0.jar;C:\Users\Rajpr\.m2\repository\org\apache\commons\commons-collections4\4.4\commons-collections4-4.4.jar;C:\Users\Rajpr\.m2\repository\org\apache\commons\commons-math3\3.6.1\commons-math3-3.6.1.jar;C:\Users\Rajpr\.m2\repository\com\zaxxer\SparseBitSet\1.3\SparseBitSet-1.3.jar;C:\Users\Rajpr\.m2\repository\org\apache\poi\poi-ooxml\5.2.5\poi-ooxml-5.2.5.jar;C:\Users\Rajpr\.m2\repository\org\apache\poi\poi-ooxml-lite\5.2.5\poi-ooxml-lite-5.2.5.jar;C:\Users\Rajpr\.m2\repository\org\apache\xmlbeans\xmlbeans\5.2.0\xmlbeans-5.2.0.jar;C:\Users\Rajpr\.m2\repository\org\apache\commons\commons-compress\1.25.0\commons-compress-1.25.0.jar;C:\Users\Rajpr\.m2\repository\com\github\virtuald\curvesapi\1.08\curvesapi-1.08.jar;C:\Users\Rajpr\.m2\repository\tech\grasshopper\extentreports-cucumber7-adapter\1.14.0\extentreports-cucumber7-adapter-1.14.0.jar;C:\Users\Rajpr\.m2\repository\com\aventstack\extentreports\5.1.0\extentreports-5.1.0.jar;C:\Users\Rajpr\.m2\repository\io\reactivex\rxjava3\rxjava\3.1.6\rxjava-3.1.6.jar;C:\Users\Rajpr\.m2\repository\org\reactivestreams\reactive-streams\1.0.4\reactive-streams-1.0.4.jar;C:\Users\Rajpr\.m2\repository\org\freemarker\freemarker\2.3.32\freemarker-2.3.32.jar;C:\Users\Rajpr\.m2\repository\org\projectlombok\lombok\1.18.26\lombok-1.18.26.jar;C:\Users\Rajpr\.m2\repository\com\google\code\gson\gson\2.10.1\gson-2.10.1.jar;C:\Users\Rajpr\.m2\repository\tech\grasshopper\extent-pdf-report\2.12.0\extent-pdf-report-2.12.0.jar;C:\Users\Rajpr\.m2\repository\tech\grasshopper\cucumber-pdf-report\2.14.0\cucumber-pdf-report-2.14.0.jar;C:\Users\Rajpr\.m2\repository\org\knowm\xchart\xchart\3.8.0\xchart-3.8.0.jar;C:\Users\Rajpr\.m2\repository\de\erichseifert\vectorgraphics2d\VectorGraphics2D\0.13\VectorGraphics2D-0.13.jar;C:\Users\Rajpr\.m2\repository\de\rototor\pdfbox\graphics2d\0.30\graphics2d-0.30.jar;C:\Users\Rajpr\.m2\repository\com\madgag\animated-gif-lib\1.4\animated-gif-lib-1.4.jar;C:\Users\Rajpr\.m2\repository\org\yaml\snakeyaml\2.0\snakeyaml-2.0.jar;C:\Users\Rajpr\.m2\repository\tech\grasshopper\table-layout\1.5.1\table-layout-1.5.1.jar;C:\Users\Rajpr\.m2\repository\tech\grasshopper\rest-assured-cucumber-pdf-report\1.5.0\rest-assured-cucumber-pdf-report-1.5.0.jar;C:\Users\Rajpr\.m2\repository\org\jsoup\jsoup\1.15.3\jsoup-1.15.3.jar;C:\Users\Rajpr\.m2\repository\com\aventstack\klov-reporter\5.1.0\klov-reporter-5.1.0.jar;C:\Users\Rajpr\.m2\repository\org\mongodb\mongodb-driver\3.6.4\mongodb-driver-3.6.4.jar;C:\Users\Rajpr\.m2\repository\org\mongodb\mongodb-driver-core\3.6.4\mongodb-driver-core-3.6.4.jar;C:\Users\Rajpr\.m2\repository\org\mongodb\bson\3.6.4\bson-3.6.4.jar;C:\Users\Rajpr\.m2\repository\org\apache\httpcomponents\httpclient\4.5.13\httpclient-4.5.13.jar;C:\Users\Rajpr\.m2\repository\org\apache\httpcomponents\httpcore\4.4.13\httpcore-4.4.13.jar;C:\Users\Rajpr\.m2\repository\org\apache\httpcomponents\httpmime\4.5.13\httpmime-4.5.13.jar;C:\Users\Rajpr\.m2\repository\tech\grasshopper\htmlextentreporter\1.1.0\htmlextentreporter-1.1.0.jar;C:\Users\Rajpr\.m2\repository\tech\grasshopper\extent-excel-report\1.4.0\extent-excel-report-1.4.0.jar;C:\Users\Rajpr\.m2\repository\net\masterthought\maven-cucumber-reporting\5.8.0\maven-cucumber-reporting-5.8.0.jar;C:\Users\Rajpr\.m2\repository\net\masterthought\cucumber-reporting\5.7.8\cucumber-reporting-5.7.8.jar;C:\Users\Rajpr\.m2\repository\com\fasterxml\jackson\datatype\jackson-datatype-jsr310\2.16.0\jackson-datatype-jsr310-2.16.0.jar;C:\Users\Rajpr\.m2\repository\org\apache\velocity\velocity-engine-core\2.3\velocity-engine-core-2.3.jar;C:\Users\Rajpr\.m2\repository\joda-time\joda-time\2.12.5\joda-time-2.12.5.jar;C:\Users\Rajpr\.m2\repository\org\codehaus\plexus\plexus-utils\3.5.1\plexus-utils-3.5.1.jar;C:\Users\Rajpr\.m2\repository\com\googlecode\owasp-java-html-sanitizer\owasp-java-html-sanitizer\20220608.1\owasp-java-html-sanitizer-20220608.1.jar;C:\Users\Rajpr\.m2\repository\commons-configuration\commons-configuration\1.10\commons-configuration-1.10.jar;C:\Users\Rajpr\.m2\repository\commons-lang\commons-lang\2.6\commons-lang-2.6.jar;C:\Users\Rajpr\.m2\repository\io\qameta\allure\allure-testng\2.25.0\allure-testng-2.25.0.jar;C:\Users\Rajpr\.m2\repository\io\qameta\allure\allure-java-commons\2.25.0\allure-java-commons-2.25.0.jar;C:\Users\Rajpr\.m2\repository\io\qameta\allure\allure-model\2.25.0\allure-model-2.25.0.jar;C:\Users\Rajpr\.m2\repository\io\qameta\allure\allure-test-filter\2.25.0\allure-test-filter-2.25.0.jar;C:\Users\Rajpr\.m2\repository\io\qameta\allure\allure-cucumber7-jvm\2.25.0\allure-cucumber7-jvm-2.25.0.jar;C:\Users\Rajpr\.m2\repository\io\cucumber\gherkin\26.2.0\gherkin-26.2.0.jar;C:\Users\Rajpr\.m2\repository\org\languagetool\languagetool-core\6.4\languagetool-core-6.4.jar;C:\Users\Rajpr\.m2\repository\com\carrotsearch\hppc\0.8.2\hppc-0.8.2.jar;C:\Users\Rajpr\.m2\repository\com\fasterxml\jackson\core\jackson-databind\2.16.1\jackson-databind-2.16.1.jar;C:\Users\Rajpr\.m2\repository\com\fasterxml\jackson\core\jackson-annotations\2.16.1\jackson-annotations-2.16.1.jar;C:\Users\Rajpr\.m2\repository\com\fasterxml\jackson\core\jackson-core\2.16.1\jackson-core-2.16.1.jar;C:\Users\Rajpr\.m2\repository\com\gitlab\dumonts\hunspell\2.1.2\hunspell-2.1.2.jar;C:\Users\Rajpr\.m2\repository\net\java\dev\jna\jna-platform\5.12.1\jna-platform-5.12.1.jar;C:\Users\Rajpr\.m2\repository\com\google\guava\guava\32.1.1-jre\guava-32.1.1-jre.jar;C:\Users\Rajpr\.m2\repository\com\google\guava\failureaccess\1.0.1\failureaccess-1.0.1.jar;C:\Users\Rajpr\.m2\repository\com\google\guava\listenablefuture\9999.0-empty-to-avoid-conflict-with-guava\listenablefuture-9999.0-empty-to-avoid-conflict-with-guava.jar;C:\Users\Rajpr\.m2\repository\com\google\code\findbugs\jsr305\3.0.2\jsr305-3.0.2.jar;C:\Users\Rajpr\.m2\repository\com\google\errorprone\error_prone_annotations\2.18.0\error_prone_annotations-2.18.0.jar;C:\Users\Rajpr\.m2\repository\com\google\j2objc\j2objc-annotations\2.8\j2objc-annotations-2.8.jar;C:\Users\Rajpr\.m2\repository\com\hankcs\aho-corasick-double-array-trie\1.2.2\aho-corasick-double-array-trie-1.2.2.jar;C:\Users\Rajpr\.m2\repository\com\optimaize\languagedetector\language-detector\0.6\language-detector-0.6.jar;C:\Users\Rajpr\.m2\repository\net\arnx\jsonic\1.2.11\jsonic-1.2.11.jar;C:\Users\Rajpr\.m2\repository\com\intellij\annotations\12.0\annotations-12.0.jar;C:\Users\Rajpr\.m2\repository\commons-logging\commons-logging\1.2\commons-logging-1.2.jar;C:\Users\Rajpr\.m2\repository\commons-validator\commons-validator\1.7\commons-validator-1.7.jar;C:\Users\Rajpr\.m2\repository\commons-digester\commons-digester\2.1\commons-digester-2.1.jar;C:\Users\Rajpr\.m2\repository\io\github\resilience4j\resilience4j-circuitbreaker\1.7.1\resilience4j-circuitbreaker-1.7.1.jar;C:\Users\Rajpr\.m2\repository\io\vavr\vavr\0.10.2\vavr-0.10.2.jar;C:\Users\Rajpr\.m2\repository\io\vavr\vavr-match\0.10.2\vavr-match-0.10.2.jar;C:\Users\Rajpr\.m2\repository\io\github\resilience4j\resilience4j-core\1.7.1\resilience4j-core-1.7.1.jar;C:\Users\Rajpr\.m2\repository\io\github\resilience4j\resilience4j-micrometer\1.7.1\resilience4j-micrometer-1.7.1.jar;C:\Users\Rajpr\.m2\repository\io\opentelemetry\opentelemetry-api\1.26.0\opentelemetry-api-1.26.0.jar;C:\Users\Rajpr\.m2\repository\io\opentelemetry\opentelemetry-semconv\1.26.0-alpha\opentelemetry-semconv-1.26.0-alpha.jar;C:\Users\Rajpr\.m2\repository\io\grpc\grpc-netty-shaded\1.61.1\grpc-netty-shaded-1.61.1.jar;C:\Users\Rajpr\.m2\repository\io\grpc\grpc-core\1.61.1\grpc-core-1.61.1.jar;C:\Users\Rajpr\.m2\repository\com\google\android\annotations\4.1.1.4\annotations-4.1.1.4.jar;C:\Users\Rajpr\.m2\repository\io\grpc\grpc-context\1.61.1\grpc-context-1.61.1.jar;C:\Users\Rajpr\.m2\repository\io\grpc\grpc-util\1.61.1\grpc-util-1.61.1.jar;C:\Users\Rajpr\.m2\repository\io\perfmark\perfmark-api\0.26.0\perfmark-api-0.26.0.jar;C:\Users\Rajpr\.m2\repository\io\grpc\grpc-api\1.61.1\grpc-api-1.61.1.jar;C:\Users\Rajpr\.m2\repository\io\grpc\grpc-protobuf\1.61.1\grpc-protobuf-1.61.1.jar;C:\Users\Rajpr\.m2\repository\com\google\protobuf\protobuf-java\3.25.1\protobuf-java-3.25.1.jar;C:\Users\Rajpr\.m2\repository\com\google\api\grpc\proto-google-common-protos\2.29.0\proto-google-common-protos-2.29.0.jar;C:\Users\Rajpr\.m2\repository\io\grpc\grpc-protobuf-lite\1.61.1\grpc-protobuf-lite-1.61.1.jar;C:\Users\Rajpr\.m2\repository\io\grpc\grpc-stub\1.61.1\grpc-stub-1.61.1.jar;C:\Users\Rajpr\.m2\repository\io\micrometer\micrometer-registry-prometheus\1.7.1\micrometer-registry-prometheus-1.7.1.jar;C:\Users\Rajpr\.m2\repository\io\micrometer\micrometer-core\1.7.1\micrometer-core-1.7.1.jar;C:\Users\Rajpr\.m2\repository\org\hdrhistogram\HdrHistogram\2.1.12\HdrHistogram-2.1.12.jar;C:\Users\Rajpr\.m2\repository\org\latencyutils\LatencyUtils\2.0.3\LatencyUtils-2.0.3.jar;C:\Users\Rajpr\.m2\repository\io\prometheus\simpleclient_common\0.10.0\simpleclient_common-0.10.0.jar;C:\Users\Rajpr\.m2\repository\io\prometheus\simpleclient\0.16.0\simpleclient-0.16.0.jar;C:\Users\Rajpr\.m2\repository\io\prometheus\simpleclient_tracer_otel\0.16.0\simpleclient_tracer_otel-0.16.0.jar;C:\Users\Rajpr\.m2\repository\io\prometheus\simpleclient_tracer_common\0.16.0\simpleclient_tracer_common-0.16.0.jar;C:\Users\Rajpr\.m2\repository\io\prometheus\simpleclient_tracer_otel_agent\0.16.0\simpleclient_tracer_otel_agent-0.16.0.jar;C:\Users\Rajpr\.m2\repository\io\prometheus\simpleclient_guava\0.16.0\simpleclient_guava-0.16.0.jar;C:\Users\Rajpr\.m2\repository\javax\activation\javax.activation-api\1.2.0\javax.activation-api-1.2.0.jar;C:\Users\Rajpr\.m2\repository\javax\annotation\javax.annotation-api\1.3.2\javax.annotation-api-1.3.2.jar;C:\Users\Rajpr\.m2\repository\javax\measure\unit-api\1.0\unit-api-1.0.jar;C:\Users\Rajpr\.m2\repository\javax\xml\bind\jaxb-api\2.3.0\jaxb-api-2.3.0.jar;C:\Users\Rajpr\.m2\repository\net\loomchild\segment\2.0.1\segment-2.0.1.jar;C:\Users\Rajpr\.m2\repository\org\apache\commons\commons-lang3\3.12.0\commons-lang3-3.12.0.jar;C:\Users\Rajpr\.m2\repository\org\apache\commons\commons-pool2\2.11.1\commons-pool2-2.11.1.jar;C:\Users\Rajpr\.m2\repository\org\apache\commons\commons-text\1.10.0\commons-text-1.10.0.jar;C:\Users\Rajpr\.m2\repository\org\apache\lucene\lucene-backward-codecs\5.5.5\lucene-backward-codecs-5.5.5.jar;C:\Users\Rajpr\.m2\repository\org\apache\lucene\lucene-core\5.5.5\lucene-core-5.5.5.jar;C:\Users\Rajpr\.m2\repository\org\carrot2\morfologik-fsa\2.1.9\morfologik-fsa-2.1.9.jar;C:\Users\Rajpr\.m2\repository\org\carrot2\morfologik-fsa-builders\2.1.9\morfologik-fsa-builders-2.1.9.jar;C:\Users\Rajpr\.m2\repository\org\carrot2\morfologik-speller\2.1.9\morfologik-speller-2.1.9.jar;C:\Users\Rajpr\.m2\repository\org\carrot2\morfologik-stemming\2.1.9\morfologik-stemming-2.1.9.jar;C:\Users\Rajpr\.m2\repository\org\glassfish\jaxb\jaxb-runtime\2.3.0\jaxb-runtime-2.3.0.jar;C:\Users\Rajpr\.m2\repository\org\glassfish\jaxb\jaxb-core\2.3.0\jaxb-core-2.3.0.jar;C:\Users\Rajpr\.m2\repository\org\glassfish\jaxb\txw2\2.3.0\txw2-2.3.0.jar;C:\Users\Rajpr\.m2\repository\com\sun\istack\istack-commons-runtime\3.0.5\istack-commons-runtime-3.0.5.jar;C:\Users\Rajpr\.m2\repository\org\jvnet\staxex\stax-ex\1.7.8\stax-ex-1.7.8.jar;C:\Users\Rajpr\.m2\repository\com\sun\xml\fastinfoset\FastInfoset\1.2.13\FastInfoset-1.2.13.jar;C:\Users\Rajpr\.m2\repository\org\jetbrains\annotations\20.1.0\annotations-20.1.0.jar;C:\Users\Rajpr\.m2\repository\it\unimi\dsi\fastutil-core\8.5.12\fastutil-core-8.5.12.jar;C:\Users\Rajpr\.m2\repository\org\json\json\20231013\json-20231013.jar;C:\Users\Rajpr\.m2\repository\tech\units\indriya\1.3\indriya-1.3.jar;C:\Users\Rajpr\.m2\repository\tech\uom\lib\uom-lib-common\1.1\uom-lib-common-1.1.jar;C:\Users\Rajpr\.m2\repository\edu\washington\cs\knowitall\openregex\1.1.1\openregex-1.1.1.jar;C:\Users\Rajpr\.m2\repository\io\github\java-diff-utils\java-diff-utils\4.12\java-diff-utils-4.12.jar;C:\Users\Rajpr\.m2\repository\org\languagetool\language-en\6.4\language-en-6.4.jar;C:\Users\Rajpr\.m2\repository\edu\washington\cs\knowitall\opennlp-chunk-models\1.5\opennlp-chunk-models-1.5.jar;C:\Users\Rajpr\.m2\repository\edu\washington\cs\knowitall\opennlp-postag-models\1.5\opennlp-postag-models-1.5.jar;C:\Users\Rajpr\.m2\repository\edu\washington\cs\knowitall\opennlp-tokenize-models\1.5\opennlp-tokenize-models-1.5.jar;C:\Users\Rajpr\.m2\repository\org\apache\opennlp\opennlp-tools\1.9.4\opennlp-tools-1.9.4.jar;C:\Users\Rajpr\.m2\repository\org\languagetool\english-pos-dict\0.3\english-pos-dict-0.3.jar;C:\Users\Rajpr\.m2\repository\net\sourceforge\tess4j\tess4j\5.11.0\tess4j-5.11.0.jar;C:\Users\Rajpr\.m2\repository\net\java\dev\jna\jna\5.14.0\jna-5.14.0.jar;C:\Users\Rajpr\.m2\repository\com\github\jai-imageio\jai-imageio-core\1.4.0\jai-imageio-core-1.4.0.jar;C:\Users\Rajpr\.m2\repository\org\apache\pdfbox\pdfbox\3.0.1\pdfbox-3.0.1.jar;C:\Users\Rajpr\.m2\repository\org\apache\pdfbox\pdfbox-io\3.0.1\pdfbox-io-3.0.1.jar;C:\Users\Rajpr\.m2\repository\org\apache\pdfbox\fontbox\3.0.1\fontbox-3.0.1.jar;C:\Users\Rajpr\.m2\repository\org\junit\jupiter\junit-jupiter\5.10.1\junit-jupiter-5.10.1.jar;C:\Users\Rajpr\.m2\repository\org\junit\jupiter\junit-jupiter-api\5.10.1\junit-jupiter-api-5.10.1.jar;C:\Users\Rajpr\.m2\repository\org\opentest4j\opentest4j\1.3.0\opentest4j-1.3.0.jar;C:\Users\Rajpr\.m2\repository\org\junit\platform\junit-platform-commons\1.10.1\junit-platform-commons-1.10.1.jar;C:\Users\Rajpr\.m2\repository\org\junit\jupiter\junit-jupiter-params\5.10.1\junit-jupiter-params-5.10.1.jar;C:\Users\Rajpr\.m2\repository\org\junit\jupiter\junit-jupiter-engine\5.10.1\junit-jupiter-engine-5.10.1.jar;C:\Users\Rajpr\.m2\repository\org\junit\platform\junit-platform-engine\1.10.1\junit-platform-engine-1.10.1.jar;C:\Users\Rajpr\.m2\repository\org\apache\pdfbox\pdfbox-tools\3.0.1\pdfbox-tools-3.0.1.jar;C:\Users\Rajpr\.m2\repository\org\apache\pdfbox\pdfbox-debugger\3.0.1\pdfbox-debugger-3.0.1.jar;C:\Users\Rajpr\.m2\repository\info\picocli\picocli\4.7.5\picocli-4.7.5.jar;C:\Users\Rajpr\.m2\repository\org\apache\pdfbox\jbig2-imageio\3.0.4\jbig2-imageio-3.0.4.jar;C:\Users\Rajpr\.m2\repository\net\sourceforge\lept4j\lept4j\1.19.1\lept4j-1.19.1.jar;C:\Users\Rajpr\.m2\repository\org\jboss\jboss-vfs\3.2.17.Final\jboss-vfs-3.2.17.Final.jar;C:\Users\Rajpr\.m2\repository\org\jboss\logging\jboss-logging\3.1.4.GA\jboss-logging-3.1.4.GA.jar
Launcher Type: SUN_STANDARD

[Global flags]
     intx CICompilerCount                          = 4                                         {product} {ergonomic}
     uint ConcGCThreads                            = 2                                         {product} {ergonomic}
     uint G1ConcRefinementThreads                  = 8                                         {product} {ergonomic}
   size_t G1HeapRegionSize                         = 1048576                                   {product} {ergonomic}
    uintx GCDrainStackTargetSize                   = 64                                        {product} {ergonomic}
   size_t InitialHeapSize                          = 132120576                                 {product} {ergonomic}
   size_t MarkStackSize                            = 4194304                                   {product} {ergonomic}
   size_t MaxHeapSize                              = 2105540608                                {product} {ergonomic}
   size_t MaxNewSize                               = 1262485504                                {product} {ergonomic}
   size_t MinHeapDeltaBytes                        = 1048576                                   {product} {ergonomic}
   size_t MinHeapSize                              = 8388608                                   {product} {ergonomic}
    uintx NonNMethodCodeHeapSize                   = 5839372                                {pd product} {ergonomic}
    uintx NonProfiledCodeHeapSize                  = 122909434                              {pd product} {ergonomic}
    uintx ProfiledCodeHeapSize                     = 122909434                              {pd product} {ergonomic}
    uintx ReservedCodeCacheSize                    = 251658240                              {pd product} {ergonomic}
     bool SegmentedCodeCache                       = true                                      {product} {ergonomic}
     bool ShowCodeDetailsInExceptionMessages       = true                                   {manageable} {command line}
   size_t SoftMaxHeapSize                          = 2105540608                             {manageable} {ergonomic}
     bool UseCompressedOops                        = true                           {product lp64_product} {ergonomic}
     bool UseG1GC                                  = true                                      {product} {ergonomic}
     bool UseLargePagesIndividualAllocation        = false                                  {pd product} {ergonomic}

Logging:
Log output configuration:
 #0: stdout all=warning uptime,level,tags foldmultilines=false
 #1: stderr all=off uptime,level,tags foldmultilines=false

Environment Variables:
JAVA_HOME=C:\Program Files\Java\jdk-21
PATH=C:/Program Files/Java/jdk-21/bin/server;C:/Program Files/Java/jdk-21/bin;C:\Program Files\nodejs;C:\Program Files\Git\cmd;c:\Program Files\Git\bin;C:\Program Files\Java\jdk-21\bin;C:\Users\Rajpr\scoop\shims;C:\Windows\System32;C:\Users\Rajpr\AppData\Local\Programs\Microsoft VS Code\bin;C:\Users\Rajpr\OneDrive\Desktop;
USERNAME=Rajpr
OS=Windows_NT
PROCESSOR_IDENTIFIER=Intel64 Family 6 Model 140 Stepping 1, GenuineIntel
TMP=C:\Users\Rajpr\AppData\Local\Temp
TEMP=C:\Users\Rajpr\AppData\Local\Temp




Periodic native trim disabled

---------------  S Y S T E M  ---------------

OS:
 Windows 11 , 64 bit Build 22621 (10.0.22621.3672)
OS uptime: 1 days 14:12 hours
Hyper-V role detected

CPU: total 8 (initial active 8) (4 cores per cpu, 2 threads per core) family 6 model 140 stepping 1 microcode 0xb6, cx8, cmov, fxsr, ht, mmx, 3dnowpref, sse, sse2, sse3, ssse3, sse4.1, sse4.2, popcnt, lzcnt, tsc, tscinvbit, avx, avx2, aes, erms, clmul, bmi1, bmi2, adx, avx512f, avx512dq, avx512cd, avx512bw, avx512vl, sha, fma, vzeroupper, avx512_vpopcntdq, avx512_vpclmulqdq, avx512_vaes, avx512_vnni, clflush, clflushopt, clwb, avx512_vbmi2, avx512_vbmi, hv, rdtscp, rdpid, fsrm, gfni, avx512_bitalg, f16c, cet_ibt, cet_ss, avx512_ifma
Processor Information for all 8 processors :
  Max Mhz: 2419, Current Mhz: 2419, Mhz Limit: 2419

Memory: 4k page, system-wide physical 8026M (104M free)
TotalPageFile size 23017M (AvailPageFile size 65M)
current process WorkingSet (physical memory assigned to process): 101M, peak: 178M
current process commit charge ("private bytes"): 234M, peak: 277M

vm_info: Java HotSpot(TM) 64-Bit Server VM (21.0.1+12-LTS-29) for windows-amd64 JRE (21.0.1+12-LTS-29), built on 2023-10-05T13:27:09Z by "mach5one" with MS VC++ 17.1 (VS2022)

END.
